{"/Users/sekhmet/Documents/Tetris/red-tetris/server/src/models/Game.js": {"path":"/Users/sekhmet/Documents/Tetris/red-tetris/server/src/models/Game.js","statementMap":{"0":{"start":{"line":7,"column":4},"end":{"line":9,"column":5}},"1":{"start":{"line":8,"column":8},"end":{"line":8,"column":72}},"2":{"start":{"line":11,"column":17},"end":{"line":11,"column":30}},"3":{"start":{"line":12,"column":20},"end":{"line":12,"column":22}},"4":{"start":{"line":13,"column":26},"end":{"line":13,"column":28}},"5":{"start":{"line":14,"column":20},"end":{"line":14,"column":25}},"6":{"start":{"line":15,"column":19},"end":{"line":15,"column":23}},"7":{"start":{"line":18,"column":8},"end":{"line":18,"column":66}},"8":{"start":{"line":22,"column":8},"end":{"line":25,"column":9}},"9":{"start":{"line":23,"column":12},"end":{"line":23,"column":53}},"10":{"start":{"line":24,"column":12},"end":{"line":24,"column":24}},"11":{"start":{"line":26,"column":8},"end":{"line":29,"column":9}},"12":{"start":{"line":26,"column":47},"end":{"line":26,"column":62}},"13":{"start":{"line":27,"column":12},"end":{"line":27,"column":74}},"14":{"start":{"line":28,"column":12},"end":{"line":28,"column":24}},"15":{"start":{"line":30,"column":23},"end":{"line":30,"column":59}},"16":{"start":{"line":31,"column":8},"end":{"line":31,"column":36}},"17":{"start":{"line":34,"column":8},"end":{"line":40,"column":9}},"18":{"start":{"line":35,"column":12},"end":{"line":35,"column":33}},"19":{"start":{"line":36,"column":8},"end":{"line":38,"column":9}},"20":{"start":{"line":37,"column":12},"end":{"line":37,"column":47}},"21":{"start":{"line":39,"column":8},"end":{"line":39,"column":59}},"22":{"start":{"line":42,"column":8},"end":{"line":42,"column":22}},"23":{"start":{"line":47,"column":8},"end":{"line":47,"column":33}},"24":{"start":{"line":48,"column":8},"end":{"line":58,"column":9}},"25":{"start":{"line":49,"column":37},"end":{"line":49,"column":57}},"26":{"start":{"line":50,"column":12},"end":{"line":50,"column":80}},"27":{"start":{"line":51,"column":12},"end":{"line":57,"column":13}},"28":{"start":{"line":52,"column":16},"end":{"line":52,"column":62}},"29":{"start":{"line":53,"column":16},"end":{"line":53,"column":78}},"30":{"start":{"line":55,"column":16},"end":{"line":55,"column":75}},"31":{"start":{"line":56,"column":16},"end":{"line":56,"column":34}},"32":{"start":{"line":59,"column":8},"end":{"line":59,"column":59}},"33":{"start":{"line":59,"column":47},"end":{"line":59,"column":59}},"34":{"start":{"line":63,"column":8},"end":{"line":69,"column":16}},"35":{"start":{"line":64,"column":34},"end":{"line":64,"column":72}},"36":{"start":{"line":65,"column":32},"end":{"line":69,"column":13}},"37":{"start":{"line":73,"column":8},"end":{"line":75,"column":10}},"38":{"start":{"line":74,"column":12},"end":{"line":74,"column":51}},"39":{"start":{"line":79,"column":8},"end":{"line":82,"column":9}},"40":{"start":{"line":80,"column":12},"end":{"line":80,"column":55}},"41":{"start":{"line":81,"column":12},"end":{"line":81,"column":25}},"42":{"start":{"line":84,"column":8},"end":{"line":87,"column":9}},"43":{"start":{"line":85,"column":12},"end":{"line":85,"column":64}},"44":{"start":{"line":86,"column":12},"end":{"line":86,"column":25}},"45":{"start":{"line":89,"column":8},"end":{"line":89,"column":49}},"46":{"start":{"line":90,"column":8},"end":{"line":90,"column":25}},"47":{"start":{"line":93,"column":33},"end":{"line":93,"column":56}},"48":{"start":{"line":94,"column":8},"end":{"line":94,"column":33}},"49":{"start":{"line":95,"column":8},"end":{"line":95,"column":48}},"50":{"start":{"line":97,"column":8},"end":{"line":97,"column":67}},"51":{"start":{"line":100,"column":8},"end":{"line":103,"column":11}},"52":{"start":{"line":102,"column":58},"end":{"line":102,"column":75}},"53":{"start":{"line":105,"column":8},"end":{"line":105,"column":50}},"54":{"start":{"line":106,"column":8},"end":{"line":106,"column":20}},"55":{"start":{"line":110,"column":30},"end":{"line":112,"column":9}},"56":{"start":{"line":111,"column":24},"end":{"line":111,"column":42}},"57":{"start":{"line":114,"column":8},"end":{"line":116,"column":9}},"58":{"start":{"line":115,"column":12},"end":{"line":115,"column":36}},"59":{"start":{"line":118,"column":8},"end":{"line":120,"column":9}},"60":{"start":{"line":119,"column":12},"end":{"line":119,"column":24}},"61":{"start":{"line":123,"column":8},"end":{"line":123,"column":25}},"62":{"start":{"line":127,"column":8},"end":{"line":127,"column":26}},"63":{"start":{"line":128,"column":8},"end":{"line":128,"column":33}},"64":{"start":{"line":129,"column":8},"end":{"line":134,"column":11}},"65":{"start":{"line":130,"column":12},"end":{"line":133,"column":13}},"66":{"start":{"line":131,"column":16},"end":{"line":131,"column":39}},"67":{"start":{"line":132,"column":16},"end":{"line":132,"column":31}},"68":{"start":{"line":135,"column":8},"end":{"line":135,"column":61}},"69":{"start":{"line":136,"column":8},"end":{"line":136,"column":42}},"70":{"start":{"line":140,"column":8},"end":{"line":140,"column":108}},"71":{"start":{"line":142,"column":23},"end":{"line":142,"column":91}},"72":{"start":{"line":142,"column":61},"end":{"line":142,"column":90}},"73":{"start":{"line":144,"column":8},"end":{"line":152,"column":9}},"74":{"start":{"line":145,"column":12},"end":{"line":145,"column":88}},"75":{"start":{"line":146,"column":12},"end":{"line":150,"column":17}},"76":{"start":{"line":146,"column":101},"end":{"line":150,"column":13}},"77":{"start":{"line":151,"column":12},"end":{"line":151,"column":19}},"78":{"start":{"line":154,"column":8},"end":{"line":154,"column":64}},"79":{"start":{"line":155,"column":8},"end":{"line":155,"column":117}},"80":{"start":{"line":156,"column":8},"end":{"line":156,"column":64}},"81":{"start":{"line":159,"column":8},"end":{"line":159,"column":34}},"82":{"start":{"line":162,"column":29},"end":{"line":162,"column":47}},"83":{"start":{"line":163,"column":8},"end":{"line":163,"column":72}},"84":{"start":{"line":166,"column":8},"end":{"line":180,"column":11}},"85":{"start":{"line":167,"column":12},"end":{"line":179,"column":13}},"86":{"start":{"line":168,"column":16},"end":{"line":168,"column":109}},"87":{"start":{"line":171,"column":16},"end":{"line":175,"column":19}},"88":{"start":{"line":178,"column":16},"end":{"line":178,"column":57}},"89":{"start":{"line":185,"column":8},"end":{"line":187,"column":10}},"90":{"start":{"line":186,"column":24},"end":{"line":186,"column":53}},"91":{"start":{"line":191,"column":23},"end":{"line":191,"column":40}},"92":{"start":{"line":192,"column":8},"end":{"line":195,"column":9}},"93":{"start":{"line":193,"column":12},"end":{"line":193,"column":75}},"94":{"start":{"line":194,"column":12},"end":{"line":194,"column":19}},"95":{"start":{"line":198,"column":8},"end":{"line":198,"column":33}},"96":{"start":{"line":199,"column":8},"end":{"line":199,"column":31}},"97":{"start":{"line":202,"column":30},"end":{"line":202,"column":81}},"98":{"start":{"line":202,"column":67},"end":{"line":202,"column":80}},"99":{"start":{"line":204,"column":8},"end":{"line":223,"column":9}},"100":{"start":{"line":206,"column":27},"end":{"line":206,"column":43}},"101":{"start":{"line":207,"column":12},"end":{"line":207,"column":75}},"102":{"start":{"line":208,"column":12},"end":{"line":211,"column":15}},"103":{"start":{"line":212,"column":12},"end":{"line":212,"column":24}},"104":{"start":{"line":213,"column":15},"end":{"line":223,"column":9}},"105":{"start":{"line":215,"column":12},"end":{"line":215,"column":80}},"106":{"start":{"line":216,"column":12},"end":{"line":218,"column":15}},"107":{"start":{"line":219,"column":12},"end":{"line":219,"column":24}},"108":{"start":{"line":222,"column":12},"end":{"line":222,"column":95}},"109":{"start":{"line":227,"column":30},"end":{"line":229,"column":9}},"110":{"start":{"line":228,"column":24},"end":{"line":228,"column":42}},"111":{"start":{"line":230,"column":8},"end":{"line":230,"column":42}},"112":{"start":{"line":234,"column":30},"end":{"line":236,"column":9}},"113":{"start":{"line":235,"column":24},"end":{"line":235,"column":42}},"114":{"start":{"line":237,"column":8},"end":{"line":239,"column":9}},"115":{"start":{"line":238,"column":12},"end":{"line":238,"column":39}},"116":{"start":{"line":240,"column":8},"end":{"line":240,"column":20}},"117":{"start":{"line":243,"column":4},"end":{"line":261,"column":6}}},"fnMap":{"0":{"name":"createGame","decl":{"start":{"line":5,"column":9},"end":{"line":5,"column":19}},"loc":{"start":{"line":5,"column":34},"end":{"line":262,"column":1}},"line":5},"1":{"name":"isValidName","decl":{"start":{"line":17,"column":13},"end":{"line":17,"column":24}},"loc":{"start":{"line":17,"column":31},"end":{"line":19,"column":5}},"line":17},"2":{"name":"addPlayer","decl":{"start":{"line":21,"column":13},"end":{"line":21,"column":22}},"loc":{"start":{"line":21,"column":45},"end":{"line":43,"column":5}},"line":21},"3":{"name":"(anonymous_3)","decl":{"start":{"line":26,"column":40},"end":{"line":26,"column":41}},"loc":{"start":{"line":26,"column":47},"end":{"line":26,"column":62}},"line":26},"4":{"name":"removePlayer","decl":{"start":{"line":46,"column":13},"end":{"line":46,"column":25}},"loc":{"start":{"line":46,"column":36},"end":{"line":60,"column":5}},"line":46},"5":{"name":"getActiveRooms","decl":{"start":{"line":62,"column":13},"end":{"line":62,"column":27}},"loc":{"start":{"line":62,"column":30},"end":{"line":70,"column":5}},"line":62},"6":{"name":"(anonymous_6)","decl":{"start":{"line":64,"column":20},"end":{"line":64,"column":21}},"loc":{"start":{"line":64,"column":34},"end":{"line":64,"column":72}},"line":64},"7":{"name":"(anonymous_7)","decl":{"start":{"line":65,"column":17},"end":{"line":65,"column":18}},"loc":{"start":{"line":65,"column":32},"end":{"line":69,"column":13}},"line":65},"8":{"name":"distributePieces","decl":{"start":{"line":72,"column":13},"end":{"line":72,"column":29}},"loc":{"start":{"line":72,"column":32},"end":{"line":76,"column":5}},"line":72},"9":{"name":"(anonymous_9)","decl":{"start":{"line":73,"column":39},"end":{"line":73,"column":40}},"loc":{"start":{"line":74,"column":12},"end":{"line":74,"column":51}},"line":74},"10":{"name":"startGameMulti","decl":{"start":{"line":78,"column":13},"end":{"line":78,"column":27}},"loc":{"start":{"line":78,"column":30},"end":{"line":107,"column":5}},"line":78},"11":{"name":"(anonymous_11)","decl":{"start":{"line":102,"column":52},"end":{"line":102,"column":53}},"loc":{"start":{"line":102,"column":58},"end":{"line":102,"column":75}},"line":102},"12":{"name":"getWinner","decl":{"start":{"line":109,"column":13},"end":{"line":109,"column":22}},"loc":{"start":{"line":109,"column":25},"end":{"line":124,"column":5}},"line":109},"13":{"name":"(anonymous_13)","decl":{"start":{"line":111,"column":12},"end":{"line":111,"column":13}},"loc":{"start":{"line":111,"column":24},"end":{"line":111,"column":42}},"line":111},"14":{"name":"resetGame","decl":{"start":{"line":126,"column":13},"end":{"line":126,"column":22}},"loc":{"start":{"line":126,"column":25},"end":{"line":137,"column":5}},"line":126},"15":{"name":"(anonymous_15)","decl":{"start":{"line":129,"column":39},"end":{"line":129,"column":40}},"loc":{"start":{"line":129,"column":51},"end":{"line":134,"column":9}},"line":129},"16":{"name":"handleLineCompletion","decl":{"start":{"line":139,"column":13},"end":{"line":139,"column":33}},"loc":{"start":{"line":139,"column":51},"end":{"line":181,"column":5}},"line":139},"17":{"name":"(anonymous_17)","decl":{"start":{"line":142,"column":51},"end":{"line":142,"column":52}},"loc":{"start":{"line":142,"column":61},"end":{"line":142,"column":90}},"line":142},"18":{"name":"(anonymous_18)","decl":{"start":{"line":146,"column":95},"end":{"line":146,"column":96}},"loc":{"start":{"line":146,"column":101},"end":{"line":150,"column":13}},"line":146},"19":{"name":"(anonymous_19)","decl":{"start":{"line":166,"column":39},"end":{"line":166,"column":40}},"loc":{"start":{"line":166,"column":49},"end":{"line":180,"column":9}},"line":166},"20":{"name":"getPlayerBySocketId","decl":{"start":{"line":184,"column":13},"end":{"line":184,"column":32}},"loc":{"start":{"line":184,"column":43},"end":{"line":188,"column":5}},"line":184},"21":{"name":"(anonymous_21)","decl":{"start":{"line":186,"column":12},"end":{"line":186,"column":13}},"loc":{"start":{"line":186,"column":24},"end":{"line":186,"column":53}},"line":186},"22":{"name":"handlePlayerGameOver","decl":{"start":{"line":190,"column":13},"end":{"line":190,"column":33}},"loc":{"start":{"line":190,"column":44},"end":{"line":224,"column":5}},"line":190},"23":{"name":"(anonymous_23)","decl":{"start":{"line":202,"column":60},"end":{"line":202,"column":61}},"loc":{"start":{"line":202,"column":67},"end":{"line":202,"column":80}},"line":202},"24":{"name":"isGameOver","decl":{"start":{"line":226,"column":13},"end":{"line":226,"column":23}},"loc":{"start":{"line":226,"column":26},"end":{"line":231,"column":5}},"line":226},"25":{"name":"(anonymous_25)","decl":{"start":{"line":228,"column":12},"end":{"line":228,"column":13}},"loc":{"start":{"line":228,"column":24},"end":{"line":228,"column":42}},"line":228},"26":{"name":"checkGameOver","decl":{"start":{"line":233,"column":13},"end":{"line":233,"column":26}},"loc":{"start":{"line":233,"column":29},"end":{"line":241,"column":5}},"line":233},"27":{"name":"(anonymous_27)","decl":{"start":{"line":235,"column":12},"end":{"line":235,"column":13}},"loc":{"start":{"line":235,"column":24},"end":{"line":235,"column":42}},"line":235}},"branchMap":{"0":{"loc":{"start":{"line":7,"column":4},"end":{"line":9,"column":5}},"type":"if","locations":[{"start":{"line":7,"column":4},"end":{"line":9,"column":5}},{"start":{},"end":{}}],"line":7},"1":{"loc":{"start":{"line":18,"column":15},"end":{"line":18,"column":65}},"type":"binary-expr","locations":[{"start":{"line":18,"column":15},"end":{"line":18,"column":39}},{"start":{"line":18,"column":43},"end":{"line":18,"column":65}}],"line":18},"2":{"loc":{"start":{"line":22,"column":8},"end":{"line":25,"column":9}},"type":"if","locations":[{"start":{"line":22,"column":8},"end":{"line":25,"column":9}},{"start":{},"end":{}}],"line":22},"3":{"loc":{"start":{"line":26,"column":8},"end":{"line":29,"column":9}},"type":"if","locations":[{"start":{"line":26,"column":8},"end":{"line":29,"column":9}},{"start":{},"end":{}}],"line":26},"4":{"loc":{"start":{"line":34,"column":8},"end":{"line":40,"column":9}},"type":"if","locations":[{"start":{"line":34,"column":8},"end":{"line":40,"column":9}},{"start":{},"end":{}}],"line":34},"5":{"loc":{"start":{"line":36,"column":8},"end":{"line":38,"column":9}},"type":"if","locations":[{"start":{"line":36,"column":8},"end":{"line":38,"column":9}},{"start":{},"end":{}}],"line":36},"6":{"loc":{"start":{"line":36,"column":12},"end":{"line":36,"column":69}},"type":"binary-expr","locations":[{"start":{"line":36,"column":12},"end":{"line":36,"column":25}},{"start":{"line":36,"column":29},"end":{"line":36,"column":69}}],"line":36},"7":{"loc":{"start":{"line":48,"column":8},"end":{"line":58,"column":9}},"type":"if","locations":[{"start":{"line":48,"column":8},"end":{"line":58,"column":9}},{"start":{},"end":{}}],"line":48},"8":{"loc":{"start":{"line":50,"column":23},"end":{"line":50,"column":79}},"type":"cond-expr","locations":[{"start":{"line":50,"column":53},"end":{"line":50,"column":72}},{"start":{"line":50,"column":75},"end":{"line":50,"column":79}}],"line":50},"9":{"loc":{"start":{"line":51,"column":12},"end":{"line":57,"column":13}},"type":"if","locations":[{"start":{"line":51,"column":12},"end":{"line":57,"column":13}},{"start":{"line":54,"column":19},"end":{"line":57,"column":13}}],"line":51},"10":{"loc":{"start":{"line":59,"column":8},"end":{"line":59,"column":59}},"type":"if","locations":[{"start":{"line":59,"column":8},"end":{"line":59,"column":59}},{"start":{},"end":{}}],"line":59},"11":{"loc":{"start":{"line":79,"column":8},"end":{"line":82,"column":9}},"type":"if","locations":[{"start":{"line":79,"column":8},"end":{"line":82,"column":9}},{"start":{},"end":{}}],"line":79},"12":{"loc":{"start":{"line":84,"column":8},"end":{"line":87,"column":9}},"type":"if","locations":[{"start":{"line":84,"column":8},"end":{"line":87,"column":9}},{"start":{},"end":{}}],"line":84},"13":{"loc":{"start":{"line":114,"column":8},"end":{"line":116,"column":9}},"type":"if","locations":[{"start":{"line":114,"column":8},"end":{"line":116,"column":9}},{"start":{},"end":{}}],"line":114},"14":{"loc":{"start":{"line":118,"column":8},"end":{"line":120,"column":9}},"type":"if","locations":[{"start":{"line":118,"column":8},"end":{"line":120,"column":9}},{"start":{},"end":{}}],"line":118},"15":{"loc":{"start":{"line":130,"column":12},"end":{"line":133,"column":13}},"type":"if","locations":[{"start":{"line":130,"column":12},"end":{"line":133,"column":13}},{"start":{},"end":{}}],"line":130},"16":{"loc":{"start":{"line":144,"column":8},"end":{"line":152,"column":9}},"type":"if","locations":[{"start":{"line":144,"column":8},"end":{"line":152,"column":9}},{"start":{},"end":{}}],"line":144},"17":{"loc":{"start":{"line":167,"column":12},"end":{"line":179,"column":13}},"type":"if","locations":[{"start":{"line":167,"column":12},"end":{"line":179,"column":13}},{"start":{},"end":{}}],"line":167},"18":{"loc":{"start":{"line":192,"column":8},"end":{"line":195,"column":9}},"type":"if","locations":[{"start":{"line":192,"column":8},"end":{"line":195,"column":9}},{"start":{},"end":{}}],"line":192},"19":{"loc":{"start":{"line":204,"column":8},"end":{"line":223,"column":9}},"type":"if","locations":[{"start":{"line":204,"column":8},"end":{"line":223,"column":9}},{"start":{"line":213,"column":15},"end":{"line":223,"column":9}}],"line":204},"20":{"loc":{"start":{"line":213,"column":15},"end":{"line":223,"column":9}},"type":"if","locations":[{"start":{"line":213,"column":15},"end":{"line":223,"column":9}},{"start":{"line":220,"column":15},"end":{"line":223,"column":9}}],"line":213},"21":{"loc":{"start":{"line":237,"column":8},"end":{"line":239,"column":9}},"type":"if","locations":[{"start":{"line":237,"column":8},"end":{"line":239,"column":9}},{"start":{},"end":{}}],"line":237}},"s":{"0":25,"1":0,"2":25,"3":25,"4":25,"5":25,"6":25,"7":42,"8":42,"9":2,"10":2,"11":40,"12":21,"13":1,"14":1,"15":39,"16":39,"17":39,"18":21,"19":21,"20":20,"21":21,"22":39,"23":3,"24":3,"25":2,"26":2,"27":2,"28":0,"29":0,"30":2,"31":2,"32":3,"33":2,"34":0,"35":0,"36":0,"37":0,"38":0,"39":3,"40":0,"41":0,"42":3,"43":1,"44":1,"45":2,"46":2,"47":2,"48":2,"49":2,"50":2,"51":2,"52":40,"53":2,"54":2,"55":0,"56":0,"57":0,"58":0,"59":0,"60":0,"61":0,"62":2,"63":2,"64":2,"65":0,"66":0,"67":0,"68":2,"69":2,"70":1,"71":1,"72":2,"73":1,"74":1,"75":1,"76":2,"77":1,"78":0,"79":0,"80":0,"81":0,"82":0,"83":0,"84":0,"85":0,"86":0,"87":0,"88":0,"89":3,"90":5,"91":4,"92":4,"93":4,"94":4,"95":0,"96":0,"97":0,"98":0,"99":0,"100":0,"101":0,"102":0,"103":0,"104":0,"105":0,"106":0,"107":0,"108":0,"109":2,"110":4,"111":2,"112":2,"113":4,"114":2,"115":1,"116":1,"117":25},"f":{"0":25,"1":42,"2":42,"3":21,"4":3,"5":0,"6":0,"7":0,"8":0,"9":0,"10":3,"11":40,"12":0,"13":0,"14":2,"15":0,"16":1,"17":2,"18":2,"19":0,"20":3,"21":5,"22":4,"23":0,"24":2,"25":4,"26":2,"27":4},"b":{"0":[0,25],"1":[42,42],"2":[2,40],"3":[1,39],"4":[21,18],"5":[20,1],"6":[21,20],"7":[2,1],"8":[0,2],"9":[0,2],"10":[2,1],"11":[0,3],"12":[1,2],"13":[0,0],"14":[0,0],"15":[0,0],"16":[1,0],"17":[0,0],"18":[4,0],"19":[0,0],"20":[0,0],"21":[1,1]},"_coverageSchema":"1a1c01bbd47fc00a2c39e90264f33305004495a9","hash":"e879a1fd495565bf5f46eaa327f775c0cd9dd48d"}
,"/Users/sekhmet/Documents/Tetris/red-tetris/server/src/models/Piece.js": {"path":"/Users/sekhmet/Documents/Tetris/red-tetris/server/src/models/Piece.js","statementMap":{"0":{"start":{"line":3,"column":15},"end":{"line":147,"column":1}},"1":{"start":{"line":150,"column":2},"end":{"line":152,"column":3}},"2":{"start":{"line":151,"column":4},"end":{"line":151,"column":66}},"3":{"start":{"line":153,"column":2},"end":{"line":157,"column":4}},"4":{"start":{"line":154,"column":4},"end":{"line":156,"column":5}},"5":{"start":{"line":155,"column":6},"end":{"line":155,"column":70}},"6":{"start":{"line":155,"column":27},"end":{"line":155,"column":69}},"7":{"start":{"line":161,"column":2},"end":{"line":163,"column":3}},"8":{"start":{"line":162,"column":4},"end":{"line":162,"column":46}},"9":{"start":{"line":164,"column":24},"end":{"line":164,"column":25}},"10":{"start":{"line":167,"column":4},"end":{"line":167,"column":68}},"11":{"start":{"line":171,"column":4},"end":{"line":171,"column":43}},"12":{"start":{"line":175,"column":6},"end":{"line":175,"column":76}},"13":{"start":{"line":179,"column":2},"end":{"line":185,"column":4}},"14":{"start":{"line":189,"column":2},"end":{"line":192,"column":3}},"15":{"start":{"line":189,"column":15},"end":{"line":189,"column":31}},"16":{"start":{"line":190,"column":14},"end":{"line":190,"column":49}},"17":{"start":{"line":191,"column":4},"end":{"line":191,"column":48}},"18":{"start":{"line":193,"column":2},"end":{"line":193,"column":15}},"19":{"start":{"line":197,"column":2},"end":{"line":199,"column":3}},"20":{"start":{"line":198,"column":4},"end":{"line":198,"column":57}},"21":{"start":{"line":200,"column":19},"end":{"line":200,"column":21}},"22":{"start":{"line":201,"column":2},"end":{"line":203,"column":3}},"23":{"start":{"line":202,"column":4},"end":{"line":202,"column":87}},"24":{"start":{"line":202,"column":82},"end":{"line":202,"column":83}},"25":{"start":{"line":204,"column":2},"end":{"line":204,"column":35}},"26":{"start":{"line":208,"column":22},"end":{"line":208,"column":63}},"27":{"start":{"line":209,"column":24},"end":{"line":209,"column":43}},"28":{"start":{"line":210,"column":2},"end":{"line":210,"column":72}}},"fnMap":{"0":{"name":"validateShapes","decl":{"start":{"line":149,"column":9},"end":{"line":149,"column":23}},"loc":{"start":{"line":149,"column":32},"end":{"line":158,"column":1}},"line":149},"1":{"name":"(anonymous_1)","decl":{"start":{"line":153,"column":22},"end":{"line":153,"column":23}},"loc":{"start":{"line":154,"column":4},"end":{"line":156,"column":5}},"line":154},"2":{"name":"(anonymous_2)","decl":{"start":{"line":154,"column":25},"end":{"line":154,"column":26}},"loc":{"start":{"line":155,"column":6},"end":{"line":155,"column":70}},"line":155},"3":{"name":"(anonymous_3)","decl":{"start":{"line":155,"column":18},"end":{"line":155,"column":19}},"loc":{"start":{"line":155,"column":27},"end":{"line":155,"column":69}},"line":155},"4":{"name":"createPiece","decl":{"start":{"line":160,"column":9},"end":{"line":160,"column":20}},"loc":{"start":{"line":160,"column":44},"end":{"line":186,"column":1}},"line":160},"5":{"name":"rotate","decl":{"start":{"line":166,"column":11},"end":{"line":166,"column":17}},"loc":{"start":{"line":166,"column":20},"end":{"line":168,"column":3}},"line":166},"6":{"name":"getCurrentShape","decl":{"start":{"line":170,"column":11},"end":{"line":170,"column":26}},"loc":{"start":{"line":170,"column":29},"end":{"line":172,"column":3}},"line":170},"7":{"name":"clone","decl":{"start":{"line":174,"column":11},"end":{"line":174,"column":16}},"loc":{"start":{"line":174,"column":19},"end":{"line":176,"column":3}},"line":174},"8":{"name":"shuffleArray","decl":{"start":{"line":188,"column":9},"end":{"line":188,"column":21}},"loc":{"start":{"line":188,"column":29},"end":{"line":194,"column":1}},"line":188},"9":{"name":"generatePieceSequence","decl":{"start":{"line":196,"column":9},"end":{"line":196,"column":30}},"loc":{"start":{"line":196,"column":45},"end":{"line":205,"column":1}},"line":196},"10":{"name":"(anonymous_10)","decl":{"start":{"line":202,"column":72},"end":{"line":202,"column":73}},"loc":{"start":{"line":202,"column":82},"end":{"line":202,"column":83}},"line":202},"11":{"name":"generatePiece","decl":{"start":{"line":207,"column":9},"end":{"line":207,"column":22}},"loc":{"start":{"line":207,"column":25},"end":{"line":211,"column":1}},"line":207}},"branchMap":{"0":{"loc":{"start":{"line":150,"column":2},"end":{"line":152,"column":3}},"type":"if","locations":[{"start":{"line":150,"column":2},"end":{"line":152,"column":3}},{"start":{},"end":{}}],"line":150},"1":{"loc":{"start":{"line":161,"column":2},"end":{"line":163,"column":3}},"type":"if","locations":[{"start":{"line":161,"column":2},"end":{"line":163,"column":3}},{"start":{},"end":{}}],"line":161},"2":{"loc":{"start":{"line":196,"column":31},"end":{"line":196,"column":43}},"type":"default-arg","locations":[{"start":{"line":196,"column":40},"end":{"line":196,"column":43}}],"line":196},"3":{"loc":{"start":{"line":197,"column":2},"end":{"line":199,"column":3}},"type":"if","locations":[{"start":{"line":197,"column":2},"end":{"line":199,"column":3}},{"start":{},"end":{}}],"line":197}},"s":{"0":3,"1":14,"2":4,"3":10,"4":10,"5":35,"6":125,"7":9,"8":1,"9":8,"10":6,"11":7,"12":2,"13":8,"14":2567,"15":2567,"16":13402,"17":13402,"18":2567,"19":26,"20":2,"21":24,"22":24,"23":1567,"24":10969,"25":24,"26":2,"27":2,"28":2},"f":{"0":14,"1":10,"2":35,"3":125,"4":9,"5":6,"6":7,"7":2,"8":2567,"9":26,"10":10969,"11":2},"b":{"0":[4,10],"1":[1,8],"2":[2],"3":[2,24]},"_coverageSchema":"1a1c01bbd47fc00a2c39e90264f33305004495a9","hash":"a1a7b20bfcd14d8f8a2ff95064faed66a51427da"}
,"/Users/sekhmet/Documents/Tetris/red-tetris/server/src/models/Player.js": {"path":"/Users/sekhmet/Documents/Tetris/red-tetris/server/src/models/Player.js","statementMap":{"0":{"start":{"line":4,"column":15},"end":{"line":4,"column":23}},"1":{"start":{"line":5,"column":16},"end":{"line":5,"column":17}},"2":{"start":{"line":6,"column":20},"end":{"line":6,"column":71}},"3":{"start":{"line":6,"column":53},"end":{"line":6,"column":70}},"4":{"start":{"line":8,"column":4},"end":{"line":8,"column":84}},"5":{"start":{"line":11,"column":8},"end":{"line":11,"column":87}},"6":{"start":{"line":12,"column":8},"end":{"line":12,"column":44}},"7":{"start":{"line":12,"column":31},"end":{"line":12,"column":42}},"8":{"start":{"line":16,"column":8},"end":{"line":16,"column":110}},"9":{"start":{"line":17,"column":32},"end":{"line":17,"column":55}},"10":{"start":{"line":18,"column":8},"end":{"line":18,"column":40}},"11":{"start":{"line":19,"column":8},"end":{"line":19,"column":71}},"12":{"start":{"line":20,"column":8},"end":{"line":20,"column":43}},"13":{"start":{"line":24,"column":8},"end":{"line":24,"column":85}},"14":{"start":{"line":25,"column":8},"end":{"line":28,"column":9}},"15":{"start":{"line":26,"column":12},"end":{"line":26,"column":75}},"16":{"start":{"line":27,"column":12},"end":{"line":27,"column":25}},"17":{"start":{"line":29,"column":8},"end":{"line":29,"column":47}},"18":{"start":{"line":30,"column":8},"end":{"line":30,"column":20}},"19":{"start":{"line":34,"column":8},"end":{"line":34,"column":69}},"20":{"start":{"line":36,"column":8},"end":{"line":39,"column":9}},"21":{"start":{"line":37,"column":12},"end":{"line":37,"column":65}},"22":{"start":{"line":38,"column":12},"end":{"line":38,"column":19}},"23":{"start":{"line":42,"column":27},"end":{"line":42,"column":39}},"24":{"start":{"line":45,"column":8},"end":{"line":45,"column":39}},"25":{"start":{"line":48,"column":8},"end":{"line":50,"column":9}},"26":{"start":{"line":48,"column":21},"end":{"line":48,"column":22}},"27":{"start":{"line":49,"column":12},"end":{"line":49,"column":48}},"28":{"start":{"line":53,"column":8},"end":{"line":53,"column":27}},"29":{"start":{"line":54,"column":8},"end":{"line":54,"column":36}},"30":{"start":{"line":57,"column":8},"end":{"line":60,"column":11}},"31":{"start":{"line":62,"column":8},"end":{"line":62,"column":23}},"32":{"start":{"line":66,"column":8},"end":{"line":66,"column":89}},"33":{"start":{"line":67,"column":8},"end":{"line":67,"column":32}},"34":{"start":{"line":70,"column":4},"end":{"line":82,"column":6}}},"fnMap":{"0":{"name":"createPlayer","decl":{"start":{"line":3,"column":9},"end":{"line":3,"column":21}},"loc":{"start":{"line":3,"column":46},"end":{"line":83,"column":1}},"line":3},"1":{"name":"(anonymous_1)","decl":{"start":{"line":6,"column":47},"end":{"line":6,"column":48}},"loc":{"start":{"line":6,"column":53},"end":{"line":6,"column":70}},"line":6},"2":{"name":"reset","decl":{"start":{"line":10,"column":13},"end":{"line":10,"column":18}},"loc":{"start":{"line":10,"column":21},"end":{"line":13,"column":5}},"line":10},"3":{"name":"(anonymous_3)","decl":{"start":{"line":12,"column":24},"end":{"line":12,"column":25}},"loc":{"start":{"line":12,"column":31},"end":{"line":12,"column":42}},"line":12},"4":{"name":"updateScore","decl":{"start":{"line":15,"column":13},"end":{"line":15,"column":24}},"loc":{"start":{"line":15,"column":32},"end":{"line":21,"column":5}},"line":15},"5":{"name":"sendPieceSequence","decl":{"start":{"line":23,"column":13},"end":{"line":23,"column":30}},"loc":{"start":{"line":23,"column":41},"end":{"line":31,"column":5}},"line":23},"6":{"name":"receivePenaltyLines","decl":{"start":{"line":33,"column":13},"end":{"line":33,"column":32}},"loc":{"start":{"line":33,"column":43},"end":{"line":63,"column":5}},"line":33},"7":{"name":"notifyEndGame","decl":{"start":{"line":65,"column":13},"end":{"line":65,"column":26}},"loc":{"start":{"line":65,"column":29},"end":{"line":68,"column":5}},"line":65}},"branchMap":{"0":{"loc":{"start":{"line":25,"column":8},"end":{"line":28,"column":9}},"type":"if","locations":[{"start":{"line":25,"column":8},"end":{"line":28,"column":9}},{"start":{},"end":{}}],"line":25},"1":{"loc":{"start":{"line":25,"column":12},"end":{"line":25,"column":46}},"type":"binary-expr","locations":[{"start":{"line":25,"column":12},"end":{"line":25,"column":21}},{"start":{"line":25,"column":25},"end":{"line":25,"column":46}}],"line":25},"2":{"loc":{"start":{"line":36,"column":8},"end":{"line":39,"column":9}},"type":"if","locations":[{"start":{"line":36,"column":8},"end":{"line":39,"column":9}},{"start":{},"end":{}}],"line":36}},"s":{"0":53,"1":53,"2":53,"3":1060,"4":53,"5":7,"6":7,"7":140,"8":2,"9":2,"10":2,"11":2,"12":2,"13":2,"14":2,"15":1,"16":1,"17":1,"18":1,"19":2,"20":2,"21":1,"22":1,"23":1,"24":1,"25":1,"26":1,"27":2,"28":1,"29":1,"30":1,"31":1,"32":2,"33":2,"34":53},"f":{"0":53,"1":1060,"2":7,"3":140,"4":2,"5":2,"6":2,"7":2},"b":{"0":[1,1],"1":[2,2],"2":[1,1]},"_coverageSchema":"1a1c01bbd47fc00a2c39e90264f33305004495a9","hash":"0765588b045f4a960aa1f3397b0cd63dbefcef3d"}
,"/Users/sekhmet/Documents/Tetris/red-tetris/server/src/models/SoloGame.js": {"path":"/Users/sekhmet/Documents/Tetris/red-tetris/server/src/models/SoloGame.js","statementMap":{"0":{"start":{"line":5,"column":4},"end":{"line":5,"column":74}},"1":{"start":{"line":7,"column":17},"end":{"line":7,"column":23}},"2":{"start":{"line":8,"column":19},"end":{"line":8,"column":67}},"3":{"start":{"line":9,"column":26},"end":{"line":9,"column":28}},"4":{"start":{"line":10,"column":20},"end":{"line":10,"column":25}},"5":{"start":{"line":16,"column":8},"end":{"line":19,"column":9}},"6":{"start":{"line":17,"column":12},"end":{"line":17,"column":62}},"7":{"start":{"line":18,"column":12},"end":{"line":18,"column":19}},"8":{"start":{"line":21,"column":8},"end":{"line":21,"column":105}},"9":{"start":{"line":22,"column":8},"end":{"line":22,"column":25}},"10":{"start":{"line":25,"column":33},"end":{"line":25,"column":59}},"11":{"start":{"line":26,"column":8},"end":{"line":26,"column":33}},"12":{"start":{"line":27,"column":8},"end":{"line":27,"column":48}},"13":{"start":{"line":29,"column":8},"end":{"line":29,"column":89}},"14":{"start":{"line":32,"column":8},"end":{"line":32,"column":23}},"15":{"start":{"line":35,"column":8},"end":{"line":38,"column":11}},"16":{"start":{"line":37,"column":58},"end":{"line":37,"column":75}},"17":{"start":{"line":40,"column":8},"end":{"line":40,"column":74}},"18":{"start":{"line":48,"column":8},"end":{"line":48,"column":77}},"19":{"start":{"line":49,"column":8},"end":{"line":49,"column":34}},"20":{"start":{"line":56,"column":8},"end":{"line":56,"column":67}},"21":{"start":{"line":57,"column":8},"end":{"line":57,"column":31}},"22":{"start":{"line":58,"column":8},"end":{"line":58,"column":26}},"23":{"start":{"line":65,"column":8},"end":{"line":65,"column":84}},"24":{"start":{"line":66,"column":8},"end":{"line":66,"column":26}},"25":{"start":{"line":67,"column":8},"end":{"line":67,"column":33}},"26":{"start":{"line":68,"column":8},"end":{"line":68,"column":23}},"27":{"start":{"line":72,"column":4},"end":{"line":82,"column":6}}},"fnMap":{"0":{"name":"createSoloGame","decl":{"start":{"line":4,"column":9},"end":{"line":4,"column":23}},"loc":{"start":{"line":4,"column":54},"end":{"line":83,"column":1}},"line":4},"1":{"name":"startGame","decl":{"start":{"line":15,"column":13},"end":{"line":15,"column":22}},"loc":{"start":{"line":15,"column":25},"end":{"line":41,"column":5}},"line":15},"2":{"name":"(anonymous_2)","decl":{"start":{"line":37,"column":52},"end":{"line":37,"column":53}},"loc":{"start":{"line":37,"column":58},"end":{"line":37,"column":75}},"line":37},"3":{"name":"handleLineCompletion","decl":{"start":{"line":47,"column":13},"end":{"line":47,"column":33}},"loc":{"start":{"line":47,"column":41},"end":{"line":50,"column":5}},"line":47},"4":{"name":"handleGameOver","decl":{"start":{"line":55,"column":13},"end":{"line":55,"column":27}},"loc":{"start":{"line":55,"column":30},"end":{"line":59,"column":5}},"line":55},"5":{"name":"resetGame","decl":{"start":{"line":64,"column":13},"end":{"line":64,"column":22}},"loc":{"start":{"line":64,"column":25},"end":{"line":69,"column":5}},"line":64}},"branchMap":{"0":{"loc":{"start":{"line":16,"column":8},"end":{"line":19,"column":9}},"type":"if","locations":[{"start":{"line":16,"column":8},"end":{"line":19,"column":9}},{"start":{},"end":{}}],"line":16}},"s":{"0":6,"1":6,"2":6,"3":6,"4":6,"5":6,"6":1,"7":1,"8":5,"9":5,"10":5,"11":5,"12":5,"13":5,"14":5,"15":5,"16":100,"17":5,"18":1,"19":1,"20":1,"21":1,"22":1,"23":1,"24":1,"25":1,"26":1,"27":6},"f":{"0":6,"1":6,"2":100,"3":1,"4":1,"5":1},"b":{"0":[1,5]},"_coverageSchema":"1a1c01bbd47fc00a2c39e90264f33305004495a9","hash":"548cefdfe23c13fb8135badddad264f144955a31"}
}
