{"/Users/sekhmet/Documents/Tetris/red-tetris/server/src/models/Game.js": {"path":"/Users/sekhmet/Documents/Tetris/red-tetris/server/src/models/Game.js","statementMap":{"0":{"start":{"line":8,"column":4},"end":{"line":10,"column":5}},"1":{"start":{"line":9,"column":8},"end":{"line":9,"column":72}},"2":{"start":{"line":12,"column":17},"end":{"line":12,"column":30}},"3":{"start":{"line":13,"column":20},"end":{"line":13,"column":22}},"4":{"start":{"line":14,"column":26},"end":{"line":14,"column":28}},"5":{"start":{"line":15,"column":20},"end":{"line":15,"column":25}},"6":{"start":{"line":16,"column":19},"end":{"line":16,"column":23}},"7":{"start":{"line":18,"column":25},"end":{"line":18,"column":30}},"8":{"start":{"line":21,"column":8},"end":{"line":21,"column":66}},"9":{"start":{"line":25,"column":8},"end":{"line":28,"column":9}},"10":{"start":{"line":26,"column":12},"end":{"line":26,"column":53}},"11":{"start":{"line":27,"column":12},"end":{"line":27,"column":24}},"12":{"start":{"line":29,"column":8},"end":{"line":32,"column":9}},"13":{"start":{"line":29,"column":47},"end":{"line":29,"column":62}},"14":{"start":{"line":30,"column":12},"end":{"line":30,"column":74}},"15":{"start":{"line":31,"column":12},"end":{"line":31,"column":24}},"16":{"start":{"line":33,"column":23},"end":{"line":33,"column":59}},"17":{"start":{"line":34,"column":8},"end":{"line":34,"column":36}},"18":{"start":{"line":37,"column":8},"end":{"line":43,"column":9}},"19":{"start":{"line":38,"column":12},"end":{"line":38,"column":33}},"20":{"start":{"line":39,"column":12},"end":{"line":41,"column":13}},"21":{"start":{"line":40,"column":16},"end":{"line":40,"column":51}},"22":{"start":{"line":42,"column":12},"end":{"line":42,"column":63}},"23":{"start":{"line":45,"column":8},"end":{"line":45,"column":22}},"24":{"start":{"line":50,"column":8},"end":{"line":50,"column":33}},"25":{"start":{"line":51,"column":8},"end":{"line":61,"column":9}},"26":{"start":{"line":52,"column":37},"end":{"line":52,"column":57}},"27":{"start":{"line":53,"column":12},"end":{"line":53,"column":80}},"28":{"start":{"line":54,"column":12},"end":{"line":60,"column":13}},"29":{"start":{"line":55,"column":16},"end":{"line":55,"column":62}},"30":{"start":{"line":56,"column":16},"end":{"line":56,"column":78}},"31":{"start":{"line":58,"column":16},"end":{"line":58,"column":75}},"32":{"start":{"line":59,"column":16},"end":{"line":59,"column":34}},"33":{"start":{"line":62,"column":8},"end":{"line":62,"column":59}},"34":{"start":{"line":62,"column":47},"end":{"line":62,"column":59}},"35":{"start":{"line":66,"column":8},"end":{"line":68,"column":10}},"36":{"start":{"line":67,"column":12},"end":{"line":67,"column":51}},"37":{"start":{"line":72,"column":8},"end":{"line":75,"column":9}},"38":{"start":{"line":73,"column":12},"end":{"line":73,"column":55}},"39":{"start":{"line":74,"column":12},"end":{"line":74,"column":25}},"40":{"start":{"line":77,"column":8},"end":{"line":80,"column":9}},"41":{"start":{"line":78,"column":12},"end":{"line":78,"column":64}},"42":{"start":{"line":79,"column":12},"end":{"line":79,"column":25}},"43":{"start":{"line":82,"column":8},"end":{"line":82,"column":49}},"44":{"start":{"line":83,"column":8},"end":{"line":83,"column":25}},"45":{"start":{"line":86,"column":33},"end":{"line":86,"column":56}},"46":{"start":{"line":87,"column":8},"end":{"line":87,"column":33}},"47":{"start":{"line":88,"column":8},"end":{"line":88,"column":48}},"48":{"start":{"line":90,"column":8},"end":{"line":90,"column":67}},"49":{"start":{"line":93,"column":8},"end":{"line":96,"column":11}},"50":{"start":{"line":95,"column":58},"end":{"line":95,"column":75}},"51":{"start":{"line":98,"column":8},"end":{"line":98,"column":50}},"52":{"start":{"line":99,"column":8},"end":{"line":99,"column":20}},"53":{"start":{"line":103,"column":30},"end":{"line":103,"column":79}},"54":{"start":{"line":103,"column":65},"end":{"line":103,"column":78}},"55":{"start":{"line":104,"column":8},"end":{"line":104,"column":83}},"56":{"start":{"line":104,"column":74},"end":{"line":104,"column":80}},"57":{"start":{"line":106,"column":8},"end":{"line":109,"column":9}},"58":{"start":{"line":107,"column":12},"end":{"line":107,"column":74}},"59":{"start":{"line":108,"column":12},"end":{"line":108,"column":36}},"60":{"start":{"line":110,"column":8},"end":{"line":113,"column":9}},"61":{"start":{"line":111,"column":12},"end":{"line":111,"column":56}},"62":{"start":{"line":112,"column":12},"end":{"line":112,"column":24}},"63":{"start":{"line":114,"column":8},"end":{"line":114,"column":60}},"64":{"start":{"line":115,"column":8},"end":{"line":115,"column":25}},"65":{"start":{"line":119,"column":8},"end":{"line":119,"column":31}},"66":{"start":{"line":120,"column":8},"end":{"line":120,"column":26}},"67":{"start":{"line":121,"column":8},"end":{"line":121,"column":33}},"68":{"start":{"line":122,"column":8},"end":{"line":127,"column":11}},"69":{"start":{"line":123,"column":12},"end":{"line":126,"column":13}},"70":{"start":{"line":124,"column":16},"end":{"line":124,"column":39}},"71":{"start":{"line":125,"column":16},"end":{"line":125,"column":31}},"72":{"start":{"line":128,"column":8},"end":{"line":128,"column":61}},"73":{"start":{"line":129,"column":8},"end":{"line":129,"column":42}},"74":{"start":{"line":133,"column":8},"end":{"line":133,"column":108}},"75":{"start":{"line":135,"column":23},"end":{"line":135,"column":91}},"76":{"start":{"line":135,"column":61},"end":{"line":135,"column":90}},"77":{"start":{"line":137,"column":8},"end":{"line":145,"column":9}},"78":{"start":{"line":138,"column":12},"end":{"line":138,"column":88}},"79":{"start":{"line":139,"column":12},"end":{"line":143,"column":17}},"80":{"start":{"line":139,"column":101},"end":{"line":143,"column":13}},"81":{"start":{"line":144,"column":12},"end":{"line":144,"column":19}},"82":{"start":{"line":147,"column":8},"end":{"line":147,"column":64}},"83":{"start":{"line":148,"column":8},"end":{"line":148,"column":117}},"84":{"start":{"line":149,"column":8},"end":{"line":149,"column":64}},"85":{"start":{"line":152,"column":8},"end":{"line":152,"column":34}},"86":{"start":{"line":155,"column":29},"end":{"line":155,"column":47}},"87":{"start":{"line":156,"column":8},"end":{"line":156,"column":72}},"88":{"start":{"line":159,"column":8},"end":{"line":173,"column":11}},"89":{"start":{"line":160,"column":12},"end":{"line":172,"column":13}},"90":{"start":{"line":161,"column":16},"end":{"line":161,"column":109}},"91":{"start":{"line":164,"column":16},"end":{"line":168,"column":19}},"92":{"start":{"line":171,"column":16},"end":{"line":171,"column":57}},"93":{"start":{"line":178,"column":8},"end":{"line":180,"column":10}},"94":{"start":{"line":179,"column":24},"end":{"line":179,"column":53}},"95":{"start":{"line":185,"column":8},"end":{"line":188,"column":9}},"96":{"start":{"line":186,"column":12},"end":{"line":186,"column":34}},"97":{"start":{"line":187,"column":12},"end":{"line":187,"column":75}},"98":{"start":{"line":192,"column":8},"end":{"line":192,"column":73}},"99":{"start":{"line":193,"column":23},"end":{"line":193,"column":40}},"100":{"start":{"line":194,"column":8},"end":{"line":197,"column":9}},"101":{"start":{"line":195,"column":12},"end":{"line":195,"column":81}},"102":{"start":{"line":196,"column":12},"end":{"line":196,"column":19}},"103":{"start":{"line":198,"column":8},"end":{"line":198,"column":33}},"104":{"start":{"line":199,"column":8},"end":{"line":199,"column":93}},"105":{"start":{"line":200,"column":8},"end":{"line":200,"column":31}},"106":{"start":{"line":202,"column":31},"end":{"line":202,"column":42}},"107":{"start":{"line":203,"column":8},"end":{"line":203,"column":62}},"108":{"start":{"line":205,"column":8},"end":{"line":219,"column":9}},"109":{"start":{"line":207,"column":12},"end":{"line":207,"column":61}},"110":{"start":{"line":208,"column":12},"end":{"line":208,"column":34}},"111":{"start":{"line":210,"column":15},"end":{"line":219,"column":9}},"112":{"start":{"line":212,"column":12},"end":{"line":212,"column":93}},"113":{"start":{"line":213,"column":12},"end":{"line":213,"column":61}},"114":{"start":{"line":217,"column":34},"end":{"line":217,"column":85}},"115":{"start":{"line":217,"column":71},"end":{"line":217,"column":84}},"116":{"start":{"line":218,"column":12},"end":{"line":218,"column":95}},"117":{"start":{"line":224,"column":30},"end":{"line":226,"column":9}},"118":{"start":{"line":225,"column":24},"end":{"line":225,"column":42}},"119":{"start":{"line":227,"column":8},"end":{"line":227,"column":42}},"120":{"start":{"line":231,"column":30},"end":{"line":233,"column":9}},"121":{"start":{"line":232,"column":24},"end":{"line":232,"column":42}},"122":{"start":{"line":234,"column":8},"end":{"line":236,"column":9}},"123":{"start":{"line":235,"column":12},"end":{"line":235,"column":39}},"124":{"start":{"line":237,"column":8},"end":{"line":239,"column":9}},"125":{"start":{"line":238,"column":12},"end":{"line":238,"column":39}},"126":{"start":{"line":240,"column":8},"end":{"line":240,"column":20}},"127":{"start":{"line":243,"column":4},"end":{"line":262,"column":6}}},"fnMap":{"0":{"name":"createGame","decl":{"start":{"line":6,"column":9},"end":{"line":6,"column":19}},"loc":{"start":{"line":6,"column":34},"end":{"line":263,"column":1}},"line":6},"1":{"name":"isValidName","decl":{"start":{"line":20,"column":13},"end":{"line":20,"column":24}},"loc":{"start":{"line":20,"column":31},"end":{"line":22,"column":5}},"line":20},"2":{"name":"addPlayer","decl":{"start":{"line":24,"column":13},"end":{"line":24,"column":22}},"loc":{"start":{"line":24,"column":45},"end":{"line":46,"column":5}},"line":24},"3":{"name":"(anonymous_3)","decl":{"start":{"line":29,"column":40},"end":{"line":29,"column":41}},"loc":{"start":{"line":29,"column":47},"end":{"line":29,"column":62}},"line":29},"4":{"name":"removePlayer","decl":{"start":{"line":49,"column":13},"end":{"line":49,"column":25}},"loc":{"start":{"line":49,"column":36},"end":{"line":63,"column":5}},"line":49},"5":{"name":"distributePieces","decl":{"start":{"line":65,"column":13},"end":{"line":65,"column":29}},"loc":{"start":{"line":65,"column":32},"end":{"line":69,"column":5}},"line":65},"6":{"name":"(anonymous_6)","decl":{"start":{"line":66,"column":39},"end":{"line":66,"column":40}},"loc":{"start":{"line":67,"column":12},"end":{"line":67,"column":51}},"line":67},"7":{"name":"startGameMulti","decl":{"start":{"line":71,"column":13},"end":{"line":71,"column":27}},"loc":{"start":{"line":71,"column":30},"end":{"line":100,"column":5}},"line":71},"8":{"name":"(anonymous_8)","decl":{"start":{"line":95,"column":52},"end":{"line":95,"column":53}},"loc":{"start":{"line":95,"column":58},"end":{"line":95,"column":75}},"line":95},"9":{"name":"getWinner","decl":{"start":{"line":102,"column":13},"end":{"line":102,"column":22}},"loc":{"start":{"line":102,"column":25},"end":{"line":116,"column":5}},"line":102},"10":{"name":"(anonymous_10)","decl":{"start":{"line":103,"column":60},"end":{"line":103,"column":61}},"loc":{"start":{"line":103,"column":65},"end":{"line":103,"column":78}},"line":103},"11":{"name":"(anonymous_11)","decl":{"start":{"line":104,"column":69},"end":{"line":104,"column":70}},"loc":{"start":{"line":104,"column":74},"end":{"line":104,"column":80}},"line":104},"12":{"name":"resetGame","decl":{"start":{"line":118,"column":13},"end":{"line":118,"column":22}},"loc":{"start":{"line":118,"column":25},"end":{"line":130,"column":5}},"line":118},"13":{"name":"(anonymous_13)","decl":{"start":{"line":122,"column":39},"end":{"line":122,"column":40}},"loc":{"start":{"line":122,"column":51},"end":{"line":127,"column":9}},"line":122},"14":{"name":"handleLineCompletion","decl":{"start":{"line":132,"column":13},"end":{"line":132,"column":33}},"loc":{"start":{"line":132,"column":51},"end":{"line":174,"column":5}},"line":132},"15":{"name":"(anonymous_15)","decl":{"start":{"line":135,"column":51},"end":{"line":135,"column":52}},"loc":{"start":{"line":135,"column":61},"end":{"line":135,"column":90}},"line":135},"16":{"name":"(anonymous_16)","decl":{"start":{"line":139,"column":95},"end":{"line":139,"column":96}},"loc":{"start":{"line":139,"column":101},"end":{"line":143,"column":13}},"line":139},"17":{"name":"(anonymous_17)","decl":{"start":{"line":159,"column":39},"end":{"line":159,"column":40}},"loc":{"start":{"line":159,"column":49},"end":{"line":173,"column":9}},"line":159},"18":{"name":"getPlayerBySocketId","decl":{"start":{"line":177,"column":13},"end":{"line":177,"column":32}},"loc":{"start":{"line":177,"column":43},"end":{"line":181,"column":5}},"line":177},"19":{"name":"(anonymous_19)","decl":{"start":{"line":179,"column":12},"end":{"line":179,"column":13}},"loc":{"start":{"line":179,"column":24},"end":{"line":179,"column":53}},"line":179},"20":{"name":"endGame","decl":{"start":{"line":183,"column":13},"end":{"line":183,"column":20}},"loc":{"start":{"line":183,"column":39},"end":{"line":189,"column":5}},"line":183},"21":{"name":"handlePlayerGameOver","decl":{"start":{"line":191,"column":13},"end":{"line":191,"column":33}},"loc":{"start":{"line":191,"column":44},"end":{"line":220,"column":5}},"line":191},"22":{"name":"(anonymous_22)","decl":{"start":{"line":217,"column":64},"end":{"line":217,"column":65}},"loc":{"start":{"line":217,"column":71},"end":{"line":217,"column":84}},"line":217},"23":{"name":"isGameOver","decl":{"start":{"line":223,"column":13},"end":{"line":223,"column":23}},"loc":{"start":{"line":223,"column":26},"end":{"line":228,"column":5}},"line":223},"24":{"name":"(anonymous_24)","decl":{"start":{"line":225,"column":12},"end":{"line":225,"column":13}},"loc":{"start":{"line":225,"column":24},"end":{"line":225,"column":42}},"line":225},"25":{"name":"checkGameOver","decl":{"start":{"line":230,"column":13},"end":{"line":230,"column":26}},"loc":{"start":{"line":230,"column":29},"end":{"line":241,"column":5}},"line":230},"26":{"name":"(anonymous_26)","decl":{"start":{"line":232,"column":12},"end":{"line":232,"column":13}},"loc":{"start":{"line":232,"column":24},"end":{"line":232,"column":42}},"line":232}},"branchMap":{"0":{"loc":{"start":{"line":8,"column":4},"end":{"line":10,"column":5}},"type":"if","locations":[{"start":{"line":8,"column":4},"end":{"line":10,"column":5}},{"start":{},"end":{}}],"line":8},"1":{"loc":{"start":{"line":21,"column":15},"end":{"line":21,"column":65}},"type":"binary-expr","locations":[{"start":{"line":21,"column":15},"end":{"line":21,"column":39}},{"start":{"line":21,"column":43},"end":{"line":21,"column":65}}],"line":21},"2":{"loc":{"start":{"line":25,"column":8},"end":{"line":28,"column":9}},"type":"if","locations":[{"start":{"line":25,"column":8},"end":{"line":28,"column":9}},{"start":{},"end":{}}],"line":25},"3":{"loc":{"start":{"line":29,"column":8},"end":{"line":32,"column":9}},"type":"if","locations":[{"start":{"line":29,"column":8},"end":{"line":32,"column":9}},{"start":{},"end":{}}],"line":29},"4":{"loc":{"start":{"line":37,"column":8},"end":{"line":43,"column":9}},"type":"if","locations":[{"start":{"line":37,"column":8},"end":{"line":43,"column":9}},{"start":{},"end":{}}],"line":37},"5":{"loc":{"start":{"line":39,"column":12},"end":{"line":41,"column":13}},"type":"if","locations":[{"start":{"line":39,"column":12},"end":{"line":41,"column":13}},{"start":{},"end":{}}],"line":39},"6":{"loc":{"start":{"line":39,"column":16},"end":{"line":39,"column":73}},"type":"binary-expr","locations":[{"start":{"line":39,"column":16},"end":{"line":39,"column":29}},{"start":{"line":39,"column":33},"end":{"line":39,"column":73}}],"line":39},"7":{"loc":{"start":{"line":51,"column":8},"end":{"line":61,"column":9}},"type":"if","locations":[{"start":{"line":51,"column":8},"end":{"line":61,"column":9}},{"start":{},"end":{}}],"line":51},"8":{"loc":{"start":{"line":53,"column":23},"end":{"line":53,"column":79}},"type":"cond-expr","locations":[{"start":{"line":53,"column":53},"end":{"line":53,"column":72}},{"start":{"line":53,"column":75},"end":{"line":53,"column":79}}],"line":53},"9":{"loc":{"start":{"line":54,"column":12},"end":{"line":60,"column":13}},"type":"if","locations":[{"start":{"line":54,"column":12},"end":{"line":60,"column":13}},{"start":{"line":57,"column":19},"end":{"line":60,"column":13}}],"line":54},"10":{"loc":{"start":{"line":62,"column":8},"end":{"line":62,"column":59}},"type":"if","locations":[{"start":{"line":62,"column":8},"end":{"line":62,"column":59}},{"start":{},"end":{}}],"line":62},"11":{"loc":{"start":{"line":72,"column":8},"end":{"line":75,"column":9}},"type":"if","locations":[{"start":{"line":72,"column":8},"end":{"line":75,"column":9}},{"start":{},"end":{}}],"line":72},"12":{"loc":{"start":{"line":77,"column":8},"end":{"line":80,"column":9}},"type":"if","locations":[{"start":{"line":77,"column":8},"end":{"line":80,"column":9}},{"start":{},"end":{}}],"line":77},"13":{"loc":{"start":{"line":106,"column":8},"end":{"line":109,"column":9}},"type":"if","locations":[{"start":{"line":106,"column":8},"end":{"line":109,"column":9}},{"start":{},"end":{}}],"line":106},"14":{"loc":{"start":{"line":110,"column":8},"end":{"line":113,"column":9}},"type":"if","locations":[{"start":{"line":110,"column":8},"end":{"line":113,"column":9}},{"start":{},"end":{}}],"line":110},"15":{"loc":{"start":{"line":123,"column":12},"end":{"line":126,"column":13}},"type":"if","locations":[{"start":{"line":123,"column":12},"end":{"line":126,"column":13}},{"start":{},"end":{}}],"line":123},"16":{"loc":{"start":{"line":137,"column":8},"end":{"line":145,"column":9}},"type":"if","locations":[{"start":{"line":137,"column":8},"end":{"line":145,"column":9}},{"start":{},"end":{}}],"line":137},"17":{"loc":{"start":{"line":160,"column":12},"end":{"line":172,"column":13}},"type":"if","locations":[{"start":{"line":160,"column":12},"end":{"line":172,"column":13}},{"start":{},"end":{}}],"line":160},"18":{"loc":{"start":{"line":185,"column":8},"end":{"line":188,"column":9}},"type":"if","locations":[{"start":{"line":185,"column":8},"end":{"line":188,"column":9}},{"start":{},"end":{}}],"line":185},"19":{"loc":{"start":{"line":194,"column":8},"end":{"line":197,"column":9}},"type":"if","locations":[{"start":{"line":194,"column":8},"end":{"line":197,"column":9}},{"start":{},"end":{}}],"line":194},"20":{"loc":{"start":{"line":205,"column":8},"end":{"line":219,"column":9}},"type":"if","locations":[{"start":{"line":205,"column":8},"end":{"line":219,"column":9}},{"start":{"line":210,"column":15},"end":{"line":219,"column":9}}],"line":205},"21":{"loc":{"start":{"line":210,"column":15},"end":{"line":219,"column":9}},"type":"if","locations":[{"start":{"line":210,"column":15},"end":{"line":219,"column":9}},{"start":{"line":215,"column":15},"end":{"line":219,"column":9}}],"line":210},"22":{"loc":{"start":{"line":213,"column":20},"end":{"line":213,"column":48}},"type":"binary-expr","locations":[{"start":{"line":213,"column":20},"end":{"line":213,"column":40}},{"start":{"line":213,"column":44},"end":{"line":213,"column":48}}],"line":213},"23":{"loc":{"start":{"line":234,"column":8},"end":{"line":236,"column":9}},"type":"if","locations":[{"start":{"line":234,"column":8},"end":{"line":236,"column":9}},{"start":{},"end":{}}],"line":234},"24":{"loc":{"start":{"line":237,"column":8},"end":{"line":239,"column":9}},"type":"if","locations":[{"start":{"line":237,"column":8},"end":{"line":239,"column":9}},{"start":{},"end":{}}],"line":237}},"s":{"0":31,"1":0,"2":31,"3":31,"4":31,"5":31,"6":31,"7":31,"8":56,"9":51,"10":2,"11":2,"12":49,"13":26,"14":1,"15":1,"16":48,"17":48,"18":48,"19":26,"20":26,"21":25,"22":26,"23":48,"24":3,"25":3,"26":2,"27":2,"28":2,"29":0,"30":0,"31":2,"32":2,"33":3,"34":2,"35":0,"36":0,"37":3,"38":0,"39":0,"40":3,"41":1,"42":1,"43":2,"44":2,"45":2,"46":2,"47":2,"48":2,"49":2,"50":40,"51":2,"52":2,"53":0,"54":0,"55":0,"56":0,"57":0,"58":0,"59":0,"60":0,"61":0,"62":0,"63":0,"64":0,"65":2,"66":2,"67":2,"68":2,"69":0,"70":0,"71":0,"72":2,"73":2,"74":2,"75":2,"76":2,"77":2,"78":1,"79":1,"80":1,"81":1,"82":1,"83":1,"84":1,"85":1,"86":1,"87":1,"88":1,"89":2,"90":1,"91":1,"92":1,"93":3,"94":5,"95":0,"96":0,"97":0,"98":10,"99":10,"100":10,"101":10,"102":10,"103":0,"104":0,"105":0,"106":0,"107":0,"108":0,"109":0,"110":0,"111":0,"112":0,"113":0,"114":0,"115":0,"116":0,"117":2,"118":4,"119":2,"120":2,"121":4,"122":2,"123":1,"124":1,"125":0,"126":1,"127":31},"f":{"0":31,"1":56,"2":51,"3":26,"4":3,"5":0,"6":0,"7":3,"8":40,"9":0,"10":0,"11":0,"12":2,"13":0,"14":2,"15":2,"16":1,"17":2,"18":3,"19":5,"20":0,"21":10,"22":0,"23":2,"24":4,"25":2,"26":4},"b":{"0":[0,31],"1":[56,53],"2":[2,49],"3":[1,48],"4":[26,22],"5":[25,1],"6":[26,25],"7":[2,1],"8":[0,2],"9":[0,2],"10":[2,1],"11":[0,3],"12":[1,2],"13":[0,0],"14":[0,0],"15":[0,0],"16":[1,1],"17":[1,1],"18":[0,0],"19":[10,0],"20":[0,0],"21":[0,0],"22":[0,0],"23":[1,1],"24":[0,1]},"_coverageSchema":"1a1c01bbd47fc00a2c39e90264f33305004495a9","hash":"8362daa3dd7a7cddb45cec04b37e943fdd08adde"}
,"/Users/sekhmet/Documents/Tetris/red-tetris/server/src/models/Piece.js": {"path":"/Users/sekhmet/Documents/Tetris/red-tetris/server/src/models/Piece.js","statementMap":{"0":{"start":{"line":3,"column":15},"end":{"line":147,"column":1}},"1":{"start":{"line":150,"column":2},"end":{"line":152,"column":3}},"2":{"start":{"line":151,"column":4},"end":{"line":151,"column":66}},"3":{"start":{"line":153,"column":2},"end":{"line":157,"column":4}},"4":{"start":{"line":154,"column":4},"end":{"line":156,"column":5}},"5":{"start":{"line":155,"column":6},"end":{"line":155,"column":70}},"6":{"start":{"line":155,"column":27},"end":{"line":155,"column":69}},"7":{"start":{"line":161,"column":2},"end":{"line":163,"column":3}},"8":{"start":{"line":162,"column":4},"end":{"line":162,"column":46}},"9":{"start":{"line":164,"column":24},"end":{"line":164,"column":25}},"10":{"start":{"line":167,"column":4},"end":{"line":167,"column":68}},"11":{"start":{"line":171,"column":4},"end":{"line":171,"column":43}},"12":{"start":{"line":175,"column":6},"end":{"line":175,"column":76}},"13":{"start":{"line":179,"column":2},"end":{"line":185,"column":4}},"14":{"start":{"line":189,"column":2},"end":{"line":192,"column":3}},"15":{"start":{"line":189,"column":15},"end":{"line":189,"column":31}},"16":{"start":{"line":190,"column":14},"end":{"line":190,"column":49}},"17":{"start":{"line":191,"column":4},"end":{"line":191,"column":48}},"18":{"start":{"line":193,"column":2},"end":{"line":193,"column":15}},"19":{"start":{"line":197,"column":2},"end":{"line":199,"column":3}},"20":{"start":{"line":198,"column":4},"end":{"line":198,"column":57}},"21":{"start":{"line":200,"column":19},"end":{"line":200,"column":21}},"22":{"start":{"line":201,"column":2},"end":{"line":203,"column":3}},"23":{"start":{"line":202,"column":4},"end":{"line":202,"column":87}},"24":{"start":{"line":202,"column":82},"end":{"line":202,"column":83}},"25":{"start":{"line":204,"column":2},"end":{"line":204,"column":35}},"26":{"start":{"line":208,"column":22},"end":{"line":208,"column":63}},"27":{"start":{"line":209,"column":24},"end":{"line":209,"column":43}},"28":{"start":{"line":210,"column":2},"end":{"line":210,"column":72}}},"fnMap":{"0":{"name":"validateShapes","decl":{"start":{"line":149,"column":9},"end":{"line":149,"column":23}},"loc":{"start":{"line":149,"column":32},"end":{"line":158,"column":1}},"line":149},"1":{"name":"(anonymous_1)","decl":{"start":{"line":153,"column":22},"end":{"line":153,"column":23}},"loc":{"start":{"line":154,"column":4},"end":{"line":156,"column":5}},"line":154},"2":{"name":"(anonymous_2)","decl":{"start":{"line":154,"column":25},"end":{"line":154,"column":26}},"loc":{"start":{"line":155,"column":6},"end":{"line":155,"column":70}},"line":155},"3":{"name":"(anonymous_3)","decl":{"start":{"line":155,"column":18},"end":{"line":155,"column":19}},"loc":{"start":{"line":155,"column":27},"end":{"line":155,"column":69}},"line":155},"4":{"name":"createPiece","decl":{"start":{"line":160,"column":9},"end":{"line":160,"column":20}},"loc":{"start":{"line":160,"column":44},"end":{"line":186,"column":1}},"line":160},"5":{"name":"rotate","decl":{"start":{"line":166,"column":11},"end":{"line":166,"column":17}},"loc":{"start":{"line":166,"column":20},"end":{"line":168,"column":3}},"line":166},"6":{"name":"getCurrentShape","decl":{"start":{"line":170,"column":11},"end":{"line":170,"column":26}},"loc":{"start":{"line":170,"column":29},"end":{"line":172,"column":3}},"line":170},"7":{"name":"clone","decl":{"start":{"line":174,"column":11},"end":{"line":174,"column":16}},"loc":{"start":{"line":174,"column":19},"end":{"line":176,"column":3}},"line":174},"8":{"name":"shuffleArray","decl":{"start":{"line":188,"column":9},"end":{"line":188,"column":21}},"loc":{"start":{"line":188,"column":29},"end":{"line":194,"column":1}},"line":188},"9":{"name":"generatePieceSequence","decl":{"start":{"line":196,"column":9},"end":{"line":196,"column":30}},"loc":{"start":{"line":196,"column":45},"end":{"line":205,"column":1}},"line":196},"10":{"name":"(anonymous_10)","decl":{"start":{"line":202,"column":72},"end":{"line":202,"column":73}},"loc":{"start":{"line":202,"column":82},"end":{"line":202,"column":83}},"line":202},"11":{"name":"generatePiece","decl":{"start":{"line":207,"column":9},"end":{"line":207,"column":22}},"loc":{"start":{"line":207,"column":25},"end":{"line":211,"column":1}},"line":207}},"branchMap":{"0":{"loc":{"start":{"line":150,"column":2},"end":{"line":152,"column":3}},"type":"if","locations":[{"start":{"line":150,"column":2},"end":{"line":152,"column":3}},{"start":{},"end":{}}],"line":150},"1":{"loc":{"start":{"line":161,"column":2},"end":{"line":163,"column":3}},"type":"if","locations":[{"start":{"line":161,"column":2},"end":{"line":163,"column":3}},{"start":{},"end":{}}],"line":161},"2":{"loc":{"start":{"line":196,"column":31},"end":{"line":196,"column":43}},"type":"default-arg","locations":[{"start":{"line":196,"column":40},"end":{"line":196,"column":43}}],"line":196},"3":{"loc":{"start":{"line":197,"column":2},"end":{"line":199,"column":3}},"type":"if","locations":[{"start":{"line":197,"column":2},"end":{"line":199,"column":3}},{"start":{},"end":{}}],"line":197}},"s":{"0":3,"1":14,"2":4,"3":10,"4":10,"5":35,"6":121,"7":9,"8":1,"9":8,"10":6,"11":7,"12":2,"13":8,"14":2567,"15":2567,"16":13402,"17":13402,"18":2567,"19":26,"20":2,"21":24,"22":24,"23":1567,"24":10969,"25":24,"26":2,"27":2,"28":2},"f":{"0":14,"1":10,"2":35,"3":121,"4":9,"5":6,"6":7,"7":2,"8":2567,"9":26,"10":10969,"11":2},"b":{"0":[4,10],"1":[1,8],"2":[2],"3":[2,24]},"_coverageSchema":"1a1c01bbd47fc00a2c39e90264f33305004495a9","hash":"a1a7b20bfcd14d8f8a2ff95064faed66a51427da"}
,"/Users/sekhmet/Documents/Tetris/red-tetris/server/src/models/Player.js": {"path":"/Users/sekhmet/Documents/Tetris/red-tetris/server/src/models/Player.js","statementMap":{"0":{"start":{"line":4,"column":15},"end":{"line":4,"column":23}},"1":{"start":{"line":5,"column":16},"end":{"line":5,"column":17}},"2":{"start":{"line":6,"column":20},"end":{"line":6,"column":71}},"3":{"start":{"line":6,"column":53},"end":{"line":6,"column":70}},"4":{"start":{"line":8,"column":4},"end":{"line":8,"column":84}},"5":{"start":{"line":11,"column":8},"end":{"line":11,"column":31}},"6":{"start":{"line":14,"column":8},"end":{"line":14,"column":87}},"7":{"start":{"line":15,"column":8},"end":{"line":15,"column":44}},"8":{"start":{"line":15,"column":31},"end":{"line":15,"column":42}},"9":{"start":{"line":19,"column":8},"end":{"line":19,"column":110}},"10":{"start":{"line":20,"column":32},"end":{"line":20,"column":55}},"11":{"start":{"line":21,"column":8},"end":{"line":21,"column":40}},"12":{"start":{"line":22,"column":8},"end":{"line":22,"column":71}},"13":{"start":{"line":23,"column":8},"end":{"line":23,"column":43}},"14":{"start":{"line":27,"column":8},"end":{"line":27,"column":85}},"15":{"start":{"line":28,"column":8},"end":{"line":31,"column":9}},"16":{"start":{"line":29,"column":12},"end":{"line":29,"column":75}},"17":{"start":{"line":30,"column":12},"end":{"line":30,"column":25}},"18":{"start":{"line":32,"column":8},"end":{"line":32,"column":47}},"19":{"start":{"line":33,"column":8},"end":{"line":33,"column":20}},"20":{"start":{"line":37,"column":8},"end":{"line":37,"column":69}},"21":{"start":{"line":39,"column":8},"end":{"line":42,"column":9}},"22":{"start":{"line":40,"column":12},"end":{"line":40,"column":65}},"23":{"start":{"line":41,"column":12},"end":{"line":41,"column":19}},"24":{"start":{"line":45,"column":27},"end":{"line":45,"column":39}},"25":{"start":{"line":48,"column":8},"end":{"line":48,"column":39}},"26":{"start":{"line":51,"column":8},"end":{"line":53,"column":9}},"27":{"start":{"line":51,"column":21},"end":{"line":51,"column":22}},"28":{"start":{"line":52,"column":12},"end":{"line":52,"column":48}},"29":{"start":{"line":56,"column":8},"end":{"line":56,"column":27}},"30":{"start":{"line":57,"column":8},"end":{"line":57,"column":36}},"31":{"start":{"line":60,"column":8},"end":{"line":63,"column":11}},"32":{"start":{"line":65,"column":8},"end":{"line":65,"column":23}},"33":{"start":{"line":69,"column":8},"end":{"line":69,"column":89}},"34":{"start":{"line":70,"column":8},"end":{"line":70,"column":32}},"35":{"start":{"line":73,"column":4},"end":{"line":86,"column":6}}},"fnMap":{"0":{"name":"createPlayer","decl":{"start":{"line":3,"column":9},"end":{"line":3,"column":21}},"loc":{"start":{"line":3,"column":46},"end":{"line":87,"column":1}},"line":3},"1":{"name":"(anonymous_1)","decl":{"start":{"line":6,"column":47},"end":{"line":6,"column":48}},"loc":{"start":{"line":6,"column":53},"end":{"line":6,"column":70}},"line":6},"2":{"name":"setRoomName","decl":{"start":{"line":10,"column":13},"end":{"line":10,"column":24}},"loc":{"start":{"line":10,"column":38},"end":{"line":12,"column":5}},"line":10},"3":{"name":"reset","decl":{"start":{"line":13,"column":13},"end":{"line":13,"column":18}},"loc":{"start":{"line":13,"column":21},"end":{"line":16,"column":5}},"line":13},"4":{"name":"(anonymous_4)","decl":{"start":{"line":15,"column":24},"end":{"line":15,"column":25}},"loc":{"start":{"line":15,"column":31},"end":{"line":15,"column":42}},"line":15},"5":{"name":"updateScore","decl":{"start":{"line":18,"column":13},"end":{"line":18,"column":24}},"loc":{"start":{"line":18,"column":32},"end":{"line":24,"column":5}},"line":18},"6":{"name":"sendPieceSequence","decl":{"start":{"line":26,"column":13},"end":{"line":26,"column":30}},"loc":{"start":{"line":26,"column":41},"end":{"line":34,"column":5}},"line":26},"7":{"name":"receivePenaltyLines","decl":{"start":{"line":36,"column":13},"end":{"line":36,"column":32}},"loc":{"start":{"line":36,"column":43},"end":{"line":66,"column":5}},"line":36},"8":{"name":"notifyEndGame","decl":{"start":{"line":68,"column":13},"end":{"line":68,"column":26}},"loc":{"start":{"line":68,"column":29},"end":{"line":71,"column":5}},"line":68}},"branchMap":{"0":{"loc":{"start":{"line":28,"column":8},"end":{"line":31,"column":9}},"type":"if","locations":[{"start":{"line":28,"column":8},"end":{"line":31,"column":9}},{"start":{},"end":{}}],"line":28},"1":{"loc":{"start":{"line":28,"column":12},"end":{"line":28,"column":46}},"type":"binary-expr","locations":[{"start":{"line":28,"column":12},"end":{"line":28,"column":21}},{"start":{"line":28,"column":25},"end":{"line":28,"column":46}}],"line":28},"2":{"loc":{"start":{"line":39,"column":8},"end":{"line":42,"column":9}},"type":"if","locations":[{"start":{"line":39,"column":8},"end":{"line":42,"column":9}},{"start":{},"end":{}}],"line":39}},"s":{"0":62,"1":62,"2":62,"3":1240,"4":62,"5":0,"6":7,"7":7,"8":140,"9":3,"10":3,"11":3,"12":3,"13":3,"14":2,"15":2,"16":1,"17":1,"18":1,"19":1,"20":3,"21":3,"22":1,"23":1,"24":2,"25":2,"26":2,"27":2,"28":4,"29":2,"30":2,"31":2,"32":2,"33":2,"34":2,"35":62},"f":{"0":62,"1":1240,"2":0,"3":7,"4":140,"5":3,"6":2,"7":3,"8":2},"b":{"0":[1,1],"1":[2,2],"2":[1,2]},"_coverageSchema":"1a1c01bbd47fc00a2c39e90264f33305004495a9","hash":"8adb60e232d126ed585dad0091728c508faf5065"}
,"/Users/sekhmet/Documents/Tetris/red-tetris/server/src/models/SoloGame.js": {"path":"/Users/sekhmet/Documents/Tetris/red-tetris/server/src/models/SoloGame.js","statementMap":{"0":{"start":{"line":5,"column":4},"end":{"line":5,"column":74}},"1":{"start":{"line":7,"column":17},"end":{"line":7,"column":23}},"2":{"start":{"line":8,"column":19},"end":{"line":8,"column":67}},"3":{"start":{"line":9,"column":26},"end":{"line":9,"column":28}},"4":{"start":{"line":10,"column":20},"end":{"line":10,"column":25}},"5":{"start":{"line":16,"column":8},"end":{"line":19,"column":9}},"6":{"start":{"line":17,"column":12},"end":{"line":17,"column":62}},"7":{"start":{"line":18,"column":12},"end":{"line":18,"column":19}},"8":{"start":{"line":21,"column":8},"end":{"line":21,"column":105}},"9":{"start":{"line":22,"column":8},"end":{"line":22,"column":25}},"10":{"start":{"line":25,"column":33},"end":{"line":25,"column":59}},"11":{"start":{"line":26,"column":8},"end":{"line":26,"column":33}},"12":{"start":{"line":27,"column":8},"end":{"line":27,"column":48}},"13":{"start":{"line":29,"column":8},"end":{"line":29,"column":89}},"14":{"start":{"line":32,"column":8},"end":{"line":32,"column":23}},"15":{"start":{"line":35,"column":8},"end":{"line":38,"column":11}},"16":{"start":{"line":37,"column":58},"end":{"line":37,"column":75}},"17":{"start":{"line":40,"column":8},"end":{"line":40,"column":74}},"18":{"start":{"line":48,"column":8},"end":{"line":48,"column":77}},"19":{"start":{"line":49,"column":8},"end":{"line":49,"column":34}},"20":{"start":{"line":56,"column":8},"end":{"line":56,"column":67}},"21":{"start":{"line":57,"column":8},"end":{"line":57,"column":31}},"22":{"start":{"line":58,"column":8},"end":{"line":58,"column":26}},"23":{"start":{"line":65,"column":8},"end":{"line":65,"column":84}},"24":{"start":{"line":66,"column":8},"end":{"line":66,"column":26}},"25":{"start":{"line":67,"column":8},"end":{"line":67,"column":33}},"26":{"start":{"line":68,"column":8},"end":{"line":68,"column":23}},"27":{"start":{"line":72,"column":4},"end":{"line":82,"column":6}}},"fnMap":{"0":{"name":"createSoloGame","decl":{"start":{"line":4,"column":9},"end":{"line":4,"column":23}},"loc":{"start":{"line":4,"column":54},"end":{"line":83,"column":1}},"line":4},"1":{"name":"startGame","decl":{"start":{"line":15,"column":13},"end":{"line":15,"column":22}},"loc":{"start":{"line":15,"column":25},"end":{"line":41,"column":5}},"line":15},"2":{"name":"(anonymous_2)","decl":{"start":{"line":37,"column":52},"end":{"line":37,"column":53}},"loc":{"start":{"line":37,"column":58},"end":{"line":37,"column":75}},"line":37},"3":{"name":"handleLineCompletion","decl":{"start":{"line":47,"column":13},"end":{"line":47,"column":33}},"loc":{"start":{"line":47,"column":41},"end":{"line":50,"column":5}},"line":47},"4":{"name":"handleGameOver","decl":{"start":{"line":55,"column":13},"end":{"line":55,"column":27}},"loc":{"start":{"line":55,"column":30},"end":{"line":59,"column":5}},"line":55},"5":{"name":"resetGame","decl":{"start":{"line":64,"column":13},"end":{"line":64,"column":22}},"loc":{"start":{"line":64,"column":25},"end":{"line":69,"column":5}},"line":64}},"branchMap":{"0":{"loc":{"start":{"line":16,"column":8},"end":{"line":19,"column":9}},"type":"if","locations":[{"start":{"line":16,"column":8},"end":{"line":19,"column":9}},{"start":{},"end":{}}],"line":16}},"s":{"0":6,"1":6,"2":6,"3":6,"4":6,"5":6,"6":1,"7":1,"8":5,"9":5,"10":5,"11":5,"12":5,"13":5,"14":5,"15":5,"16":100,"17":5,"18":1,"19":1,"20":1,"21":1,"22":1,"23":1,"24":1,"25":1,"26":1,"27":6},"f":{"0":6,"1":6,"2":100,"3":1,"4":1,"5":1},"b":{"0":[1,5]},"_coverageSchema":"1a1c01bbd47fc00a2c39e90264f33305004495a9","hash":"548cefdfe23c13fb8135badddad264f144955a31"}
}
