TN:
SF:src/models/Game.js
FN:5,createGame
FN:17,isValidName
FN:21,addPlayer
FN:26,(anonymous_3)
FN:43,removePlayer
FN:59,getActiveRooms
FN:61,(anonymous_6)
FN:62,(anonymous_7)
FN:69,distributePieces
FN:70,(anonymous_9)
FN:75,startGameMulti
FN:99,(anonymous_11)
FN:106,getWinner
FN:108,(anonymous_13)
FN:123,resetGame
FN:126,(anonymous_15)
FN:136,handleLineCompletion
FN:139,(anonymous_17)
FN:143,(anonymous_18)
FN:160,(anonymous_19)
FN:178,getPlayerBySocketId
FN:180,(anonymous_21)
FN:184,handlePlayerGameOver
FN:196,(anonymous_23)
FN:220,isGameOver
FN:222,(anonymous_25)
FN:227,checkGameOver
FN:229,(anonymous_27)
FNF:28
FNH:4
FNDA:10,createGame
FNDA:11,isValidName
FNDA:11,addPlayer
FNDA:1,(anonymous_3)
FNDA:0,removePlayer
FNDA:0,getActiveRooms
FNDA:0,(anonymous_6)
FNDA:0,(anonymous_7)
FNDA:0,distributePieces
FNDA:0,(anonymous_9)
FNDA:0,startGameMulti
FNDA:0,(anonymous_11)
FNDA:0,getWinner
FNDA:0,(anonymous_13)
FNDA:0,resetGame
FNDA:0,(anonymous_15)
FNDA:0,handleLineCompletion
FNDA:0,(anonymous_17)
FNDA:0,(anonymous_18)
FNDA:0,(anonymous_19)
FNDA:0,getPlayerBySocketId
FNDA:0,(anonymous_21)
FNDA:0,handlePlayerGameOver
FNDA:0,(anonymous_23)
FNDA:0,isGameOver
FNDA:0,(anonymous_25)
FNDA:0,checkGameOver
FNDA:0,(anonymous_27)
DA:7,10
DA:8,0
DA:11,10
DA:12,10
DA:13,10
DA:14,10
DA:15,10
DA:18,11
DA:22,11
DA:23,1
DA:24,1
DA:26,10
DA:27,1
DA:28,1
DA:30,9
DA:31,9
DA:34,9
DA:35,9
DA:36,9
DA:37,1
DA:39,1
DA:44,0
DA:45,0
DA:46,0
DA:47,0
DA:48,0
DA:49,0
DA:50,0
DA:52,0
DA:53,0
DA:56,0
DA:60,0
DA:61,0
DA:62,0
DA:70,0
DA:71,0
DA:76,0
DA:77,0
DA:78,0
DA:81,0
DA:82,0
DA:83,0
DA:86,0
DA:87,0
DA:90,0
DA:91,0
DA:92,0
DA:94,0
DA:97,0
DA:99,0
DA:102,0
DA:103,0
DA:107,0
DA:108,0
DA:111,0
DA:112,0
DA:115,0
DA:116,0
DA:120,0
DA:124,0
DA:125,0
DA:126,0
DA:127,0
DA:128,0
DA:129,0
DA:132,0
DA:133,0
DA:137,0
DA:139,0
DA:141,0
DA:142,0
DA:143,0
DA:148,0
DA:151,0
DA:152,0
DA:153,0
DA:156,0
DA:157,0
DA:160,0
DA:161,0
DA:162,0
DA:165,0
DA:172,0
DA:179,0
DA:180,0
DA:185,0
DA:186,0
DA:187,0
DA:188,0
DA:192,0
DA:193,0
DA:196,0
DA:198,0
DA:200,0
DA:201,0
DA:202,0
DA:206,0
DA:207,0
DA:209,0
DA:210,0
DA:213,0
DA:216,0
DA:221,0
DA:222,0
DA:224,0
DA:228,0
DA:229,0
DA:231,0
DA:232,0
DA:234,0
DA:237,10
LF:111
LH:21
BRDA:7,0,0,0
BRDA:7,0,1,10
BRDA:18,1,0,11
BRDA:18,1,1,11
BRDA:22,2,0,1
BRDA:22,2,1,10
BRDA:26,3,0,1
BRDA:26,3,1,9
BRDA:34,4,0,9
BRDA:34,4,1,0
BRDA:45,5,0,0
BRDA:45,5,1,0
BRDA:47,6,0,0
BRDA:47,6,1,0
BRDA:48,7,0,0
BRDA:48,7,1,0
BRDA:56,8,0,0
BRDA:56,8,1,0
BRDA:76,9,0,0
BRDA:76,9,1,0
BRDA:81,10,0,0
BRDA:81,10,1,0
BRDA:111,11,0,0
BRDA:111,11,1,0
BRDA:115,12,0,0
BRDA:115,12,1,0
BRDA:127,13,0,0
BRDA:127,13,1,0
BRDA:141,14,0,0
BRDA:141,14,1,0
BRDA:161,15,0,0
BRDA:161,15,1,0
BRDA:186,16,0,0
BRDA:186,16,1,0
BRDA:198,17,0,0
BRDA:198,17,1,0
BRDA:207,18,0,0
BRDA:207,18,1,0
BRDA:231,19,0,0
BRDA:231,19,1,0
BRF:40
BRH:8
end_of_record
TN:
SF:src/models/Piece.js
FN:148,validateShapes
FN:149,(anonymous_1)
FN:150,(anonymous_2)
FN:151,(anonymous_3)
FN:160,createPiece
FN:163,rotate
FN:167,getCurrentShape
FN:171,clone
FN:185,shuffleArray
FN:193,generatePieceSequence
FN:196,(anonymous_10)
FN:201,generatePiece
FNF:12
FNH:12
FNDA:4,validateShapes
FNDA:28,(anonymous_1)
FNDA:84,(anonymous_2)
FNDA:264,(anonymous_3)
FNDA:4,createPiece
FNDA:4,rotate
FNDA:3,getCurrentShape
FNDA:1,clone
FNDA:1077,shuffleArray
FNDA:6,generatePieceSequence
FNDA:539,(anonymous_10)
FNDA:1,generatePiece
DA:2,3
DA:149,4
DA:150,28
DA:151,264
DA:156,3
DA:157,0
DA:161,4
DA:164,4
DA:168,3
DA:172,1
DA:176,4
DA:186,1077
DA:187,4462
DA:188,4462
DA:190,1077
DA:194,6
DA:195,6
DA:196,539
DA:198,6
DA:202,1
DA:203,1
DA:204,1
LF:22
LH:21
BRDA:156,0,0,0
BRDA:156,0,1,3
BRDA:193,1,0,0
BRF:3
BRH:1
end_of_record
TN:
SF:src/models/Player.js
FN:3,createPlayer
FN:6,(anonymous_1)
FN:10,reset
FN:12,(anonymous_3)
FN:15,updateScore
FN:23,sendPieceSequence
FN:33,receivePenaltyLines
FN:65,notifyEndGame
FNF:8
FNH:8
FNDA:23,createPlayer
FNDA:460,(anonymous_1)
FNDA:7,reset
FNDA:140,(anonymous_3)
FNDA:2,updateScore
FNDA:2,sendPieceSequence
FNDA:2,receivePenaltyLines
FNDA:2,notifyEndGame
DA:4,23
DA:5,23
DA:6,460
DA:8,23
DA:11,7
DA:12,140
DA:16,2
DA:17,2
DA:18,2
DA:19,2
DA:20,2
DA:24,2
DA:25,2
DA:26,1
DA:27,1
DA:29,1
DA:30,1
DA:34,2
DA:36,2
DA:37,1
DA:38,1
DA:42,1
DA:45,1
DA:48,1
DA:49,2
DA:53,1
DA:54,1
DA:57,1
DA:62,1
DA:66,2
DA:67,2
DA:70,23
LF:32
LH:32
BRDA:25,0,0,1
BRDA:25,0,1,1
BRDA:25,1,0,2
BRDA:25,1,1,2
BRDA:36,2,0,1
BRDA:36,2,1,1
BRF:6
BRH:6
end_of_record
TN:
SF:src/models/SoloGame.js
FN:4,createSoloGame
FN:15,startGame
FN:37,(anonymous_2)
FN:47,handleLineCompletion
FN:55,handleGameOver
FN:64,resetGame
FNF:6
FNH:6
FNDA:6,createSoloGame
FNDA:6,startGame
FNDA:100,(anonymous_2)
FNDA:1,handleLineCompletion
FNDA:1,handleGameOver
FNDA:1,resetGame
DA:5,6
DA:7,6
DA:8,6
DA:9,6
DA:10,6
DA:16,6
DA:17,1
DA:18,1
DA:21,5
DA:22,5
DA:25,5
DA:26,5
DA:27,5
DA:29,5
DA:32,5
DA:35,5
DA:37,100
DA:40,5
DA:48,1
DA:49,1
DA:56,1
DA:57,1
DA:58,1
DA:65,1
DA:66,1
DA:67,1
DA:68,1
DA:72,6
LF:28
LH:28
BRDA:16,0,0,1
BRDA:16,0,1,5
BRF:2
BRH:2
end_of_record
