TN:
SF:src/models/Game.js
FN:5,createGame
FN:17,isValidName
FN:21,addPlayer
FN:26,(anonymous_3)
FN:46,removePlayer
FN:62,getActiveRooms
FN:64,(anonymous_6)
FN:65,(anonymous_7)
FN:72,distributePieces
FN:73,(anonymous_9)
FN:78,startGameMulti
FN:102,(anonymous_11)
FN:109,getWinner
FN:111,(anonymous_13)
FN:126,resetGame
FN:129,(anonymous_15)
FN:139,handleLineCompletion
FN:142,(anonymous_17)
FN:146,(anonymous_18)
FN:166,(anonymous_19)
FN:184,getPlayerBySocketId
FN:186,(anonymous_21)
FN:190,handlePlayerGameOver
FN:202,(anonymous_23)
FN:226,isGameOver
FN:228,(anonymous_25)
FN:233,checkGameOver
FN:235,(anonymous_27)
FNF:28
FNH:11
FNDA:15,createGame
FNDA:25,isValidName
FNDA:25,addPlayer
FNDA:11,(anonymous_3)
FNDA:3,removePlayer
FNDA:0,getActiveRooms
FNDA:0,(anonymous_6)
FNDA:0,(anonymous_7)
FNDA:0,distributePieces
FNDA:0,(anonymous_9)
FNDA:3,startGameMulti
FNDA:40,(anonymous_11)
FNDA:0,getWinner
FNDA:0,(anonymous_13)
FNDA:2,resetGame
FNDA:0,(anonymous_15)
FNDA:1,handleLineCompletion
FNDA:2,(anonymous_17)
FNDA:2,(anonymous_18)
FNDA:0,(anonymous_19)
FNDA:0,getPlayerBySocketId
FNDA:0,(anonymous_21)
FNDA:0,handlePlayerGameOver
FNDA:0,(anonymous_23)
FNDA:0,isGameOver
FNDA:0,(anonymous_25)
FNDA:0,checkGameOver
FNDA:0,(anonymous_27)
DA:7,15
DA:8,0
DA:11,15
DA:12,15
DA:13,15
DA:14,15
DA:15,15
DA:18,25
DA:22,25
DA:23,2
DA:24,2
DA:26,23
DA:27,1
DA:28,1
DA:30,22
DA:31,22
DA:34,22
DA:35,13
DA:36,13
DA:37,12
DA:39,13
DA:42,22
DA:47,3
DA:48,3
DA:49,2
DA:50,2
DA:51,2
DA:52,0
DA:53,0
DA:55,2
DA:56,2
DA:59,3
DA:63,0
DA:64,0
DA:65,0
DA:73,0
DA:74,0
DA:79,3
DA:80,0
DA:81,0
DA:84,3
DA:85,1
DA:86,1
DA:89,2
DA:90,2
DA:93,2
DA:94,2
DA:95,2
DA:97,2
DA:100,2
DA:102,40
DA:105,2
DA:106,2
DA:110,0
DA:111,0
DA:114,0
DA:115,0
DA:118,0
DA:119,0
DA:123,0
DA:127,2
DA:128,2
DA:129,2
DA:130,0
DA:131,0
DA:132,0
DA:135,2
DA:136,2
DA:140,1
DA:142,2
DA:144,1
DA:145,1
DA:146,2
DA:151,1
DA:154,0
DA:155,0
DA:156,0
DA:159,0
DA:162,0
DA:163,0
DA:166,0
DA:167,0
DA:168,0
DA:171,0
DA:178,0
DA:185,0
DA:186,0
DA:191,0
DA:192,0
DA:193,0
DA:194,0
DA:198,0
DA:199,0
DA:202,0
DA:204,0
DA:206,0
DA:207,0
DA:208,0
DA:212,0
DA:213,0
DA:215,0
DA:216,0
DA:219,0
DA:222,0
DA:227,0
DA:228,0
DA:230,0
DA:234,0
DA:235,0
DA:237,0
DA:238,0
DA:240,0
DA:243,15
LF:113
LH:55
BRDA:7,0,0,0
BRDA:7,0,1,15
BRDA:18,1,0,25
BRDA:18,1,1,25
BRDA:22,2,0,2
BRDA:22,2,1,23
BRDA:26,3,0,1
BRDA:26,3,1,22
BRDA:34,4,0,13
BRDA:34,4,1,9
BRDA:36,5,0,12
BRDA:36,5,1,1
BRDA:36,6,0,13
BRDA:36,6,1,12
BRDA:48,7,0,2
BRDA:48,7,1,1
BRDA:50,8,0,0
BRDA:50,8,1,2
BRDA:51,9,0,0
BRDA:51,9,1,2
BRDA:59,10,0,2
BRDA:59,10,1,1
BRDA:79,11,0,0
BRDA:79,11,1,3
BRDA:84,12,0,1
BRDA:84,12,1,2
BRDA:114,13,0,0
BRDA:114,13,1,0
BRDA:118,14,0,0
BRDA:118,14,1,0
BRDA:130,15,0,0
BRDA:130,15,1,0
BRDA:144,16,0,1
BRDA:144,16,1,0
BRDA:167,17,0,0
BRDA:167,17,1,0
BRDA:192,18,0,0
BRDA:192,18,1,0
BRDA:204,19,0,0
BRDA:204,19,1,0
BRDA:213,20,0,0
BRDA:213,20,1,0
BRDA:237,21,0,0
BRDA:237,21,1,0
BRF:44
BRH:23
end_of_record
TN:
SF:src/models/Piece.js
FN:149,validateShapes
FN:153,(anonymous_1)
FN:154,(anonymous_2)
FN:155,(anonymous_3)
FN:160,createPiece
FN:166,rotate
FN:170,getCurrentShape
FN:174,clone
FN:188,shuffleArray
FN:196,generatePieceSequence
FN:202,(anonymous_10)
FN:207,generatePiece
FNF:12
FNH:12
FNDA:14,validateShapes
FNDA:10,(anonymous_1)
FNDA:35,(anonymous_2)
FNDA:121,(anonymous_3)
FNDA:9,createPiece
FNDA:6,rotate
FNDA:7,getCurrentShape
FNDA:2,clone
FNDA:2567,shuffleArray
FNDA:26,generatePieceSequence
FNDA:10969,(anonymous_10)
FNDA:2,generatePiece
DA:3,3
DA:150,14
DA:151,4
DA:153,10
DA:154,10
DA:155,121
DA:161,9
DA:162,1
DA:164,8
DA:167,6
DA:171,7
DA:175,2
DA:179,8
DA:189,2567
DA:190,13402
DA:191,13402
DA:193,2567
DA:197,26
DA:198,2
DA:200,24
DA:201,24
DA:202,10969
DA:204,24
DA:208,2
DA:209,2
DA:210,2
LF:26
LH:26
BRDA:150,0,0,4
BRDA:150,0,1,10
BRDA:161,1,0,1
BRDA:161,1,1,8
BRDA:196,2,0,2
BRDA:197,3,0,2
BRDA:197,3,1,24
BRF:7
BRH:7
end_of_record
TN:
SF:src/models/Player.js
FN:3,createPlayer
FN:6,(anonymous_1)
FN:10,reset
FN:12,(anonymous_3)
FN:15,updateScore
FN:23,sendPieceSequence
FN:33,receivePenaltyLines
FN:65,notifyEndGame
FNF:8
FNH:8
FNDA:36,createPlayer
FNDA:720,(anonymous_1)
FNDA:7,reset
FNDA:140,(anonymous_3)
FNDA:2,updateScore
FNDA:2,sendPieceSequence
FNDA:2,receivePenaltyLines
FNDA:2,notifyEndGame
DA:4,36
DA:5,36
DA:6,720
DA:8,36
DA:11,7
DA:12,140
DA:16,2
DA:17,2
DA:18,2
DA:19,2
DA:20,2
DA:24,2
DA:25,2
DA:26,1
DA:27,1
DA:29,1
DA:30,1
DA:34,2
DA:36,2
DA:37,1
DA:38,1
DA:42,1
DA:45,1
DA:48,1
DA:49,2
DA:53,1
DA:54,1
DA:57,1
DA:62,1
DA:66,2
DA:67,2
DA:70,36
LF:32
LH:32
BRDA:25,0,0,1
BRDA:25,0,1,1
BRDA:25,1,0,2
BRDA:25,1,1,2
BRDA:36,2,0,1
BRDA:36,2,1,1
BRF:6
BRH:6
end_of_record
TN:
SF:src/models/SoloGame.js
FN:4,createSoloGame
FN:15,startGame
FN:37,(anonymous_2)
FN:47,handleLineCompletion
FN:55,handleGameOver
FN:64,resetGame
FNF:6
FNH:6
FNDA:6,createSoloGame
FNDA:6,startGame
FNDA:100,(anonymous_2)
FNDA:1,handleLineCompletion
FNDA:1,handleGameOver
FNDA:1,resetGame
DA:5,6
DA:7,6
DA:8,6
DA:9,6
DA:10,6
DA:16,6
DA:17,1
DA:18,1
DA:21,5
DA:22,5
DA:25,5
DA:26,5
DA:27,5
DA:29,5
DA:32,5
DA:35,5
DA:37,100
DA:40,5
DA:48,1
DA:49,1
DA:56,1
DA:57,1
DA:58,1
DA:65,1
DA:66,1
DA:67,1
DA:68,1
DA:72,6
LF:28
LH:28
BRDA:16,0,0,1
BRDA:16,0,1,5
BRF:2
BRH:2
end_of_record
