{"/Users/sekhmet/Documents/Tetris/red-tetris/client/src/App.jsx": {"path":"/Users/sekhmet/Documents/Tetris/red-tetris/client/src/App.jsx","statementMap":{"0":{"start":{"line":5,"column":2},"end":{"line":10,"column":4}}},"fnMap":{"0":{"name":"App","decl":{"start":{"line":4,"column":9},"end":{"line":4,"column":12}},"loc":{"start":{"line":4,"column":15},"end":{"line":11,"column":1}},"line":4}},"branchMap":{},"s":{"0":0},"f":{"0":0},"b":{}}
,"/Users/sekhmet/Documents/Tetris/red-tetris/client/src/TetrisGame.jsx": {"path":"/Users/sekhmet/Documents/Tetris/red-tetris/client/src/TetrisGame.jsx","statementMap":{"0":{"start":{"line":6,"column":15},"end":{"line":8,"column":2}},"1":{"start":{"line":10,"column":23},"end":{"line":10,"column":25}},"2":{"start":{"line":11,"column":23},"end":{"line":11,"column":25}},"3":{"start":{"line":12,"column":18},"end":{"line":12,"column":19}},"4":{"start":{"line":13,"column":18},"end":{"line":13,"column":19}},"5":{"start":{"line":15,"column":15},"end":{"line":145,"column":1}},"6":{"start":{"line":147,"column":24},"end":{"line":147,"column":47}},"7":{"start":{"line":150,"column":30},"end":{"line":152,"column":3}},"8":{"start":{"line":151,"column":49},"end":{"line":151,"column":78}},"9":{"start":{"line":153,"column":28},"end":{"line":153,"column":47}},"10":{"start":{"line":154,"column":28},"end":{"line":154,"column":47}},"11":{"start":{"line":155,"column":34},"end":{"line":155,"column":48}},"12":{"start":{"line":156,"column":34},"end":{"line":156,"column":45}},"13":{"start":{"line":157,"column":28},"end":{"line":157,"column":39}},"14":{"start":{"line":158,"column":18},"end":{"line":158,"column":31}},"15":{"start":{"line":159,"column":44},"end":{"line":163,"column":4}},"16":{"start":{"line":164,"column":34},"end":{"line":164,"column":49}},"17":{"start":{"line":165,"column":34},"end":{"line":165,"column":49}},"18":{"start":{"line":166,"column":28},"end":{"line":166,"column":40}},"19":{"start":{"line":167,"column":44},"end":{"line":167,"column":56}},"20":{"start":{"line":168,"column":38},"end":{"line":168,"column":49}},"21":{"start":{"line":169,"column":44},"end":{"line":169,"column":59}},"22":{"start":{"line":170,"column":32},"end":{"line":170,"column":47}},"23":{"start":{"line":171,"column":34},"end":{"line":171,"column":48}},"24":{"start":{"line":173,"column":17},"end":{"line":173,"column":60}},"25":{"start":{"line":174,"column":26},"end":{"line":174,"column":60}},"26":{"start":{"line":174,"column":41},"end":{"line":174,"column":59}},"27":{"start":{"line":175,"column":38},"end":{"line":177,"column":3}},"28":{"start":{"line":176,"column":10},"end":{"line":176,"column":42}},"29":{"start":{"line":179,"column":26},"end":{"line":179,"column":60}},"30":{"start":{"line":179,"column":41},"end":{"line":179,"column":59}},"31":{"start":{"line":181,"column":19},"end":{"line":199,"column":3}},"32":{"start":{"line":182,"column":4},"end":{"line":185,"column":5}},"33":{"start":{"line":183,"column":6},"end":{"line":183,"column":68}},"34":{"start":{"line":184,"column":6},"end":{"line":184,"column":13}},"35":{"start":{"line":186,"column":23},"end":{"line":186,"column":49}},"36":{"start":{"line":187,"column":4},"end":{"line":198,"column":5}},"37":{"start":{"line":188,"column":6},"end":{"line":188,"column":24}},"38":{"start":{"line":189,"column":6},"end":{"line":189,"column":32}},"39":{"start":{"line":190,"column":6},"end":{"line":190,"column":29}},"40":{"start":{"line":191,"column":6},"end":{"line":195,"column":8}},"41":{"start":{"line":197,"column":6},"end":{"line":197,"column":38}},"42":{"start":{"line":201,"column":24},"end":{"line":231,"column":3}},"43":{"start":{"line":202,"column":4},"end":{"line":230,"column":9}},"44":{"start":{"line":204,"column":8},"end":{"line":206,"column":9}},"45":{"start":{"line":205,"column":10},"end":{"line":205,"column":68}},"46":{"start":{"line":207,"column":8},"end":{"line":207,"column":31}},"47":{"start":{"line":210,"column":8},"end":{"line":225,"column":9}},"48":{"start":{"line":211,"column":28},"end":{"line":211,"column":49}},"49":{"start":{"line":212,"column":26},"end":{"line":212,"column":60}},"50":{"start":{"line":213,"column":32},"end":{"line":213,"column":72}},"51":{"start":{"line":214,"column":26},"end":{"line":214,"column":70}},"52":{"start":{"line":215,"column":10},"end":{"line":215,"column":27}},"53":{"start":{"line":216,"column":10},"end":{"line":216,"column":27}},"54":{"start":{"line":217,"column":10},"end":{"line":217,"column":39}},"55":{"start":{"line":218,"column":10},"end":{"line":222,"column":12}},"56":{"start":{"line":224,"column":10},"end":{"line":224,"column":73}},"57":{"start":{"line":228,"column":8},"end":{"line":228,"column":77}},"58":{"start":{"line":229,"column":8},"end":{"line":229,"column":65}},"59":{"start":{"line":233,"column":31},"end":{"line":252,"column":3}},"60":{"start":{"line":234,"column":4},"end":{"line":234,"column":27}},"61":{"start":{"line":235,"column":4},"end":{"line":251,"column":9}},"62":{"start":{"line":237,"column":8},"end":{"line":239,"column":9}},"63":{"start":{"line":238,"column":10},"end":{"line":238,"column":62}},"64":{"start":{"line":240,"column":8},"end":{"line":240,"column":31}},"65":{"start":{"line":243,"column":27},"end":{"line":245,"column":9}},"66":{"start":{"line":244,"column":20},"end":{"line":244,"column":61}},"67":{"start":{"line":246,"column":8},"end":{"line":246,"column":29}},"68":{"start":{"line":249,"column":8},"end":{"line":249,"column":75}},"69":{"start":{"line":250,"column":8},"end":{"line":250,"column":72}},"70":{"start":{"line":254,"column":26},"end":{"line":274,"column":3}},"71":{"start":{"line":255,"column":4},"end":{"line":260,"column":5}},"72":{"start":{"line":256,"column":6},"end":{"line":258,"column":8}},"73":{"start":{"line":259,"column":6},"end":{"line":259,"column":13}},"74":{"start":{"line":262,"column":4},"end":{"line":262,"column":72}},"75":{"start":{"line":263,"column":4},"end":{"line":263,"column":22}},"76":{"start":{"line":265,"column":4},"end":{"line":273,"column":7}},"77":{"start":{"line":266,"column":6},"end":{"line":266,"column":61}},"78":{"start":{"line":267,"column":6},"end":{"line":271,"column":7}},"79":{"start":{"line":268,"column":8},"end":{"line":268,"column":71}},"80":{"start":{"line":269,"column":8},"end":{"line":269,"column":67}},"81":{"start":{"line":270,"column":8},"end":{"line":270,"column":15}},"82":{"start":{"line":272,"column":6},"end":{"line":272,"column":57}},"83":{"start":{"line":276,"column":31},"end":{"line":306,"column":3}},"84":{"start":{"line":277,"column":4},"end":{"line":282,"column":5}},"85":{"start":{"line":278,"column":6},"end":{"line":280,"column":8}},"86":{"start":{"line":281,"column":6},"end":{"line":281,"column":13}},"87":{"start":{"line":284,"column":4},"end":{"line":287,"column":5}},"88":{"start":{"line":285,"column":6},"end":{"line":285,"column":73}},"89":{"start":{"line":286,"column":6},"end":{"line":286,"column":13}},"90":{"start":{"line":289,"column":4},"end":{"line":292,"column":5}},"91":{"start":{"line":290,"column":6},"end":{"line":290,"column":68}},"92":{"start":{"line":291,"column":6},"end":{"line":291,"column":13}},"93":{"start":{"line":294,"column":4},"end":{"line":294,"column":57}},"94":{"start":{"line":296,"column":4},"end":{"line":296,"column":28}},"95":{"start":{"line":298,"column":4},"end":{"line":305,"column":7}},"96":{"start":{"line":299,"column":6},"end":{"line":303,"column":7}},"97":{"start":{"line":300,"column":8},"end":{"line":300,"column":58}},"98":{"start":{"line":301,"column":8},"end":{"line":301,"column":62}},"99":{"start":{"line":302,"column":8},"end":{"line":302,"column":15}},"100":{"start":{"line":304,"column":6},"end":{"line":304,"column":62}},"101":{"start":{"line":308,"column":30},"end":{"line":312,"column":3}},"102":{"start":{"line":309,"column":4},"end":{"line":311,"column":6}},"103":{"start":{"line":310,"column":16},"end":{"line":310,"column":46}},"104":{"start":{"line":310,"column":37},"end":{"line":310,"column":45}},"105":{"start":{"line":314,"column":28},"end":{"line":320,"column":3}},"106":{"start":{"line":315,"column":4},"end":{"line":319,"column":6}},"107":{"start":{"line":316,"column":6},"end":{"line":318,"column":14}},"108":{"start":{"line":316,"column":27},"end":{"line":316,"column":38}},"109":{"start":{"line":322,"column":24},"end":{"line":348,"column":3}},"110":{"start":{"line":324,"column":6},"end":{"line":345,"column":7}},"111":{"start":{"line":325,"column":8},"end":{"line":327,"column":10}},"112":{"start":{"line":329,"column":8},"end":{"line":344,"column":11}},"113":{"start":{"line":330,"column":28},"end":{"line":330,"column":66}},"114":{"start":{"line":330,"column":56},"end":{"line":330,"column":64}},"115":{"start":{"line":333,"column":34},"end":{"line":333,"column":56}},"116":{"start":{"line":334,"column":27},"end":{"line":337,"column":11}},"117":{"start":{"line":336,"column":18},"end":{"line":336,"column":48}},"118":{"start":{"line":338,"column":37},"end":{"line":338,"column":70}},"119":{"start":{"line":340,"column":10},"end":{"line":340,"column":49}},"120":{"start":{"line":341,"column":10},"end":{"line":341,"column":44}},"121":{"start":{"line":343,"column":10},"end":{"line":343,"column":36}},"122":{"start":{"line":350,"column":20},"end":{"line":374,"column":18}},"123":{"start":{"line":351,"column":4},"end":{"line":355,"column":6}},"124":{"start":{"line":353,"column":8},"end":{"line":353,"column":37}},"125":{"start":{"line":356,"column":4},"end":{"line":356,"column":24}},"126":{"start":{"line":357,"column":4},"end":{"line":357,"column":24}},"127":{"start":{"line":358,"column":4},"end":{"line":358,"column":19}},"128":{"start":{"line":359,"column":4},"end":{"line":359,"column":16}},"129":{"start":{"line":360,"column":4},"end":{"line":360,"column":25}},"130":{"start":{"line":361,"column":4},"end":{"line":361,"column":21}},"131":{"start":{"line":362,"column":4},"end":{"line":362,"column":22}},"132":{"start":{"line":363,"column":4},"end":{"line":363,"column":28}},"133":{"start":{"line":364,"column":4},"end":{"line":364,"column":22}},"134":{"start":{"line":365,"column":4},"end":{"line":369,"column":7}},"135":{"start":{"line":371,"column":4},"end":{"line":373,"column":5}},"136":{"start":{"line":372,"column":6},"end":{"line":372,"column":43}},"137":{"start":{"line":376,"column":20},"end":{"line":417,"column":3}},"138":{"start":{"line":378,"column":6},"end":{"line":380,"column":7}},"139":{"start":{"line":379,"column":8},"end":{"line":379,"column":20}},"140":{"start":{"line":382,"column":6},"end":{"line":385,"column":7}},"141":{"start":{"line":383,"column":8},"end":{"line":383,"column":52}},"142":{"start":{"line":384,"column":8},"end":{"line":384,"column":20}},"143":{"start":{"line":387,"column":6},"end":{"line":392,"column":7}},"144":{"start":{"line":388,"column":8},"end":{"line":390,"column":10}},"145":{"start":{"line":391,"column":8},"end":{"line":391,"column":20}},"146":{"start":{"line":394,"column":20},"end":{"line":394,"column":52}},"147":{"start":{"line":396,"column":6},"end":{"line":412,"column":7}},"148":{"start":{"line":396,"column":19},"end":{"line":396,"column":20}},"149":{"start":{"line":397,"column":8},"end":{"line":411,"column":9}},"150":{"start":{"line":397,"column":21},"end":{"line":397,"column":22}},"151":{"start":{"line":398,"column":10},"end":{"line":410,"column":11}},"152":{"start":{"line":399,"column":25},"end":{"line":399,"column":44}},"153":{"start":{"line":400,"column":25},"end":{"line":400,"column":44}},"154":{"start":{"line":402,"column":12},"end":{"line":409,"column":13}},"155":{"start":{"line":408,"column":14},"end":{"line":408,"column":26}},"156":{"start":{"line":414,"column":6},"end":{"line":414,"column":19}},"157":{"start":{"line":419,"column":33},"end":{"line":439,"column":3}},"158":{"start":{"line":421,"column":27},"end":{"line":421,"column":28}},"159":{"start":{"line":422,"column":6},"end":{"line":428,"column":7}},"160":{"start":{"line":422,"column":19},"end":{"line":422,"column":20}},"161":{"start":{"line":423,"column":8},"end":{"line":427,"column":9}},"162":{"start":{"line":423,"column":41},"end":{"line":423,"column":51}},"163":{"start":{"line":424,"column":10},"end":{"line":424,"column":33}},"164":{"start":{"line":425,"column":10},"end":{"line":425,"column":59}},"165":{"start":{"line":426,"column":10},"end":{"line":426,"column":27}},"166":{"start":{"line":429,"column":6},"end":{"line":435,"column":7}},"167":{"start":{"line":430,"column":8},"end":{"line":430,"column":74}},"168":{"start":{"line":431,"column":8},"end":{"line":434,"column":11}},"169":{"start":{"line":436,"column":6},"end":{"line":436,"column":28}},"170":{"start":{"line":441,"column":21},"end":{"line":506,"column":4}},"171":{"start":{"line":442,"column":22},"end":{"line":442,"column":51}},"172":{"start":{"line":442,"column":42},"end":{"line":442,"column":50}},"173":{"start":{"line":444,"column":4},"end":{"line":447,"column":5}},"174":{"start":{"line":445,"column":6},"end":{"line":445,"column":77}},"175":{"start":{"line":446,"column":6},"end":{"line":446,"column":13}},"176":{"start":{"line":449,"column":4},"end":{"line":464,"column":7}},"177":{"start":{"line":450,"column":6},"end":{"line":463,"column":9}},"178":{"start":{"line":451,"column":8},"end":{"line":462,"column":9}},"179":{"start":{"line":452,"column":23},"end":{"line":452,"column":32}},"180":{"start":{"line":453,"column":23},"end":{"line":453,"column":32}},"181":{"start":{"line":454,"column":10},"end":{"line":461,"column":11}},"182":{"start":{"line":460,"column":12},"end":{"line":460,"column":38}},"183":{"start":{"line":466,"column":28},"end":{"line":466,"column":58}},"184":{"start":{"line":467,"column":4},"end":{"line":467,"column":73}},"185":{"start":{"line":469,"column":27},"end":{"line":469,"column":60}},"186":{"start":{"line":470,"column":4},"end":{"line":470,"column":54}},"187":{"start":{"line":471,"column":4},"end":{"line":471,"column":25}},"188":{"start":{"line":473,"column":4},"end":{"line":480,"column":5}},"189":{"start":{"line":474,"column":6},"end":{"line":479,"column":9}},"190":{"start":{"line":475,"column":25},"end":{"line":475,"column":38}},"191":{"start":{"line":476,"column":31},"end":{"line":476,"column":77}},"192":{"start":{"line":477,"column":8},"end":{"line":477,"column":36}},"193":{"start":{"line":478,"column":8},"end":{"line":478,"column":24}},"194":{"start":{"line":481,"column":4},"end":{"line":495,"column":5}},"195":{"start":{"line":482,"column":6},"end":{"line":494,"column":9}},"196":{"start":{"line":483,"column":25},"end":{"line":483,"column":38}},"197":{"start":{"line":484,"column":8},"end":{"line":491,"column":9}},"198":{"start":{"line":485,"column":10},"end":{"line":489,"column":14}},"199":{"start":{"line":485,"column":38},"end":{"line":489,"column":11}},"200":{"start":{"line":490,"column":10},"end":{"line":490,"column":27}},"201":{"start":{"line":492,"column":8},"end":{"line":492,"column":45}},"202":{"start":{"line":493,"column":8},"end":{"line":493,"column":24}},"203":{"start":{"line":508,"column":25},"end":{"line":548,"column":48}},"204":{"start":{"line":509,"column":4},"end":{"line":511,"column":5}},"205":{"start":{"line":510,"column":6},"end":{"line":510,"column":20}},"206":{"start":{"line":514,"column":24},"end":{"line":514,"column":53}},"207":{"start":{"line":514,"column":44},"end":{"line":514,"column":52}},"208":{"start":{"line":516,"column":4},"end":{"line":547,"column":5}},"209":{"start":{"line":518,"column":6},"end":{"line":521,"column":7}},"210":{"start":{"line":519,"column":8},"end":{"line":519,"column":75}},"211":{"start":{"line":520,"column":8},"end":{"line":520,"column":27}},"212":{"start":{"line":524,"column":6},"end":{"line":540,"column":9}},"213":{"start":{"line":525,"column":8},"end":{"line":539,"column":11}},"214":{"start":{"line":526,"column":10},"end":{"line":538,"column":11}},"215":{"start":{"line":527,"column":25},"end":{"line":527,"column":34}},"216":{"start":{"line":528,"column":25},"end":{"line":528,"column":34}},"217":{"start":{"line":529,"column":12},"end":{"line":537,"column":13}},"218":{"start":{"line":536,"column":14},"end":{"line":536,"column":42}},"219":{"start":{"line":543,"column":6},"end":{"line":543,"column":25}},"220":{"start":{"line":545,"column":6},"end":{"line":545,"column":58}},"221":{"start":{"line":546,"column":6},"end":{"line":546,"column":25}},"222":{"start":{"line":550,"column":30},"end":{"line":562,"column":3}},"223":{"start":{"line":551,"column":4},"end":{"line":551,"column":22}},"224":{"start":{"line":552,"column":4},"end":{"line":552,"column":25}},"225":{"start":{"line":553,"column":4},"end":{"line":553,"column":21}},"226":{"start":{"line":555,"column":4},"end":{"line":561,"column":5}},"227":{"start":{"line":556,"column":6},"end":{"line":556,"column":22}},"228":{"start":{"line":557,"column":11},"end":{"line":561,"column":5}},"229":{"start":{"line":558,"column":6},"end":{"line":558,"column":20}},"230":{"start":{"line":559,"column":6},"end":{"line":559,"column":26}},"231":{"start":{"line":560,"column":6},"end":{"line":560,"column":29}},"232":{"start":{"line":564,"column":20},"end":{"line":582,"column":3}},"233":{"start":{"line":565,"column":4},"end":{"line":568,"column":5}},"234":{"start":{"line":566,"column":6},"end":{"line":566,"column":68}},"235":{"start":{"line":567,"column":6},"end":{"line":567,"column":13}},"236":{"start":{"line":570,"column":4},"end":{"line":570,"column":61}},"237":{"start":{"line":572,"column":4},"end":{"line":574,"column":7}},"238":{"start":{"line":573,"column":6},"end":{"line":573,"column":29}},"239":{"start":{"line":576,"column":4},"end":{"line":579,"column":7}},"240":{"start":{"line":577,"column":6},"end":{"line":577,"column":63}},"241":{"start":{"line":578,"column":6},"end":{"line":578,"column":28}},"242":{"start":{"line":581,"column":4},"end":{"line":581,"column":52}},"243":{"start":{"line":584,"column":19},"end":{"line":665,"column":3}},"244":{"start":{"line":585,"column":23},"end":{"line":585,"column":24}},"245":{"start":{"line":588,"column":4},"end":{"line":590,"column":5}},"246":{"start":{"line":589,"column":6},"end":{"line":589,"column":21}},"247":{"start":{"line":593,"column":19},"end":{"line":593,"column":39}},"248":{"start":{"line":596,"column":4},"end":{"line":596,"column":21}},"249":{"start":{"line":599,"column":22},"end":{"line":599,"column":51}},"250":{"start":{"line":599,"column":42},"end":{"line":599,"column":50}},"251":{"start":{"line":602,"column":4},"end":{"line":617,"column":7}},"252":{"start":{"line":603,"column":6},"end":{"line":616,"column":9}},"253":{"start":{"line":604,"column":8},"end":{"line":615,"column":9}},"254":{"start":{"line":605,"column":23},"end":{"line":605,"column":32}},"255":{"start":{"line":606,"column":23},"end":{"line":606,"column":33}},"256":{"start":{"line":607,"column":10},"end":{"line":614,"column":11}},"257":{"start":{"line":613,"column":12},"end":{"line":613,"column":38}},"258":{"start":{"line":620,"column":27},"end":{"line":620,"column":60}},"259":{"start":{"line":621,"column":4},"end":{"line":621,"column":54}},"260":{"start":{"line":622,"column":4},"end":{"line":622,"column":25}},"261":{"start":{"line":625,"column":4},"end":{"line":646,"column":5}},"262":{"start":{"line":626,"column":6},"end":{"line":631,"column":9}},"263":{"start":{"line":627,"column":25},"end":{"line":627,"column":38}},"264":{"start":{"line":628,"column":31},"end":{"line":628,"column":77}},"265":{"start":{"line":629,"column":8},"end":{"line":629,"column":36}},"266":{"start":{"line":630,"column":8},"end":{"line":630,"column":24}},"267":{"start":{"line":632,"column":11},"end":{"line":646,"column":5}},"268":{"start":{"line":633,"column":6},"end":{"line":645,"column":9}},"269":{"start":{"line":634,"column":25},"end":{"line":634,"column":38}},"270":{"start":{"line":635,"column":8},"end":{"line":642,"column":9}},"271":{"start":{"line":636,"column":10},"end":{"line":640,"column":14}},"272":{"start":{"line":636,"column":38},"end":{"line":640,"column":11}},"273":{"start":{"line":641,"column":10},"end":{"line":641,"column":27}},"274":{"start":{"line":643,"column":8},"end":{"line":643,"column":45}},"275":{"start":{"line":644,"column":8},"end":{"line":644,"column":24}},"276":{"start":{"line":649,"column":4},"end":{"line":649,"column":24}},"277":{"start":{"line":650,"column":4},"end":{"line":650,"column":24}},"278":{"start":{"line":651,"column":4},"end":{"line":651,"column":19}},"279":{"start":{"line":654,"column":4},"end":{"line":664,"column":5}},"280":{"start":{"line":655,"column":6},"end":{"line":659,"column":10}},"281":{"start":{"line":655,"column":34},"end":{"line":659,"column":7}},"282":{"start":{"line":660,"column":6},"end":{"line":663,"column":7}},"283":{"start":{"line":661,"column":8},"end":{"line":661,"column":60}},"284":{"start":{"line":662,"column":8},"end":{"line":662,"column":64}},"285":{"start":{"line":667,"column":2},"end":{"line":689,"column":13}},"286":{"start":{"line":669,"column":4},"end":{"line":669,"column":22}},"287":{"start":{"line":669,"column":15},"end":{"line":669,"column":22}},"288":{"start":{"line":671,"column":4},"end":{"line":671,"column":22}},"289":{"start":{"line":672,"column":4},"end":{"line":672,"column":21}},"290":{"start":{"line":673,"column":4},"end":{"line":673,"column":25}},"291":{"start":{"line":674,"column":4},"end":{"line":674,"column":24}},"292":{"start":{"line":675,"column":4},"end":{"line":675,"column":24}},"293":{"start":{"line":676,"column":4},"end":{"line":676,"column":19}},"294":{"start":{"line":677,"column":4},"end":{"line":681,"column":6}},"295":{"start":{"line":679,"column":8},"end":{"line":679,"column":37}},"296":{"start":{"line":682,"column":4},"end":{"line":682,"column":16}},"297":{"start":{"line":683,"column":4},"end":{"line":687,"column":7}},"298":{"start":{"line":688,"column":4},"end":{"line":688,"column":28}},"299":{"start":{"line":691,"column":2},"end":{"line":703,"column":9}},"300":{"start":{"line":692,"column":4},"end":{"line":698,"column":7}},"301":{"start":{"line":693,"column":6},"end":{"line":696,"column":8}},"302":{"start":{"line":697,"column":6},"end":{"line":697,"column":28}},"303":{"start":{"line":700,"column":4},"end":{"line":702,"column":6}},"304":{"start":{"line":701,"column":6},"end":{"line":701,"column":34}},"305":{"start":{"line":705,"column":2},"end":{"line":710,"column":19}},"306":{"start":{"line":707,"column":4},"end":{"line":709,"column":5}},"307":{"start":{"line":708,"column":6},"end":{"line":708,"column":43}},"308":{"start":{"line":712,"column":2},"end":{"line":730,"column":13}},"309":{"start":{"line":714,"column":4},"end":{"line":729,"column":5}},"310":{"start":{"line":715,"column":25},"end":{"line":723,"column":7}},"311":{"start":{"line":716,"column":8},"end":{"line":722,"column":9}},"312":{"start":{"line":717,"column":27},"end":{"line":717,"column":69}},"313":{"start":{"line":718,"column":23},"end":{"line":718,"column":44}},"314":{"start":{"line":719,"column":10},"end":{"line":719,"column":25}},"315":{"start":{"line":721,"column":10},"end":{"line":721,"column":77}},"316":{"start":{"line":725,"column":6},"end":{"line":725,"column":19}},"317":{"start":{"line":726,"column":23},"end":{"line":726,"column":52}},"318":{"start":{"line":728,"column":6},"end":{"line":728,"column":43}},"319":{"start":{"line":728,"column":19},"end":{"line":728,"column":42}},"320":{"start":{"line":732,"column":2},"end":{"line":814,"column":28}},"321":{"start":{"line":734,"column":4},"end":{"line":813,"column":5}},"322":{"start":{"line":735,"column":32},"end":{"line":762,"column":7}},"323":{"start":{"line":736,"column":8},"end":{"line":736,"column":76}},"324":{"start":{"line":738,"column":8},"end":{"line":742,"column":9}},"325":{"start":{"line":739,"column":10},"end":{"line":739,"column":79}},"326":{"start":{"line":740,"column":10},"end":{"line":740,"column":53}},"327":{"start":{"line":741,"column":10},"end":{"line":741,"column":17}},"328":{"start":{"line":744,"column":8},"end":{"line":744,"column":33}},"329":{"start":{"line":745,"column":8},"end":{"line":745,"column":25}},"330":{"start":{"line":746,"column":8},"end":{"line":746,"column":31}},"331":{"start":{"line":747,"column":8},"end":{"line":747,"column":31}},"332":{"start":{"line":748,"column":8},"end":{"line":752,"column":10}},"333":{"start":{"line":750,"column":12},"end":{"line":750,"column":41}},"334":{"start":{"line":753,"column":8},"end":{"line":753,"column":28}},"335":{"start":{"line":754,"column":8},"end":{"line":754,"column":28}},"336":{"start":{"line":755,"column":8},"end":{"line":755,"column":23}},"337":{"start":{"line":756,"column":8},"end":{"line":756,"column":20}},"338":{"start":{"line":757,"column":8},"end":{"line":761,"column":11}},"339":{"start":{"line":764,"column":29},"end":{"line":772,"column":7}},"340":{"start":{"line":765,"column":8},"end":{"line":765,"column":74}},"341":{"start":{"line":766,"column":8},"end":{"line":770,"column":11}},"342":{"start":{"line":771,"column":8},"end":{"line":771,"column":32}},"343":{"start":{"line":774,"column":30},"end":{"line":794,"column":7}},"344":{"start":{"line":775,"column":8},"end":{"line":779,"column":11}},"345":{"start":{"line":780,"column":8},"end":{"line":780,"column":32}},"346":{"start":{"line":781,"column":8},"end":{"line":785,"column":10}},"347":{"start":{"line":783,"column":12},"end":{"line":783,"column":41}},"348":{"start":{"line":786,"column":8},"end":{"line":793,"column":9}},"349":{"start":{"line":787,"column":10},"end":{"line":792,"column":14}},"350":{"start":{"line":788,"column":32},"end":{"line":788,"column":47}},"351":{"start":{"line":789,"column":36},"end":{"line":789,"column":58}},"352":{"start":{"line":791,"column":14},"end":{"line":791,"column":79}},"353":{"start":{"line":796,"column":6},"end":{"line":796,"column":50}},"354":{"start":{"line":797,"column":6},"end":{"line":797,"column":49}},"355":{"start":{"line":798,"column":6},"end":{"line":800,"column":9}},"356":{"start":{"line":799,"column":8},"end":{"line":799,"column":27}},"357":{"start":{"line":801,"column":6},"end":{"line":801,"column":57}},"358":{"start":{"line":801,"column":38},"end":{"line":801,"column":55}},"359":{"start":{"line":802,"column":6},"end":{"line":802,"column":74}},"360":{"start":{"line":802,"column":50},"end":{"line":802,"column":72}},"361":{"start":{"line":803,"column":6},"end":{"line":803,"column":46}},"362":{"start":{"line":805,"column":6},"end":{"line":812,"column":8}},"363":{"start":{"line":806,"column":8},"end":{"line":806,"column":53}},"364":{"start":{"line":807,"column":8},"end":{"line":807,"column":52}},"365":{"start":{"line":808,"column":8},"end":{"line":808,"column":35}},"366":{"start":{"line":809,"column":8},"end":{"line":809,"column":35}},"367":{"start":{"line":811,"column":8},"end":{"line":811,"column":32}},"368":{"start":{"line":816,"column":2},"end":{"line":821,"column":31}},"369":{"start":{"line":818,"column":4},"end":{"line":820,"column":5}},"370":{"start":{"line":819,"column":6},"end":{"line":819,"column":58}},"371":{"start":{"line":823,"column":2},"end":{"line":828,"column":32}},"372":{"start":{"line":825,"column":4},"end":{"line":827,"column":5}},"373":{"start":{"line":826,"column":6},"end":{"line":826,"column":44}},"374":{"start":{"line":830,"column":2},"end":{"line":841,"column":40}},"375":{"start":{"line":832,"column":4},"end":{"line":832,"column":55}},"376":{"start":{"line":833,"column":4},"end":{"line":840,"column":6}},"377":{"start":{"line":843,"column":2},"end":{"line":871,"column":13}},"378":{"start":{"line":844,"column":4},"end":{"line":870,"column":5}},"379":{"start":{"line":845,"column":6},"end":{"line":845,"column":67}},"380":{"start":{"line":847,"column":32},"end":{"line":862,"column":7}},"381":{"start":{"line":848,"column":8},"end":{"line":851,"column":10}},"382":{"start":{"line":853,"column":8},"end":{"line":856,"column":9}},"383":{"start":{"line":854,"column":10},"end":{"line":854,"column":68}},"384":{"start":{"line":855,"column":10},"end":{"line":855,"column":17}},"385":{"start":{"line":858,"column":8},"end":{"line":858,"column":33}},"386":{"start":{"line":859,"column":8},"end":{"line":859,"column":25}},"387":{"start":{"line":860,"column":8},"end":{"line":860,"column":31}},"388":{"start":{"line":861,"column":8},"end":{"line":861,"column":31}},"389":{"start":{"line":864,"column":6},"end":{"line":864,"column":50}},"390":{"start":{"line":866,"column":6},"end":{"line":869,"column":8}},"391":{"start":{"line":867,"column":8},"end":{"line":867,"column":60}},"392":{"start":{"line":868,"column":8},"end":{"line":868,"column":53}},"393":{"start":{"line":873,"column":2},"end":{"line":881,"column":22}},"394":{"start":{"line":875,"column":4},"end":{"line":880,"column":5}},"395":{"start":{"line":877,"column":38},"end":{"line":877,"column":73}},"396":{"start":{"line":879,"column":6},"end":{"line":879,"column":77}},"397":{"start":{"line":883,"column":2},"end":{"line":890,"column":45}},"398":{"start":{"line":885,"column":4},"end":{"line":889,"column":5}},"399":{"start":{"line":886,"column":6},"end":{"line":888,"column":7}},"400":{"start":{"line":887,"column":8},"end":{"line":887,"column":42}},"401":{"start":{"line":892,"column":2},"end":{"line":952,"column":5}},"402":{"start":{"line":894,"column":4},"end":{"line":894,"column":50}},"403":{"start":{"line":894,"column":43},"end":{"line":894,"column":50}},"404":{"start":{"line":896,"column":21},"end":{"line":936,"column":5}},"405":{"start":{"line":898,"column":8},"end":{"line":898,"column":38}},"406":{"start":{"line":898,"column":31},"end":{"line":898,"column":38}},"407":{"start":{"line":900,"column":8},"end":{"line":933,"column":9}},"408":{"start":{"line":901,"column":10},"end":{"line":903,"column":12}},"409":{"start":{"line":904,"column":10},"end":{"line":904,"column":23}},"410":{"start":{"line":905,"column":10},"end":{"line":905,"column":30}},"411":{"start":{"line":906,"column":10},"end":{"line":906,"column":30}},"412":{"start":{"line":907,"column":10},"end":{"line":907,"column":25}},"413":{"start":{"line":910,"column":10},"end":{"line":929,"column":11}},"414":{"start":{"line":911,"column":12},"end":{"line":928,"column":13}},"415":{"start":{"line":915,"column":14},"end":{"line":915,"column":67}},"416":{"start":{"line":916,"column":14},"end":{"line":916,"column":70}},"417":{"start":{"line":917,"column":19},"end":{"line":928,"column":13}},"418":{"start":{"line":920,"column":14},"end":{"line":922,"column":16}},"419":{"start":{"line":923,"column":14},"end":{"line":927,"column":18}},"420":{"start":{"line":923,"column":42},"end":{"line":927,"column":15}},"421":{"start":{"line":932,"column":10},"end":{"line":932,"column":39}},"422":{"start":{"line":932,"column":29},"end":{"line":932,"column":37}},"423":{"start":{"line":938,"column":4},"end":{"line":941,"column":6}},"424":{"start":{"line":939,"column":6},"end":{"line":939,"column":69}},"425":{"start":{"line":940,"column":6},"end":{"line":940,"column":30}},"426":{"start":{"line":955,"column":2},"end":{"line":970,"column":15}},"427":{"start":{"line":957,"column":6},"end":{"line":957,"column":27}},"428":{"start":{"line":957,"column":20},"end":{"line":957,"column":27}},"429":{"start":{"line":958,"column":31},"end":{"line":958,"column":38}},"430":{"start":{"line":959,"column":6},"end":{"line":963,"column":9}},"431":{"start":{"line":968,"column":4},"end":{"line":968,"column":42}},"432":{"start":{"line":969,"column":4},"end":{"line":969,"column":56}},"433":{"start":{"line":969,"column":17},"end":{"line":969,"column":55}},"434":{"start":{"line":972,"column":2},"end":{"line":989,"column":33}},"435":{"start":{"line":973,"column":4},"end":{"line":988,"column":5}},"436":{"start":{"line":974,"column":6},"end":{"line":974,"column":66}},"437":{"start":{"line":977,"column":6},"end":{"line":981,"column":8}},"438":{"start":{"line":979,"column":10},"end":{"line":979,"column":39}},"439":{"start":{"line":982,"column":6},"end":{"line":982,"column":30}},"440":{"start":{"line":983,"column":6},"end":{"line":983,"column":24}},"441":{"start":{"line":984,"column":6},"end":{"line":984,"column":26}},"442":{"start":{"line":985,"column":6},"end":{"line":985,"column":26}},"443":{"start":{"line":986,"column":6},"end":{"line":986,"column":21}},"444":{"start":{"line":987,"column":6},"end":{"line":987,"column":23}},"445":{"start":{"line":991,"column":2},"end":{"line":1002,"column":9}},"446":{"start":{"line":992,"column":31},"end":{"line":995,"column":5}},"447":{"start":{"line":993,"column":6},"end":{"line":993,"column":65}},"448":{"start":{"line":994,"column":6},"end":{"line":994,"column":29}},"449":{"start":{"line":997,"column":4},"end":{"line":997,"column":50}},"450":{"start":{"line":999,"column":4},"end":{"line":1001,"column":6}},"451":{"start":{"line":1000,"column":6},"end":{"line":1000,"column":53}},"452":{"start":{"line":1004,"column":2},"end":{"line":1039,"column":64}},"453":{"start":{"line":1006,"column":26},"end":{"line":1024,"column":5}},"454":{"start":{"line":1007,"column":6},"end":{"line":1007,"column":43}},"455":{"start":{"line":1007,"column":36},"end":{"line":1007,"column":43}},"456":{"start":{"line":1008,"column":6},"end":{"line":1008,"column":56}},"457":{"start":{"line":1008,"column":49},"end":{"line":1008,"column":56}},"458":{"start":{"line":1010,"column":6},"end":{"line":1023,"column":7}},"459":{"start":{"line":1011,"column":8},"end":{"line":1011,"column":37}},"460":{"start":{"line":1011,"column":27},"end":{"line":1011,"column":35}},"461":{"start":{"line":1012,"column":13},"end":{"line":1023,"column":7}},"462":{"start":{"line":1013,"column":8},"end":{"line":1013,"column":37}},"463":{"start":{"line":1013,"column":27},"end":{"line":1013,"column":35}},"464":{"start":{"line":1014,"column":13},"end":{"line":1023,"column":7}},"465":{"start":{"line":1015,"column":28},"end":{"line":1015,"column":68}},"466":{"start":{"line":1016,"column":8},"end":{"line":1018,"column":9}},"467":{"start":{"line":1017,"column":10},"end":{"line":1017,"column":35}},"468":{"start":{"line":1019,"column":13},"end":{"line":1023,"column":7}},"469":{"start":{"line":1020,"column":8},"end":{"line":1020,"column":37}},"470":{"start":{"line":1020,"column":27},"end":{"line":1020,"column":35}},"471":{"start":{"line":1021,"column":13},"end":{"line":1023,"column":7}},"472":{"start":{"line":1022,"column":8},"end":{"line":1022,"column":19}},"473":{"start":{"line":1026,"column":24},"end":{"line":1030,"column":5}},"474":{"start":{"line":1027,"column":6},"end":{"line":1029,"column":7}},"475":{"start":{"line":1028,"column":8},"end":{"line":1028,"column":27}},"476":{"start":{"line":1032,"column":4},"end":{"line":1032,"column":54}},"477":{"start":{"line":1033,"column":4},"end":{"line":1033,"column":50}},"478":{"start":{"line":1035,"column":4},"end":{"line":1038,"column":6}},"479":{"start":{"line":1036,"column":6},"end":{"line":1036,"column":59}},"480":{"start":{"line":1037,"column":6},"end":{"line":1037,"column":55}},"481":{"start":{"line":1041,"column":2},"end":{"line":1192,"column":4}},"482":{"start":{"line":1049,"column":33},"end":{"line":1049,"column":60}},"483":{"start":{"line":1050,"column":33},"end":{"line":1050,"column":67}},"484":{"start":{"line":1062,"column":14},"end":{"line":1082,"column":19}},"485":{"start":{"line":1070,"column":45},"end":{"line":1070,"column":68}},"486":{"start":{"line":1075,"column":39},"end":{"line":1075,"column":63}},"487":{"start":{"line":1088,"column":14},"end":{"line":1088,"column":38}},"488":{"start":{"line":1089,"column":14},"end":{"line":1089,"column":28}},"489":{"start":{"line":1090,"column":14},"end":{"line":1090,"column":28}},"490":{"start":{"line":1091,"column":14},"end":{"line":1091,"column":34}},"491":{"start":{"line":1092,"column":14},"end":{"line":1092,"column":54}},"492":{"start":{"line":1104,"column":30},"end":{"line":1104,"column":49}},"493":{"start":{"line":1126,"column":14},"end":{"line":1133,"column":16}},"494":{"start":{"line":1127,"column":16},"end":{"line":1132,"column":18}},"495":{"start":{"line":1139,"column":14},"end":{"line":1139,"column":38}},"496":{"start":{"line":1140,"column":14},"end":{"line":1140,"column":28}},"497":{"start":{"line":1141,"column":14},"end":{"line":1141,"column":28}},"498":{"start":{"line":1142,"column":14},"end":{"line":1142,"column":34}},"499":{"start":{"line":1143,"column":14},"end":{"line":1143,"column":54}},"500":{"start":{"line":1177,"column":18},"end":{"line":1177,"column":65}}},"fnMap":{"0":{"name":"TetrisGame","decl":{"start":{"line":149,"column":9},"end":{"line":149,"column":19}},"loc":{"start":{"line":149,"column":22},"end":{"line":1193,"column":1}},"line":149},"1":{"name":"(anonymous_1)","decl":{"start":{"line":151,"column":43},"end":{"line":151,"column":44}},"loc":{"start":{"line":151,"column":49},"end":{"line":151,"column":78}},"line":151},"2":{"name":"(anonymous_2)","decl":{"start":{"line":174,"column":35},"end":{"line":174,"column":36}},"loc":{"start":{"line":174,"column":41},"end":{"line":174,"column":59}},"line":174},"3":{"name":"(anonymous_3)","decl":{"start":{"line":176,"column":4},"end":{"line":176,"column":5}},"loc":{"start":{"line":176,"column":10},"end":{"line":176,"column":42}},"line":176},"4":{"name":"(anonymous_4)","decl":{"start":{"line":179,"column":35},"end":{"line":179,"column":36}},"loc":{"start":{"line":179,"column":41},"end":{"line":179,"column":59}},"line":179},"5":{"name":"(anonymous_5)","decl":{"start":{"line":181,"column":19},"end":{"line":181,"column":20}},"loc":{"start":{"line":181,"column":33},"end":{"line":199,"column":3}},"line":181},"6":{"name":"(anonymous_6)","decl":{"start":{"line":201,"column":24},"end":{"line":201,"column":25}},"loc":{"start":{"line":201,"column":30},"end":{"line":231,"column":3}},"line":201},"7":{"name":"(anonymous_7)","decl":{"start":{"line":203,"column":12},"end":{"line":203,"column":13}},"loc":{"start":{"line":203,"column":26},"end":{"line":208,"column":7}},"line":203},"8":{"name":"(anonymous_8)","decl":{"start":{"line":209,"column":12},"end":{"line":209,"column":13}},"loc":{"start":{"line":209,"column":22},"end":{"line":226,"column":7}},"line":209},"9":{"name":"(anonymous_9)","decl":{"start":{"line":227,"column":13},"end":{"line":227,"column":14}},"loc":{"start":{"line":227,"column":24},"end":{"line":230,"column":7}},"line":227},"10":{"name":"(anonymous_10)","decl":{"start":{"line":233,"column":31},"end":{"line":233,"column":32}},"loc":{"start":{"line":233,"column":37},"end":{"line":252,"column":3}},"line":233},"11":{"name":"(anonymous_11)","decl":{"start":{"line":236,"column":12},"end":{"line":236,"column":13}},"loc":{"start":{"line":236,"column":26},"end":{"line":241,"column":7}},"line":236},"12":{"name":"(anonymous_12)","decl":{"start":{"line":242,"column":12},"end":{"line":242,"column":13}},"loc":{"start":{"line":242,"column":23},"end":{"line":247,"column":7}},"line":242},"13":{"name":"(anonymous_13)","decl":{"start":{"line":244,"column":10},"end":{"line":244,"column":11}},"loc":{"start":{"line":244,"column":20},"end":{"line":244,"column":61}},"line":244},"14":{"name":"(anonymous_14)","decl":{"start":{"line":248,"column":13},"end":{"line":248,"column":14}},"loc":{"start":{"line":248,"column":24},"end":{"line":251,"column":7}},"line":248},"15":{"name":"(anonymous_15)","decl":{"start":{"line":254,"column":26},"end":{"line":254,"column":27}},"loc":{"start":{"line":254,"column":32},"end":{"line":274,"column":3}},"line":254},"16":{"name":"(anonymous_16)","decl":{"start":{"line":265,"column":39},"end":{"line":265,"column":40}},"loc":{"start":{"line":265,"column":48},"end":{"line":273,"column":5}},"line":265},"17":{"name":"(anonymous_17)","decl":{"start":{"line":276,"column":31},"end":{"line":276,"column":32}},"loc":{"start":{"line":276,"column":37},"end":{"line":306,"column":3}},"line":276},"18":{"name":"(anonymous_18)","decl":{"start":{"line":298,"column":44},"end":{"line":298,"column":45}},"loc":{"start":{"line":298,"column":53},"end":{"line":305,"column":5}},"line":298},"19":{"name":"(anonymous_19)","decl":{"start":{"line":308,"column":30},"end":{"line":308,"column":31}},"loc":{"start":{"line":308,"column":42},"end":{"line":312,"column":3}},"line":308},"20":{"name":"(anonymous_20)","decl":{"start":{"line":310,"column":6},"end":{"line":310,"column":7}},"loc":{"start":{"line":310,"column":16},"end":{"line":310,"column":46}},"line":310},"21":{"name":"(anonymous_21)","decl":{"start":{"line":310,"column":27},"end":{"line":310,"column":28}},"loc":{"start":{"line":310,"column":37},"end":{"line":310,"column":45}},"line":310},"22":{"name":"(anonymous_22)","decl":{"start":{"line":314,"column":28},"end":{"line":314,"column":29}},"loc":{"start":{"line":314,"column":40},"end":{"line":320,"column":3}},"line":314},"23":{"name":"(anonymous_23)","decl":{"start":{"line":315,"column":22},"end":{"line":315,"column":23}},"loc":{"start":{"line":316,"column":6},"end":{"line":318,"column":14}},"line":316},"24":{"name":"(anonymous_24)","decl":{"start":{"line":316,"column":17},"end":{"line":316,"column":18}},"loc":{"start":{"line":316,"column":27},"end":{"line":316,"column":38}},"line":316},"25":{"name":"(anonymous_25)","decl":{"start":{"line":323,"column":4},"end":{"line":323,"column":5}},"loc":{"start":{"line":323,"column":41},"end":{"line":346,"column":5}},"line":323},"26":{"name":"(anonymous_26)","decl":{"start":{"line":329,"column":18},"end":{"line":329,"column":19}},"loc":{"start":{"line":329,"column":34},"end":{"line":344,"column":9}},"line":329},"27":{"name":"(anonymous_27)","decl":{"start":{"line":330,"column":47},"end":{"line":330,"column":48}},"loc":{"start":{"line":330,"column":56},"end":{"line":330,"column":64}},"line":330},"28":{"name":"(anonymous_28)","decl":{"start":{"line":336,"column":12},"end":{"line":336,"column":13}},"loc":{"start":{"line":336,"column":18},"end":{"line":336,"column":48}},"line":336},"29":{"name":"(anonymous_29)","decl":{"start":{"line":350,"column":32},"end":{"line":350,"column":33}},"loc":{"start":{"line":350,"column":38},"end":{"line":374,"column":3}},"line":350},"30":{"name":"(anonymous_30)","decl":{"start":{"line":352,"column":45},"end":{"line":352,"column":46}},"loc":{"start":{"line":353,"column":8},"end":{"line":353,"column":37}},"line":353},"31":{"name":"(anonymous_31)","decl":{"start":{"line":377,"column":4},"end":{"line":377,"column":5}},"loc":{"start":{"line":377,"column":61},"end":{"line":415,"column":5}},"line":377},"32":{"name":"(anonymous_32)","decl":{"start":{"line":420,"column":4},"end":{"line":420,"column":5}},"loc":{"start":{"line":420,"column":19},"end":{"line":437,"column":5}},"line":420},"33":{"name":"(anonymous_33)","decl":{"start":{"line":423,"column":31},"end":{"line":423,"column":32}},"loc":{"start":{"line":423,"column":41},"end":{"line":423,"column":51}},"line":423},"34":{"name":"(anonymous_34)","decl":{"start":{"line":441,"column":33},"end":{"line":441,"column":34}},"loc":{"start":{"line":441,"column":39},"end":{"line":496,"column":3}},"line":441},"35":{"name":"(anonymous_35)","decl":{"start":{"line":442,"column":33},"end":{"line":442,"column":34}},"loc":{"start":{"line":442,"column":42},"end":{"line":442,"column":50}},"line":442},"36":{"name":"(anonymous_36)","decl":{"start":{"line":449,"column":39},"end":{"line":449,"column":40}},"loc":{"start":{"line":449,"column":51},"end":{"line":464,"column":5}},"line":449},"37":{"name":"(anonymous_37)","decl":{"start":{"line":450,"column":18},"end":{"line":450,"column":19}},"loc":{"start":{"line":450,"column":31},"end":{"line":463,"column":7}},"line":450},"38":{"name":"(anonymous_38)","decl":{"start":{"line":474,"column":20},"end":{"line":474,"column":21}},"loc":{"start":{"line":474,"column":35},"end":{"line":479,"column":7}},"line":474},"39":{"name":"(anonymous_39)","decl":{"start":{"line":482,"column":20},"end":{"line":482,"column":21}},"loc":{"start":{"line":482,"column":35},"end":{"line":494,"column":7}},"line":482},"40":{"name":"(anonymous_40)","decl":{"start":{"line":485,"column":27},"end":{"line":485,"column":28}},"loc":{"start":{"line":485,"column":38},"end":{"line":489,"column":11}},"line":485},"41":{"name":"(anonymous_41)","decl":{"start":{"line":508,"column":37},"end":{"line":508,"column":38}},"loc":{"start":{"line":508,"column":43},"end":{"line":548,"column":3}},"line":508},"42":{"name":"(anonymous_42)","decl":{"start":{"line":514,"column":35},"end":{"line":514,"column":36}},"loc":{"start":{"line":514,"column":44},"end":{"line":514,"column":52}},"line":514},"43":{"name":"(anonymous_43)","decl":{"start":{"line":524,"column":41},"end":{"line":524,"column":42}},"loc":{"start":{"line":524,"column":53},"end":{"line":540,"column":7}},"line":524},"44":{"name":"(anonymous_44)","decl":{"start":{"line":525,"column":20},"end":{"line":525,"column":21}},"loc":{"start":{"line":525,"column":33},"end":{"line":539,"column":9}},"line":525},"45":{"name":"(anonymous_45)","decl":{"start":{"line":550,"column":30},"end":{"line":550,"column":31}},"loc":{"start":{"line":550,"column":48},"end":{"line":562,"column":3}},"line":550},"46":{"name":"(anonymous_46)","decl":{"start":{"line":564,"column":20},"end":{"line":564,"column":21}},"loc":{"start":{"line":564,"column":34},"end":{"line":582,"column":3}},"line":564},"47":{"name":"(anonymous_47)","decl":{"start":{"line":572,"column":32},"end":{"line":572,"column":33}},"loc":{"start":{"line":572,"column":50},"end":{"line":574,"column":5}},"line":572},"48":{"name":"(anonymous_48)","decl":{"start":{"line":576,"column":38},"end":{"line":576,"column":39}},"loc":{"start":{"line":576,"column":55},"end":{"line":579,"column":5}},"line":576},"49":{"name":"(anonymous_49)","decl":{"start":{"line":584,"column":19},"end":{"line":584,"column":20}},"loc":{"start":{"line":584,"column":25},"end":{"line":665,"column":3}},"line":584},"50":{"name":"(anonymous_50)","decl":{"start":{"line":599,"column":33},"end":{"line":599,"column":34}},"loc":{"start":{"line":599,"column":42},"end":{"line":599,"column":50}},"line":599},"51":{"name":"(anonymous_51)","decl":{"start":{"line":602,"column":39},"end":{"line":602,"column":40}},"loc":{"start":{"line":602,"column":51},"end":{"line":617,"column":5}},"line":602},"52":{"name":"(anonymous_52)","decl":{"start":{"line":603,"column":18},"end":{"line":603,"column":19}},"loc":{"start":{"line":603,"column":31},"end":{"line":616,"column":7}},"line":603},"53":{"name":"(anonymous_53)","decl":{"start":{"line":626,"column":20},"end":{"line":626,"column":21}},"loc":{"start":{"line":626,"column":35},"end":{"line":631,"column":7}},"line":626},"54":{"name":"(anonymous_54)","decl":{"start":{"line":633,"column":20},"end":{"line":633,"column":21}},"loc":{"start":{"line":633,"column":35},"end":{"line":645,"column":7}},"line":633},"55":{"name":"(anonymous_55)","decl":{"start":{"line":636,"column":27},"end":{"line":636,"column":28}},"loc":{"start":{"line":636,"column":38},"end":{"line":640,"column":11}},"line":636},"56":{"name":"(anonymous_56)","decl":{"start":{"line":655,"column":23},"end":{"line":655,"column":24}},"loc":{"start":{"line":655,"column":34},"end":{"line":659,"column":7}},"line":655},"57":{"name":"(anonymous_57)","decl":{"start":{"line":667,"column":12},"end":{"line":667,"column":13}},"loc":{"start":{"line":667,"column":18},"end":{"line":689,"column":3}},"line":667},"58":{"name":"(anonymous_58)","decl":{"start":{"line":678,"column":45},"end":{"line":678,"column":46}},"loc":{"start":{"line":679,"column":8},"end":{"line":679,"column":37}},"line":679},"59":{"name":"(anonymous_59)","decl":{"start":{"line":691,"column":12},"end":{"line":691,"column":13}},"loc":{"start":{"line":691,"column":18},"end":{"line":703,"column":3}},"line":691},"60":{"name":"(anonymous_60)","decl":{"start":{"line":692,"column":31},"end":{"line":692,"column":32}},"loc":{"start":{"line":692,"column":49},"end":{"line":698,"column":5}},"line":692},"61":{"name":"(anonymous_61)","decl":{"start":{"line":700,"column":11},"end":{"line":700,"column":12}},"loc":{"start":{"line":700,"column":17},"end":{"line":702,"column":5}},"line":700},"62":{"name":"(anonymous_62)","decl":{"start":{"line":705,"column":12},"end":{"line":705,"column":13}},"loc":{"start":{"line":705,"column":18},"end":{"line":710,"column":3}},"line":705},"63":{"name":"(anonymous_63)","decl":{"start":{"line":712,"column":12},"end":{"line":712,"column":13}},"loc":{"start":{"line":712,"column":18},"end":{"line":730,"column":3}},"line":712},"64":{"name":"(anonymous_64)","decl":{"start":{"line":715,"column":25},"end":{"line":715,"column":26}},"loc":{"start":{"line":715,"column":37},"end":{"line":723,"column":7}},"line":715},"65":{"name":"(anonymous_65)","decl":{"start":{"line":728,"column":13},"end":{"line":728,"column":14}},"loc":{"start":{"line":728,"column":19},"end":{"line":728,"column":42}},"line":728},"66":{"name":"(anonymous_66)","decl":{"start":{"line":732,"column":12},"end":{"line":732,"column":13}},"loc":{"start":{"line":732,"column":18},"end":{"line":814,"column":3}},"line":732},"67":{"name":"(anonymous_67)","decl":{"start":{"line":735,"column":32},"end":{"line":735,"column":33}},"loc":{"start":{"line":735,"column":48},"end":{"line":762,"column":7}},"line":735},"68":{"name":"(anonymous_68)","decl":{"start":{"line":749,"column":49},"end":{"line":749,"column":50}},"loc":{"start":{"line":750,"column":12},"end":{"line":750,"column":41}},"line":750},"69":{"name":"(anonymous_69)","decl":{"start":{"line":764,"column":29},"end":{"line":764,"column":30}},"loc":{"start":{"line":764,"column":56},"end":{"line":772,"column":7}},"line":764},"70":{"name":"(anonymous_70)","decl":{"start":{"line":774,"column":30},"end":{"line":774,"column":31}},"loc":{"start":{"line":774,"column":36},"end":{"line":794,"column":7}},"line":774},"71":{"name":"(anonymous_71)","decl":{"start":{"line":782,"column":49},"end":{"line":782,"column":50}},"loc":{"start":{"line":783,"column":12},"end":{"line":783,"column":41}},"line":783},"72":{"name":"(anonymous_72)","decl":{"start":{"line":788,"column":18},"end":{"line":788,"column":19}},"loc":{"start":{"line":788,"column":32},"end":{"line":788,"column":47}},"line":788},"73":{"name":"(anonymous_73)","decl":{"start":{"line":789,"column":18},"end":{"line":789,"column":19}},"loc":{"start":{"line":789,"column":36},"end":{"line":789,"column":58}},"line":789},"74":{"name":"(anonymous_74)","decl":{"start":{"line":790,"column":19},"end":{"line":790,"column":20}},"loc":{"start":{"line":791,"column":14},"end":{"line":791,"column":79}},"line":791},"75":{"name":"(anonymous_75)","decl":{"start":{"line":798,"column":30},"end":{"line":798,"column":31}},"loc":{"start":{"line":798,"column":47},"end":{"line":800,"column":7}},"line":798},"76":{"name":"(anonymous_76)","decl":{"start":{"line":801,"column":32},"end":{"line":801,"column":33}},"loc":{"start":{"line":801,"column":38},"end":{"line":801,"column":55}},"line":801},"77":{"name":"(anonymous_77)","decl":{"start":{"line":802,"column":32},"end":{"line":802,"column":33}},"loc":{"start":{"line":802,"column":50},"end":{"line":802,"column":72}},"line":802},"78":{"name":"(anonymous_78)","decl":{"start":{"line":805,"column":13},"end":{"line":805,"column":14}},"loc":{"start":{"line":805,"column":19},"end":{"line":812,"column":7}},"line":805},"79":{"name":"(anonymous_79)","decl":{"start":{"line":816,"column":12},"end":{"line":816,"column":13}},"loc":{"start":{"line":816,"column":18},"end":{"line":821,"column":3}},"line":816},"80":{"name":"(anonymous_80)","decl":{"start":{"line":823,"column":12},"end":{"line":823,"column":13}},"loc":{"start":{"line":823,"column":18},"end":{"line":828,"column":3}},"line":823},"81":{"name":"(anonymous_81)","decl":{"start":{"line":830,"column":12},"end":{"line":830,"column":13}},"loc":{"start":{"line":830,"column":18},"end":{"line":841,"column":3}},"line":830},"82":{"name":"(anonymous_82)","decl":{"start":{"line":843,"column":12},"end":{"line":843,"column":13}},"loc":{"start":{"line":843,"column":18},"end":{"line":871,"column":3}},"line":843},"83":{"name":"(anonymous_83)","decl":{"start":{"line":847,"column":32},"end":{"line":847,"column":33}},"loc":{"start":{"line":847,"column":48},"end":{"line":862,"column":7}},"line":847},"84":{"name":"(anonymous_84)","decl":{"start":{"line":866,"column":13},"end":{"line":866,"column":14}},"loc":{"start":{"line":866,"column":19},"end":{"line":869,"column":7}},"line":866},"85":{"name":"(anonymous_85)","decl":{"start":{"line":873,"column":12},"end":{"line":873,"column":13}},"loc":{"start":{"line":873,"column":18},"end":{"line":881,"column":3}},"line":873},"86":{"name":"(anonymous_86)","decl":{"start":{"line":877,"column":27},"end":{"line":877,"column":28}},"loc":{"start":{"line":877,"column":38},"end":{"line":877,"column":73}},"line":877},"87":{"name":"(anonymous_87)","decl":{"start":{"line":883,"column":12},"end":{"line":883,"column":13}},"loc":{"start":{"line":883,"column":18},"end":{"line":890,"column":3}},"line":883},"88":{"name":"(anonymous_88)","decl":{"start":{"line":892,"column":12},"end":{"line":892,"column":13}},"loc":{"start":{"line":892,"column":18},"end":{"line":942,"column":3}},"line":892},"89":{"name":"(anonymous_89)","decl":{"start":{"line":897,"column":6},"end":{"line":897,"column":7}},"loc":{"start":{"line":897,"column":12},"end":{"line":934,"column":7}},"line":897},"90":{"name":"(anonymous_90)","decl":{"start":{"line":923,"column":31},"end":{"line":923,"column":32}},"loc":{"start":{"line":923,"column":42},"end":{"line":927,"column":15}},"line":923},"91":{"name":"(anonymous_91)","decl":{"start":{"line":932,"column":19},"end":{"line":932,"column":20}},"loc":{"start":{"line":932,"column":29},"end":{"line":932,"column":37}},"line":932},"92":{"name":"(anonymous_92)","decl":{"start":{"line":938,"column":11},"end":{"line":938,"column":12}},"loc":{"start":{"line":938,"column":17},"end":{"line":941,"column":5}},"line":938},"93":{"name":"(anonymous_93)","decl":{"start":{"line":955,"column":12},"end":{"line":955,"column":13}},"loc":{"start":{"line":955,"column":18},"end":{"line":970,"column":3}},"line":955},"94":{"name":"handleGameOver","decl":{"start":{"line":956,"column":13},"end":{"line":956,"column":27}},"loc":{"start":{"line":956,"column":37},"end":{"line":966,"column":5}},"line":956},"95":{"name":"(anonymous_95)","decl":{"start":{"line":969,"column":11},"end":{"line":969,"column":12}},"loc":{"start":{"line":969,"column":17},"end":{"line":969,"column":55}},"line":969},"96":{"name":"(anonymous_96)","decl":{"start":{"line":972,"column":12},"end":{"line":972,"column":13}},"loc":{"start":{"line":972,"column":18},"end":{"line":989,"column":3}},"line":972},"97":{"name":"(anonymous_97)","decl":{"start":{"line":978,"column":47},"end":{"line":978,"column":48}},"loc":{"start":{"line":979,"column":10},"end":{"line":979,"column":39}},"line":979},"98":{"name":"(anonymous_98)","decl":{"start":{"line":991,"column":12},"end":{"line":991,"column":13}},"loc":{"start":{"line":991,"column":18},"end":{"line":1002,"column":3}},"line":991},"99":{"name":"(anonymous_99)","decl":{"start":{"line":992,"column":31},"end":{"line":992,"column":32}},"loc":{"start":{"line":992,"column":49},"end":{"line":995,"column":5}},"line":992},"100":{"name":"(anonymous_100)","decl":{"start":{"line":999,"column":11},"end":{"line":999,"column":12}},"loc":{"start":{"line":999,"column":17},"end":{"line":1001,"column":5}},"line":999},"101":{"name":"(anonymous_101)","decl":{"start":{"line":1004,"column":12},"end":{"line":1004,"column":13}},"loc":{"start":{"line":1004,"column":18},"end":{"line":1039,"column":3}},"line":1004},"102":{"name":"(anonymous_102)","decl":{"start":{"line":1006,"column":26},"end":{"line":1006,"column":27}},"loc":{"start":{"line":1006,"column":37},"end":{"line":1024,"column":5}},"line":1006},"103":{"name":"(anonymous_103)","decl":{"start":{"line":1011,"column":17},"end":{"line":1011,"column":18}},"loc":{"start":{"line":1011,"column":27},"end":{"line":1011,"column":35}},"line":1011},"104":{"name":"(anonymous_104)","decl":{"start":{"line":1013,"column":17},"end":{"line":1013,"column":18}},"loc":{"start":{"line":1013,"column":27},"end":{"line":1013,"column":35}},"line":1013},"105":{"name":"(anonymous_105)","decl":{"start":{"line":1020,"column":17},"end":{"line":1020,"column":18}},"loc":{"start":{"line":1020,"column":27},"end":{"line":1020,"column":35}},"line":1020},"106":{"name":"(anonymous_106)","decl":{"start":{"line":1026,"column":24},"end":{"line":1026,"column":25}},"loc":{"start":{"line":1026,"column":35},"end":{"line":1030,"column":5}},"line":1026},"107":{"name":"(anonymous_107)","decl":{"start":{"line":1035,"column":11},"end":{"line":1035,"column":12}},"loc":{"start":{"line":1035,"column":17},"end":{"line":1038,"column":5}},"line":1035},"108":{"name":"(anonymous_108)","decl":{"start":{"line":1049,"column":27},"end":{"line":1049,"column":28}},"loc":{"start":{"line":1049,"column":33},"end":{"line":1049,"column":60}},"line":1049},"109":{"name":"(anonymous_109)","decl":{"start":{"line":1050,"column":27},"end":{"line":1050,"column":28}},"loc":{"start":{"line":1050,"column":33},"end":{"line":1050,"column":67}},"line":1050},"110":{"name":"(anonymous_110)","decl":{"start":{"line":1061,"column":23},"end":{"line":1061,"column":24}},"loc":{"start":{"line":1062,"column":14},"end":{"line":1082,"column":19}},"line":1062},"111":{"name":"(anonymous_111)","decl":{"start":{"line":1070,"column":39},"end":{"line":1070,"column":40}},"loc":{"start":{"line":1070,"column":45},"end":{"line":1070,"column":68}},"line":1070},"112":{"name":"(anonymous_112)","decl":{"start":{"line":1075,"column":33},"end":{"line":1075,"column":34}},"loc":{"start":{"line":1075,"column":39},"end":{"line":1075,"column":63}},"line":1075},"113":{"name":"(anonymous_113)","decl":{"start":{"line":1087,"column":21},"end":{"line":1087,"column":22}},"loc":{"start":{"line":1087,"column":27},"end":{"line":1093,"column":13}},"line":1087},"114":{"name":"(anonymous_114)","decl":{"start":{"line":1104,"column":23},"end":{"line":1104,"column":24}},"loc":{"start":{"line":1104,"column":30},"end":{"line":1104,"column":49}},"line":1104},"115":{"name":"(anonymous_115)","decl":{"start":{"line":1125,"column":34},"end":{"line":1125,"column":35}},"loc":{"start":{"line":1126,"column":14},"end":{"line":1133,"column":16}},"line":1126},"116":{"name":"(anonymous_116)","decl":{"start":{"line":1126,"column":22},"end":{"line":1126,"column":23}},"loc":{"start":{"line":1127,"column":16},"end":{"line":1132,"column":18}},"line":1127},"117":{"name":"(anonymous_117)","decl":{"start":{"line":1138,"column":21},"end":{"line":1138,"column":22}},"loc":{"start":{"line":1138,"column":27},"end":{"line":1144,"column":13}},"line":1138},"118":{"name":"(anonymous_118)","decl":{"start":{"line":1176,"column":25},"end":{"line":1176,"column":26}},"loc":{"start":{"line":1176,"column":31},"end":{"line":1178,"column":17}},"line":1176}},"branchMap":{"0":{"loc":{"start":{"line":176,"column":10},"end":{"line":176,"column":42}},"type":"binary-expr","locations":[{"start":{"line":176,"column":10},"end":{"line":176,"column":34}},{"start":{"line":176,"column":38},"end":{"line":176,"column":42}}],"line":176},"1":{"loc":{"start":{"line":182,"column":4},"end":{"line":185,"column":5}},"type":"if","locations":[{"start":{"line":182,"column":4},"end":{"line":185,"column":5}},{"start":{},"end":{}}],"line":182},"2":{"loc":{"start":{"line":182,"column":8},"end":{"line":182,"column":40}},"type":"binary-expr","locations":[{"start":{"line":182,"column":8},"end":{"line":182,"column":17}},{"start":{"line":182,"column":21},"end":{"line":182,"column":40}}],"line":182},"3":{"loc":{"start":{"line":187,"column":4},"end":{"line":198,"column":5}},"type":"if","locations":[{"start":{"line":187,"column":4},"end":{"line":198,"column":5}},{"start":{"line":196,"column":11},"end":{"line":198,"column":5}}],"line":187},"4":{"loc":{"start":{"line":204,"column":8},"end":{"line":206,"column":9}},"type":"if","locations":[{"start":{"line":204,"column":8},"end":{"line":206,"column":9}},{"start":{},"end":{}}],"line":204},"5":{"loc":{"start":{"line":210,"column":8},"end":{"line":225,"column":9}},"type":"if","locations":[{"start":{"line":210,"column":8},"end":{"line":225,"column":9}},{"start":{"line":223,"column":15},"end":{"line":225,"column":9}}],"line":210},"6":{"loc":{"start":{"line":214,"column":26},"end":{"line":214,"column":70}},"type":"binary-expr","locations":[{"start":{"line":214,"column":26},"end":{"line":214,"column":60}},{"start":{"line":214,"column":64},"end":{"line":214,"column":70}}],"line":214},"7":{"loc":{"start":{"line":237,"column":8},"end":{"line":239,"column":9}},"type":"if","locations":[{"start":{"line":237,"column":8},"end":{"line":239,"column":9}},{"start":{},"end":{}}],"line":237},"8":{"loc":{"start":{"line":244,"column":20},"end":{"line":244,"column":61}},"type":"binary-expr","locations":[{"start":{"line":244,"column":20},"end":{"line":244,"column":33}},{"start":{"line":244,"column":37},"end":{"line":244,"column":61}}],"line":244},"9":{"loc":{"start":{"line":255,"column":4},"end":{"line":260,"column":5}},"type":"if","locations":[{"start":{"line":255,"column":4},"end":{"line":260,"column":5}},{"start":{},"end":{}}],"line":255},"10":{"loc":{"start":{"line":267,"column":6},"end":{"line":271,"column":7}},"type":"if","locations":[{"start":{"line":267,"column":6},"end":{"line":271,"column":7}},{"start":{},"end":{}}],"line":267},"11":{"loc":{"start":{"line":267,"column":10},"end":{"line":267,"column":27}},"type":"binary-expr","locations":[{"start":{"line":267,"column":10},"end":{"line":267,"column":14}},{"start":{"line":267,"column":18},"end":{"line":267,"column":27}}],"line":267},"12":{"loc":{"start":{"line":277,"column":4},"end":{"line":282,"column":5}},"type":"if","locations":[{"start":{"line":277,"column":4},"end":{"line":282,"column":5}},{"start":{},"end":{}}],"line":277},"13":{"loc":{"start":{"line":284,"column":4},"end":{"line":287,"column":5}},"type":"if","locations":[{"start":{"line":284,"column":4},"end":{"line":287,"column":5}},{"start":{},"end":{}}],"line":284},"14":{"loc":{"start":{"line":284,"column":8},"end":{"line":284,"column":32}},"type":"binary-expr","locations":[{"start":{"line":284,"column":8},"end":{"line":284,"column":13}},{"start":{"line":284,"column":17},"end":{"line":284,"column":32}}],"line":284},"15":{"loc":{"start":{"line":289,"column":4},"end":{"line":292,"column":5}},"type":"if","locations":[{"start":{"line":289,"column":4},"end":{"line":292,"column":5}},{"start":{},"end":{}}],"line":289},"16":{"loc":{"start":{"line":299,"column":6},"end":{"line":303,"column":7}},"type":"if","locations":[{"start":{"line":299,"column":6},"end":{"line":303,"column":7}},{"start":{},"end":{}}],"line":299},"17":{"loc":{"start":{"line":299,"column":10},"end":{"line":299,"column":27}},"type":"binary-expr","locations":[{"start":{"line":299,"column":10},"end":{"line":299,"column":14}},{"start":{"line":299,"column":18},"end":{"line":299,"column":27}}],"line":299},"18":{"loc":{"start":{"line":316,"column":6},"end":{"line":318,"column":14}},"type":"cond-expr","locations":[{"start":{"line":317,"column":10},"end":{"line":317,"column":36}},{"start":{"line":318,"column":10},"end":{"line":318,"column":14}}],"line":316},"19":{"loc":{"start":{"line":324,"column":6},"end":{"line":345,"column":7}},"type":"if","locations":[{"start":{"line":324,"column":6},"end":{"line":345,"column":7}},{"start":{},"end":{}}],"line":324},"20":{"loc":{"start":{"line":371,"column":4},"end":{"line":373,"column":5}},"type":"if","locations":[{"start":{"line":371,"column":4},"end":{"line":373,"column":5}},{"start":{},"end":{}}],"line":371},"21":{"loc":{"start":{"line":377,"column":5},"end":{"line":377,"column":16}},"type":"default-arg","locations":[{"start":{"line":377,"column":15},"end":{"line":377,"column":16}}],"line":377},"22":{"loc":{"start":{"line":377,"column":18},"end":{"line":377,"column":29}},"type":"default-arg","locations":[{"start":{"line":377,"column":28},"end":{"line":377,"column":29}}],"line":377},"23":{"loc":{"start":{"line":377,"column":31},"end":{"line":377,"column":56}},"type":"default-arg","locations":[{"start":{"line":377,"column":48},"end":{"line":377,"column":56}}],"line":377},"24":{"loc":{"start":{"line":378,"column":6},"end":{"line":380,"column":7}},"type":"if","locations":[{"start":{"line":378,"column":6},"end":{"line":380,"column":7}},{"start":{},"end":{}}],"line":378},"25":{"loc":{"start":{"line":378,"column":10},"end":{"line":378,"column":53}},"type":"binary-expr","locations":[{"start":{"line":378,"column":10},"end":{"line":378,"column":27}},{"start":{"line":378,"column":31},"end":{"line":378,"column":53}}],"line":378},"26":{"loc":{"start":{"line":382,"column":6},"end":{"line":385,"column":7}},"type":"if","locations":[{"start":{"line":382,"column":6},"end":{"line":385,"column":7}},{"start":{},"end":{}}],"line":382},"27":{"loc":{"start":{"line":387,"column":6},"end":{"line":392,"column":7}},"type":"if","locations":[{"start":{"line":387,"column":6},"end":{"line":392,"column":7}},{"start":{},"end":{}}],"line":387},"28":{"loc":{"start":{"line":398,"column":10},"end":{"line":410,"column":11}},"type":"if","locations":[{"start":{"line":398,"column":10},"end":{"line":410,"column":11}},{"start":{},"end":{}}],"line":398},"29":{"loc":{"start":{"line":402,"column":12},"end":{"line":409,"column":13}},"type":"if","locations":[{"start":{"line":402,"column":12},"end":{"line":409,"column":13}},{"start":{},"end":{}}],"line":402},"30":{"loc":{"start":{"line":403,"column":14},"end":{"line":406,"column":53}},"type":"binary-expr","locations":[{"start":{"line":403,"column":14},"end":{"line":403,"column":22}},{"start":{"line":404,"column":14},"end":{"line":404,"column":36}},{"start":{"line":405,"column":14},"end":{"line":405,"column":36}},{"start":{"line":406,"column":15},"end":{"line":406,"column":24}},{"start":{"line":406,"column":28},"end":{"line":406,"column":52}}],"line":403},"31":{"loc":{"start":{"line":423,"column":8},"end":{"line":427,"column":9}},"type":"if","locations":[{"start":{"line":423,"column":8},"end":{"line":427,"column":9}},{"start":{},"end":{}}],"line":423},"32":{"loc":{"start":{"line":429,"column":6},"end":{"line":435,"column":7}},"type":"if","locations":[{"start":{"line":429,"column":6},"end":{"line":435,"column":7}},{"start":{},"end":{}}],"line":429},"33":{"loc":{"start":{"line":444,"column":4},"end":{"line":447,"column":5}},"type":"if","locations":[{"start":{"line":444,"column":4},"end":{"line":447,"column":5}},{"start":{},"end":{}}],"line":444},"34":{"loc":{"start":{"line":444,"column":8},"end":{"line":444,"column":57}},"type":"binary-expr","locations":[{"start":{"line":444,"column":8},"end":{"line":444,"column":36}},{"start":{"line":444,"column":40},"end":{"line":444,"column":57}}],"line":444},"35":{"loc":{"start":{"line":451,"column":8},"end":{"line":462,"column":9}},"type":"if","locations":[{"start":{"line":451,"column":8},"end":{"line":462,"column":9}},{"start":{},"end":{}}],"line":451},"36":{"loc":{"start":{"line":454,"column":10},"end":{"line":461,"column":11}},"type":"if","locations":[{"start":{"line":454,"column":10},"end":{"line":461,"column":11}},{"start":{},"end":{}}],"line":454},"37":{"loc":{"start":{"line":455,"column":12},"end":{"line":458,"column":33}},"type":"binary-expr","locations":[{"start":{"line":455,"column":12},"end":{"line":455,"column":21}},{"start":{"line":456,"column":12},"end":{"line":456,"column":33}},{"start":{"line":457,"column":12},"end":{"line":457,"column":21}},{"start":{"line":458,"column":12},"end":{"line":458,"column":33}}],"line":455},"38":{"loc":{"start":{"line":473,"column":4},"end":{"line":480,"column":5}},"type":"if","locations":[{"start":{"line":473,"column":4},"end":{"line":480,"column":5}},{"start":{},"end":{}}],"line":473},"39":{"loc":{"start":{"line":481,"column":4},"end":{"line":495,"column":5}},"type":"if","locations":[{"start":{"line":481,"column":4},"end":{"line":495,"column":5}},{"start":{},"end":{}}],"line":481},"40":{"loc":{"start":{"line":484,"column":8},"end":{"line":491,"column":9}},"type":"if","locations":[{"start":{"line":484,"column":8},"end":{"line":491,"column":9}},{"start":{},"end":{}}],"line":484},"41":{"loc":{"start":{"line":509,"column":4},"end":{"line":511,"column":5}},"type":"if","locations":[{"start":{"line":509,"column":4},"end":{"line":511,"column":5}},{"start":{},"end":{}}],"line":509},"42":{"loc":{"start":{"line":518,"column":6},"end":{"line":521,"column":7}},"type":"if","locations":[{"start":{"line":518,"column":6},"end":{"line":521,"column":7}},{"start":{},"end":{}}],"line":518},"43":{"loc":{"start":{"line":518,"column":10},"end":{"line":518,"column":58}},"type":"binary-expr","locations":[{"start":{"line":518,"column":10},"end":{"line":518,"column":27}},{"start":{"line":518,"column":31},"end":{"line":518,"column":58}}],"line":518},"44":{"loc":{"start":{"line":526,"column":10},"end":{"line":538,"column":11}},"type":"if","locations":[{"start":{"line":526,"column":10},"end":{"line":538,"column":11}},{"start":{},"end":{}}],"line":526},"45":{"loc":{"start":{"line":529,"column":12},"end":{"line":537,"column":13}},"type":"if","locations":[{"start":{"line":529,"column":12},"end":{"line":537,"column":13}},{"start":{},"end":{}}],"line":529},"46":{"loc":{"start":{"line":530,"column":14},"end":{"line":533,"column":35}},"type":"binary-expr","locations":[{"start":{"line":530,"column":14},"end":{"line":530,"column":23}},{"start":{"line":531,"column":14},"end":{"line":531,"column":35}},{"start":{"line":532,"column":14},"end":{"line":532,"column":23}},{"start":{"line":533,"column":14},"end":{"line":533,"column":35}}],"line":530},"47":{"loc":{"start":{"line":555,"column":4},"end":{"line":561,"column":5}},"type":"if","locations":[{"start":{"line":555,"column":4},"end":{"line":561,"column":5}},{"start":{"line":557,"column":11},"end":{"line":561,"column":5}}],"line":555},"48":{"loc":{"start":{"line":557,"column":11},"end":{"line":561,"column":5}},"type":"if","locations":[{"start":{"line":557,"column":11},"end":{"line":561,"column":5}},{"start":{},"end":{}}],"line":557},"49":{"loc":{"start":{"line":565,"column":4},"end":{"line":568,"column":5}},"type":"if","locations":[{"start":{"line":565,"column":4},"end":{"line":568,"column":5}},{"start":{},"end":{}}],"line":565},"50":{"loc":{"start":{"line":565,"column":8},"end":{"line":565,"column":40}},"type":"binary-expr","locations":[{"start":{"line":565,"column":8},"end":{"line":565,"column":17}},{"start":{"line":565,"column":21},"end":{"line":565,"column":40}}],"line":565},"51":{"loc":{"start":{"line":604,"column":8},"end":{"line":615,"column":9}},"type":"if","locations":[{"start":{"line":604,"column":8},"end":{"line":615,"column":9}},{"start":{},"end":{}}],"line":604},"52":{"loc":{"start":{"line":607,"column":10},"end":{"line":614,"column":11}},"type":"if","locations":[{"start":{"line":607,"column":10},"end":{"line":614,"column":11}},{"start":{},"end":{}}],"line":607},"53":{"loc":{"start":{"line":608,"column":12},"end":{"line":611,"column":33}},"type":"binary-expr","locations":[{"start":{"line":608,"column":12},"end":{"line":608,"column":21}},{"start":{"line":609,"column":12},"end":{"line":609,"column":33}},{"start":{"line":610,"column":12},"end":{"line":610,"column":21}},{"start":{"line":611,"column":12},"end":{"line":611,"column":33}}],"line":608},"54":{"loc":{"start":{"line":625,"column":4},"end":{"line":646,"column":5}},"type":"if","locations":[{"start":{"line":625,"column":4},"end":{"line":646,"column":5}},{"start":{"line":632,"column":11},"end":{"line":646,"column":5}}],"line":625},"55":{"loc":{"start":{"line":632,"column":11},"end":{"line":646,"column":5}},"type":"if","locations":[{"start":{"line":632,"column":11},"end":{"line":646,"column":5}},{"start":{},"end":{}}],"line":632},"56":{"loc":{"start":{"line":635,"column":8},"end":{"line":642,"column":9}},"type":"if","locations":[{"start":{"line":635,"column":8},"end":{"line":642,"column":9}},{"start":{},"end":{}}],"line":635},"57":{"loc":{"start":{"line":654,"column":4},"end":{"line":664,"column":5}},"type":"if","locations":[{"start":{"line":654,"column":4},"end":{"line":664,"column":5}},{"start":{},"end":{}}],"line":654},"58":{"loc":{"start":{"line":658,"column":14},"end":{"line":658,"column":54}},"type":"cond-expr","locations":[{"start":{"line":658,"column":32},"end":{"line":658,"column":38}},{"start":{"line":658,"column":41},"end":{"line":658,"column":54}}],"line":658},"59":{"loc":{"start":{"line":660,"column":6},"end":{"line":663,"column":7}},"type":"if","locations":[{"start":{"line":660,"column":6},"end":{"line":663,"column":7}},{"start":{},"end":{}}],"line":660},"60":{"loc":{"start":{"line":669,"column":4},"end":{"line":669,"column":22}},"type":"if","locations":[{"start":{"line":669,"column":4},"end":{"line":669,"column":22}},{"start":{},"end":{}}],"line":669},"61":{"loc":{"start":{"line":707,"column":4},"end":{"line":709,"column":5}},"type":"if","locations":[{"start":{"line":707,"column":4},"end":{"line":709,"column":5}},{"start":{},"end":{}}],"line":707},"62":{"loc":{"start":{"line":707,"column":8},"end":{"line":707,"column":32}},"type":"binary-expr","locations":[{"start":{"line":707,"column":8},"end":{"line":707,"column":19}},{"start":{"line":707,"column":23},"end":{"line":707,"column":32}}],"line":707},"63":{"loc":{"start":{"line":714,"column":4},"end":{"line":729,"column":5}},"type":"if","locations":[{"start":{"line":714,"column":4},"end":{"line":729,"column":5}},{"start":{},"end":{}}],"line":714},"64":{"loc":{"start":{"line":734,"column":4},"end":{"line":813,"column":5}},"type":"if","locations":[{"start":{"line":734,"column":4},"end":{"line":813,"column":5}},{"start":{},"end":{}}],"line":734},"65":{"loc":{"start":{"line":738,"column":8},"end":{"line":742,"column":9}},"type":"if","locations":[{"start":{"line":738,"column":8},"end":{"line":742,"column":9}},{"start":{},"end":{}}],"line":738},"66":{"loc":{"start":{"line":738,"column":12},"end":{"line":738,"column":68}},"type":"binary-expr","locations":[{"start":{"line":738,"column":12},"end":{"line":738,"column":19}},{"start":{"line":738,"column":23},"end":{"line":738,"column":45}},{"start":{"line":738,"column":49},"end":{"line":738,"column":68}}],"line":738},"67":{"loc":{"start":{"line":764,"column":30},"end":{"line":764,"column":51}},"type":"default-arg","locations":[{"start":{"line":764,"column":49},"end":{"line":764,"column":51}}],"line":764},"68":{"loc":{"start":{"line":768,"column":18},"end":{"line":768,"column":32}},"type":"binary-expr","locations":[{"start":{"line":768,"column":18},"end":{"line":768,"column":24}},{"start":{"line":768,"column":28},"end":{"line":768,"column":32}}],"line":768},"69":{"loc":{"start":{"line":769,"column":16},"end":{"line":769,"column":33}},"type":"binary-expr","locations":[{"start":{"line":769,"column":16},"end":{"line":769,"column":20}},{"start":{"line":769,"column":24},"end":{"line":769,"column":33}}],"line":769},"70":{"loc":{"start":{"line":786,"column":8},"end":{"line":793,"column":9}},"type":"if","locations":[{"start":{"line":786,"column":8},"end":{"line":793,"column":9}},{"start":{},"end":{}}],"line":786},"71":{"loc":{"start":{"line":818,"column":4},"end":{"line":820,"column":5}},"type":"if","locations":[{"start":{"line":818,"column":4},"end":{"line":820,"column":5}},{"start":{},"end":{}}],"line":818},"72":{"loc":{"start":{"line":818,"column":8},"end":{"line":818,"column":34}},"type":"binary-expr","locations":[{"start":{"line":818,"column":8},"end":{"line":818,"column":12}},{"start":{"line":818,"column":16},"end":{"line":818,"column":20}},{"start":{"line":818,"column":24},"end":{"line":818,"column":34}}],"line":818},"73":{"loc":{"start":{"line":825,"column":4},"end":{"line":827,"column":5}},"type":"if","locations":[{"start":{"line":825,"column":4},"end":{"line":827,"column":5}},{"start":{},"end":{}}],"line":825},"74":{"loc":{"start":{"line":825,"column":8},"end":{"line":825,"column":27}},"type":"binary-expr","locations":[{"start":{"line":825,"column":8},"end":{"line":825,"column":15}},{"start":{"line":825,"column":19},"end":{"line":825,"column":27}}],"line":825},"75":{"loc":{"start":{"line":844,"column":4},"end":{"line":870,"column":5}},"type":"if","locations":[{"start":{"line":844,"column":4},"end":{"line":870,"column":5}},{"start":{},"end":{}}],"line":844},"76":{"loc":{"start":{"line":853,"column":8},"end":{"line":856,"column":9}},"type":"if","locations":[{"start":{"line":853,"column":8},"end":{"line":856,"column":9}},{"start":{},"end":{}}],"line":853},"77":{"loc":{"start":{"line":853,"column":12},"end":{"line":853,"column":42}},"type":"binary-expr","locations":[{"start":{"line":853,"column":12},"end":{"line":853,"column":19}},{"start":{"line":853,"column":23},"end":{"line":853,"column":42}}],"line":853},"78":{"loc":{"start":{"line":875,"column":4},"end":{"line":880,"column":5}},"type":"if","locations":[{"start":{"line":875,"column":4},"end":{"line":880,"column":5}},{"start":{},"end":{}}],"line":875},"79":{"loc":{"start":{"line":876,"column":6},"end":{"line":877,"column":74}},"type":"binary-expr","locations":[{"start":{"line":876,"column":6},"end":{"line":876,"column":19}},{"start":{"line":877,"column":6},"end":{"line":877,"column":74}}],"line":876},"80":{"loc":{"start":{"line":877,"column":38},"end":{"line":877,"column":73}},"type":"binary-expr","locations":[{"start":{"line":877,"column":38},"end":{"line":877,"column":48}},{"start":{"line":877,"column":52},"end":{"line":877,"column":73}}],"line":877},"81":{"loc":{"start":{"line":885,"column":4},"end":{"line":889,"column":5}},"type":"if","locations":[{"start":{"line":885,"column":4},"end":{"line":889,"column":5}},{"start":{},"end":{}}],"line":885},"82":{"loc":{"start":{"line":886,"column":6},"end":{"line":888,"column":7}},"type":"if","locations":[{"start":{"line":886,"column":6},"end":{"line":888,"column":7}},{"start":{},"end":{}}],"line":886},"83":{"loc":{"start":{"line":894,"column":4},"end":{"line":894,"column":50}},"type":"if","locations":[{"start":{"line":894,"column":4},"end":{"line":894,"column":50}},{"start":{},"end":{}}],"line":894},"84":{"loc":{"start":{"line":894,"column":8},"end":{"line":894,"column":41}},"type":"binary-expr","locations":[{"start":{"line":894,"column":8},"end":{"line":894,"column":13}},{"start":{"line":894,"column":17},"end":{"line":894,"column":41}}],"line":894},"85":{"loc":{"start":{"line":898,"column":8},"end":{"line":898,"column":38}},"type":"if","locations":[{"start":{"line":898,"column":8},"end":{"line":898,"column":38}},{"start":{},"end":{}}],"line":898},"86":{"loc":{"start":{"line":900,"column":8},"end":{"line":933,"column":9}},"type":"if","locations":[{"start":{"line":900,"column":8},"end":{"line":933,"column":9}},{"start":{"line":930,"column":15},"end":{"line":933,"column":9}}],"line":900},"87":{"loc":{"start":{"line":910,"column":10},"end":{"line":929,"column":11}},"type":"if","locations":[{"start":{"line":910,"column":10},"end":{"line":929,"column":11}},{"start":{},"end":{}}],"line":910},"88":{"loc":{"start":{"line":911,"column":12},"end":{"line":928,"column":13}},"type":"if","locations":[{"start":{"line":911,"column":12},"end":{"line":928,"column":13}},{"start":{"line":917,"column":19},"end":{"line":928,"column":13}}],"line":911},"89":{"loc":{"start":{"line":917,"column":19},"end":{"line":928,"column":13}},"type":"if","locations":[{"start":{"line":917,"column":19},"end":{"line":928,"column":13}},{"start":{},"end":{}}],"line":917},"90":{"loc":{"start":{"line":935,"column":6},"end":{"line":935,"column":27}},"type":"cond-expr","locations":[{"start":{"line":935,"column":17},"end":{"line":935,"column":19}},{"start":{"line":935,"column":22},"end":{"line":935,"column":27}}],"line":935},"91":{"loc":{"start":{"line":957,"column":6},"end":{"line":957,"column":27}},"type":"if","locations":[{"start":{"line":957,"column":6},"end":{"line":957,"column":27}},{"start":{},"end":{}}],"line":957},"92":{"loc":{"start":{"line":973,"column":4},"end":{"line":988,"column":5}},"type":"if","locations":[{"start":{"line":973,"column":4},"end":{"line":988,"column":5}},{"start":{},"end":{}}],"line":973},"93":{"loc":{"start":{"line":1007,"column":6},"end":{"line":1007,"column":43}},"type":"if","locations":[{"start":{"line":1007,"column":6},"end":{"line":1007,"column":43}},{"start":{},"end":{}}],"line":1007},"94":{"loc":{"start":{"line":1008,"column":6},"end":{"line":1008,"column":56}},"type":"if","locations":[{"start":{"line":1008,"column":6},"end":{"line":1008,"column":56}},{"start":{},"end":{}}],"line":1008},"95":{"loc":{"start":{"line":1008,"column":10},"end":{"line":1008,"column":47}},"type":"binary-expr","locations":[{"start":{"line":1008,"column":10},"end":{"line":1008,"column":26}},{"start":{"line":1008,"column":30},"end":{"line":1008,"column":47}}],"line":1008},"96":{"loc":{"start":{"line":1010,"column":6},"end":{"line":1023,"column":7}},"type":"if","locations":[{"start":{"line":1010,"column":6},"end":{"line":1023,"column":7}},{"start":{"line":1012,"column":13},"end":{"line":1023,"column":7}}],"line":1010},"97":{"loc":{"start":{"line":1010,"column":10},"end":{"line":1010,"column":56}},"type":"binary-expr","locations":[{"start":{"line":1010,"column":10},"end":{"line":1010,"column":35}},{"start":{"line":1010,"column":39},"end":{"line":1010,"column":56}}],"line":1010},"98":{"loc":{"start":{"line":1012,"column":13},"end":{"line":1023,"column":7}},"type":"if","locations":[{"start":{"line":1012,"column":13},"end":{"line":1023,"column":7}},{"start":{"line":1014,"column":13},"end":{"line":1023,"column":7}}],"line":1012},"99":{"loc":{"start":{"line":1012,"column":17},"end":{"line":1012,"column":63}},"type":"binary-expr","locations":[{"start":{"line":1012,"column":17},"end":{"line":1012,"column":43}},{"start":{"line":1012,"column":47},"end":{"line":1012,"column":63}}],"line":1012},"100":{"loc":{"start":{"line":1014,"column":13},"end":{"line":1023,"column":7}},"type":"if","locations":[{"start":{"line":1014,"column":13},"end":{"line":1023,"column":7}},{"start":{"line":1019,"column":13},"end":{"line":1023,"column":7}}],"line":1014},"101":{"loc":{"start":{"line":1016,"column":8},"end":{"line":1018,"column":9}},"type":"if","locations":[{"start":{"line":1016,"column":8},"end":{"line":1018,"column":9}},{"start":{},"end":{}}],"line":1016},"102":{"loc":{"start":{"line":1019,"column":13},"end":{"line":1023,"column":7}},"type":"if","locations":[{"start":{"line":1019,"column":13},"end":{"line":1023,"column":7}},{"start":{"line":1021,"column":13},"end":{"line":1023,"column":7}}],"line":1019},"103":{"loc":{"start":{"line":1019,"column":17},"end":{"line":1019,"column":62}},"type":"binary-expr","locations":[{"start":{"line":1019,"column":17},"end":{"line":1019,"column":42}},{"start":{"line":1019,"column":46},"end":{"line":1019,"column":62}}],"line":1019},"104":{"loc":{"start":{"line":1021,"column":13},"end":{"line":1023,"column":7}},"type":"if","locations":[{"start":{"line":1021,"column":13},"end":{"line":1023,"column":7}},{"start":{},"end":{}}],"line":1021},"105":{"loc":{"start":{"line":1027,"column":6},"end":{"line":1029,"column":7}},"type":"if","locations":[{"start":{"line":1027,"column":6},"end":{"line":1029,"column":7}},{"start":{},"end":{}}],"line":1027},"106":{"loc":{"start":{"line":1044,"column":7},"end":{"line":1044,"column":67}},"type":"binary-expr","locations":[{"start":{"line":1044,"column":7},"end":{"line":1044,"column":20}},{"start":{"line":1044,"column":24},"end":{"line":1044,"column":67}}],"line":1044},"107":{"loc":{"start":{"line":1047,"column":7},"end":{"line":1054,"column":7}},"type":"binary-expr","locations":[{"start":{"line":1047,"column":7},"end":{"line":1047,"column":12}},{"start":{"line":1048,"column":8},"end":{"line":1053,"column":14}}],"line":1047},"108":{"loc":{"start":{"line":1057,"column":7},"end":{"line":1098,"column":7}},"type":"binary-expr","locations":[{"start":{"line":1057,"column":7},"end":{"line":1057,"column":29}},{"start":{"line":1057,"column":33},"end":{"line":1057,"column":47}},{"start":{"line":1058,"column":8},"end":{"line":1097,"column":14}}],"line":1057},"109":{"loc":{"start":{"line":1065,"column":19},"end":{"line":1065,"column":61}},"type":"cond-expr","locations":[{"start":{"line":1065,"column":36},"end":{"line":1065,"column":46}},{"start":{"line":1065,"column":49},"end":{"line":1065,"column":61}}],"line":1065},"110":{"loc":{"start":{"line":1068,"column":19},"end":{"line":1080,"column":19}},"type":"binary-expr","locations":[{"start":{"line":1068,"column":19},"end":{"line":1068,"column":34}},{"start":{"line":1069,"column":20},"end":{"line":1079,"column":23}}],"line":1068},"111":{"loc":{"start":{"line":1101,"column":7},"end":{"line":1113,"column":7}},"type":"binary-expr","locations":[{"start":{"line":1101,"column":7},"end":{"line":1101,"column":29}},{"start":{"line":1101,"column":33},"end":{"line":1101,"column":47}},{"start":{"line":1102,"column":8},"end":{"line":1112,"column":14}}],"line":1101},"112":{"loc":{"start":{"line":1103,"column":11},"end":{"line":1111,"column":11}},"type":"cond-expr","locations":[{"start":{"line":1104,"column":12},"end":{"line":1108,"column":13}},{"start":{"line":1110,"column":12},"end":{"line":1110,"column":69}}],"line":1103},"113":{"loc":{"start":{"line":1104,"column":12},"end":{"line":1108,"column":13}},"type":"cond-expr","locations":[{"start":{"line":1105,"column":14},"end":{"line":1105,"column":70}},{"start":{"line":1107,"column":14},"end":{"line":1107,"column":59}}],"line":1104},"114":{"loc":{"start":{"line":1115,"column":7},"end":{"line":1119,"column":7}},"type":"binary-expr","locations":[{"start":{"line":1115,"column":7},"end":{"line":1115,"column":22}},{"start":{"line":1115,"column":26},"end":{"line":1115,"column":40}},{"start":{"line":1116,"column":8},"end":{"line":1118,"column":14}}],"line":1115},"115":{"loc":{"start":{"line":1122,"column":7},"end":{"line":1149,"column":7}},"type":"binary-expr","locations":[{"start":{"line":1122,"column":7},"end":{"line":1122,"column":20}},{"start":{"line":1122,"column":24},"end":{"line":1122,"column":28}},{"start":{"line":1122,"column":32},"end":{"line":1122,"column":42}},{"start":{"line":1123,"column":8},"end":{"line":1148,"column":14}}],"line":1122},"116":{"loc":{"start":{"line":1130,"column":20},"end":{"line":1130,"column":72}},"type":"cond-expr","locations":[{"start":{"line":1130,"column":33},"end":{"line":1130,"column":41}},{"start":{"line":1130,"column":44},"end":{"line":1130,"column":72}}],"line":1130},"117":{"loc":{"start":{"line":1130,"column":44},"end":{"line":1130,"column":72}},"type":"cond-expr","locations":[{"start":{"line":1130,"column":58},"end":{"line":1130,"column":67}},{"start":{"line":1130,"column":70},"end":{"line":1130,"column":72}}],"line":1130},"118":{"loc":{"start":{"line":1152,"column":7},"end":{"line":1190,"column":7}},"type":"binary-expr","locations":[{"start":{"line":1152,"column":7},"end":{"line":1152,"column":31}},{"start":{"line":1153,"column":8},"end":{"line":1189,"column":14}}],"line":1152},"119":{"loc":{"start":{"line":1156,"column":15},"end":{"line":1162,"column":33}},"type":"cond-expr","locations":[{"start":{"line":1157,"column":18},"end":{"line":1159,"column":69}},{"start":{"line":1160,"column":18},"end":{"line":1162,"column":33}}],"line":1156},"120":{"loc":{"start":{"line":1157,"column":18},"end":{"line":1159,"column":69}},"type":"cond-expr","locations":[{"start":{"line":1158,"column":20},"end":{"line":1158,"column":61}},{"start":{"line":1159,"column":20},"end":{"line":1159,"column":69}}],"line":1157},"121":{"loc":{"start":{"line":1160,"column":18},"end":{"line":1162,"column":33}},"type":"cond-expr","locations":[{"start":{"line":1161,"column":20},"end":{"line":1161,"column":39}},{"start":{"line":1162,"column":20},"end":{"line":1162,"column":33}}],"line":1160},"122":{"loc":{"start":{"line":1166,"column":15},"end":{"line":1173,"column":15}},"type":"binary-expr","locations":[{"start":{"line":1166,"column":17},"end":{"line":1166,"column":32}},{"start":{"line":1167,"column":16},"end":{"line":1172,"column":25}}],"line":1166}},"s":{"0":1,"1":1,"2":1,"3":1,"4":1,"5":1,"6":1,"7":29,"8":580,"9":28,"10":28,"11":28,"12":28,"13":28,"14":28,"15":28,"16":28,"17":28,"18":28,"19":28,"20":28,"21":28,"22":28,"23":28,"24":28,"25":28,"26":28,"27":28,"28":28,"29":28,"30":28,"31":28,"32":0,"33":0,"34":0,"35":0,"36":0,"37":0,"38":0,"39":0,"40":0,"41":0,"42":28,"43":0,"44":0,"45":0,"46":0,"47":0,"48":0,"49":0,"50":0,"51":0,"52":0,"53":0,"54":0,"55":0,"56":0,"57":0,"58":0,"59":28,"60":0,"61":0,"62":0,"63":0,"64":0,"65":0,"66":0,"67":0,"68":0,"69":0,"70":28,"71":0,"72":0,"73":0,"74":0,"75":0,"76":0,"77":0,"78":0,"79":0,"80":0,"81":0,"82":0,"83":28,"84":0,"85":0,"86":0,"87":0,"88":0,"89":0,"90":0,"91":0,"92":0,"93":0,"94":0,"95":0,"96":0,"97":0,"98":0,"99":0,"100":0,"101":28,"102":0,"103":0,"104":0,"105":28,"106":0,"107":0,"108":0,"109":28,"110":0,"111":0,"112":0,"113":0,"114":0,"115":0,"116":0,"117":0,"118":0,"119":0,"120":0,"121":0,"122":28,"123":0,"124":0,"125":0,"126":0,"127":0,"128":0,"129":0,"130":0,"131":0,"132":0,"133":0,"134":0,"135":0,"136":0,"137":28,"138":0,"139":0,"140":0,"141":0,"142":0,"143":0,"144":0,"145":0,"146":0,"147":0,"148":0,"149":0,"150":0,"151":0,"152":0,"153":0,"154":0,"155":0,"156":0,"157":28,"158":0,"159":0,"160":0,"161":0,"162":0,"163":0,"164":0,"165":0,"166":0,"167":0,"168":0,"169":0,"170":28,"171":0,"172":0,"173":0,"174":0,"175":0,"176":0,"177":0,"178":0,"179":0,"180":0,"181":0,"182":0,"183":0,"184":0,"185":0,"186":0,"187":0,"188":0,"189":0,"190":0,"191":0,"192":0,"193":0,"194":0,"195":0,"196":0,"197":0,"198":0,"199":0,"200":0,"201":0,"202":0,"203":28,"204":0,"205":0,"206":0,"207":0,"208":0,"209":0,"210":0,"211":0,"212":0,"213":0,"214":0,"215":0,"216":0,"217":0,"218":0,"219":0,"220":0,"221":0,"222":28,"223":0,"224":0,"225":0,"226":0,"227":0,"228":0,"229":0,"230":0,"231":0,"232":28,"233":0,"234":0,"235":0,"236":0,"237":0,"238":0,"239":0,"240":0,"241":0,"242":0,"243":28,"244":0,"245":0,"246":0,"247":0,"248":0,"249":0,"250":0,"251":0,"252":0,"253":0,"254":0,"255":0,"256":0,"257":0,"258":0,"259":0,"260":0,"261":0,"262":0,"263":0,"264":0,"265":0,"266":0,"267":0,"268":0,"269":0,"270":0,"271":0,"272":0,"273":0,"274":0,"275":0,"276":0,"277":0,"278":0,"279":0,"280":0,"281":0,"282":0,"283":0,"284":0,"285":28,"286":0,"287":0,"288":0,"289":0,"290":0,"291":0,"292":0,"293":0,"294":0,"295":0,"296":0,"297":0,"298":0,"299":28,"300":0,"301":0,"302":0,"303":0,"304":0,"305":28,"306":0,"307":0,"308":28,"309":0,"310":0,"311":0,"312":0,"313":0,"314":0,"315":0,"316":0,"317":0,"318":0,"319":0,"320":28,"321":0,"322":0,"323":0,"324":0,"325":0,"326":0,"327":0,"328":0,"329":0,"330":0,"331":0,"332":0,"333":0,"334":0,"335":0,"336":0,"337":0,"338":0,"339":0,"340":0,"341":0,"342":0,"343":0,"344":0,"345":0,"346":0,"347":0,"348":0,"349":0,"350":0,"351":0,"352":0,"353":0,"354":0,"355":0,"356":0,"357":0,"358":0,"359":0,"360":0,"361":0,"362":0,"363":0,"364":0,"365":0,"366":0,"367":0,"368":28,"369":0,"370":0,"371":28,"372":0,"373":0,"374":28,"375":0,"376":0,"377":28,"378":0,"379":0,"380":0,"381":0,"382":0,"383":0,"384":0,"385":0,"386":0,"387":0,"388":0,"389":0,"390":0,"391":0,"392":0,"393":28,"394":0,"395":0,"396":0,"397":28,"398":0,"399":0,"400":0,"401":28,"402":0,"403":0,"404":0,"405":0,"406":0,"407":0,"408":0,"409":0,"410":0,"411":0,"412":0,"413":0,"414":0,"415":0,"416":0,"417":0,"418":0,"419":0,"420":0,"421":0,"422":0,"423":0,"424":0,"425":0,"426":28,"427":0,"428":0,"429":0,"430":0,"431":0,"432":0,"433":0,"434":28,"435":0,"436":0,"437":0,"438":0,"439":0,"440":0,"441":0,"442":0,"443":0,"444":0,"445":28,"446":0,"447":0,"448":0,"449":0,"450":0,"451":0,"452":28,"453":0,"454":0,"455":0,"456":0,"457":0,"458":0,"459":0,"460":0,"461":0,"462":0,"463":0,"464":0,"465":0,"466":0,"467":0,"468":0,"469":0,"470":0,"471":0,"472":0,"473":0,"474":0,"475":0,"476":0,"477":0,"478":0,"479":0,"480":0,"481":28,"482":0,"483":0,"484":0,"485":0,"486":0,"487":0,"488":0,"489":0,"490":0,"491":0,"492":0,"493":0,"494":0,"495":0,"496":0,"497":0,"498":0,"499":0,"500":0},"f":{"0":29,"1":580,"2":28,"3":28,"4":28,"5":0,"6":0,"7":0,"8":0,"9":0,"10":0,"11":0,"12":0,"13":0,"14":0,"15":0,"16":0,"17":0,"18":0,"19":0,"20":0,"21":0,"22":0,"23":0,"24":0,"25":0,"26":0,"27":0,"28":0,"29":0,"30":0,"31":0,"32":0,"33":0,"34":0,"35":0,"36":0,"37":0,"38":0,"39":0,"40":0,"41":0,"42":0,"43":0,"44":0,"45":0,"46":0,"47":0,"48":0,"49":0,"50":0,"51":0,"52":0,"53":0,"54":0,"55":0,"56":0,"57":0,"58":0,"59":0,"60":0,"61":0,"62":0,"63":0,"64":0,"65":0,"66":0,"67":0,"68":0,"69":0,"70":0,"71":0,"72":0,"73":0,"74":0,"75":0,"76":0,"77":0,"78":0,"79":0,"80":0,"81":0,"82":0,"83":0,"84":0,"85":0,"86":0,"87":0,"88":0,"89":0,"90":0,"91":0,"92":0,"93":0,"94":0,"95":0,"96":0,"97":0,"98":0,"99":0,"100":0,"101":0,"102":0,"103":0,"104":0,"105":0,"106":0,"107":0,"108":0,"109":0,"110":0,"111":0,"112":0,"113":0,"114":0,"115":0,"116":0,"117":0,"118":0},"b":{"0":[28,28],"1":[0,0],"2":[0,0],"3":[0,0],"4":[0,0],"5":[0,0],"6":[0,0],"7":[0,0],"8":[0,0],"9":[0,0],"10":[0,0],"11":[0,0],"12":[0,0],"13":[0,0],"14":[0,0],"15":[0,0],"16":[0,0],"17":[0,0],"18":[0,0],"19":[0,0],"20":[0,0],"21":[0],"22":[0],"23":[0],"24":[0,0],"25":[0,0],"26":[0,0],"27":[0,0],"28":[0,0],"29":[0,0],"30":[0,0,0,0,0],"31":[0,0],"32":[0,0],"33":[0,0],"34":[0,0],"35":[0,0],"36":[0,0],"37":[0,0,0,0],"38":[0,0],"39":[0,0],"40":[0,0],"41":[0,0],"42":[0,0],"43":[0,0],"44":[0,0],"45":[0,0],"46":[0,0,0,0],"47":[0,0],"48":[0,0],"49":[0,0],"50":[0,0],"51":[0,0],"52":[0,0],"53":[0,0,0,0],"54":[0,0],"55":[0,0],"56":[0,0],"57":[0,0],"58":[0,0],"59":[0,0],"60":[0,0],"61":[0,0],"62":[0,0],"63":[0,0],"64":[0,0],"65":[0,0],"66":[0,0,0],"67":[0],"68":[0,0],"69":[0,0],"70":[0,0],"71":[0,0],"72":[0,0,0],"73":[0,0],"74":[0,0],"75":[0,0],"76":[0,0],"77":[0,0],"78":[0,0],"79":[0,0],"80":[0,0],"81":[0,0],"82":[0,0],"83":[0,0],"84":[0,0],"85":[0,0],"86":[0,0],"87":[0,0],"88":[0,0],"89":[0,0],"90":[0,0],"91":[0,0],"92":[0,0],"93":[0,0],"94":[0,0],"95":[0,0],"96":[0,0],"97":[0,0],"98":[0,0],"99":[0,0],"100":[0,0],"101":[0,0],"102":[0,0],"103":[0,0],"104":[0,0],"105":[0,0],"106":[0,0],"107":[0,0],"108":[0,0,0],"109":[0,0],"110":[0,0],"111":[0,0,0],"112":[0,0],"113":[0,0],"114":[0,0,0],"115":[0,0,0,0],"116":[0,0],"117":[0,0],"118":[0,0],"119":[0,0],"120":[0,0],"121":[0,0],"122":[0,0]},"_coverageSchema":"1a1c01bbd47fc00a2c39e90264f33305004495a9","hash":"9a385e59c213f478e4df7e1c8e780f11cd1984b4"}
,"/Users/sekhmet/Documents/Tetris/red-tetris/client/src/main.jsx": {"path":"/Users/sekhmet/Documents/Tetris/red-tetris/client/src/main.jsx","statementMap":{"0":{"start":{"line":6,"column":13},"end":{"line":6,"column":65}},"1":{"start":{"line":8,"column":0},"end":{"line":12,"column":2}}},"fnMap":{},"branchMap":{},"s":{"0":0,"1":0},"f":{},"b":{}}
}
