TN:
SF:src/App.jsx
FN:4,App
FNF:1
FNH:0
FNDA:0,App
DA:5,0
LF:1
LH:0
BRF:0
BRH:0
end_of_record
TN:
SF:src/TetrisGame.jsx
FN:149,TetrisGame
FN:151,(anonymous_1)
FN:174,(anonymous_2)
FN:176,(anonymous_3)
FN:179,(anonymous_4)
FN:181,(anonymous_5)
FN:201,(anonymous_6)
FN:203,(anonymous_7)
FN:209,(anonymous_8)
FN:227,(anonymous_9)
FN:233,(anonymous_10)
FN:236,(anonymous_11)
FN:242,(anonymous_12)
FN:244,(anonymous_13)
FN:248,(anonymous_14)
FN:254,(anonymous_15)
FN:265,(anonymous_16)
FN:276,(anonymous_17)
FN:298,(anonymous_18)
FN:308,(anonymous_19)
FN:310,(anonymous_20)
FN:310,(anonymous_21)
FN:314,(anonymous_22)
FN:315,(anonymous_23)
FN:316,(anonymous_24)
FN:323,(anonymous_25)
FN:329,(anonymous_26)
FN:330,(anonymous_27)
FN:336,(anonymous_28)
FN:350,(anonymous_29)
FN:352,(anonymous_30)
FN:377,(anonymous_31)
FN:420,(anonymous_32)
FN:423,(anonymous_33)
FN:441,(anonymous_34)
FN:442,(anonymous_35)
FN:449,(anonymous_36)
FN:450,(anonymous_37)
FN:474,(anonymous_38)
FN:482,(anonymous_39)
FN:485,(anonymous_40)
FN:508,(anonymous_41)
FN:514,(anonymous_42)
FN:524,(anonymous_43)
FN:525,(anonymous_44)
FN:550,(anonymous_45)
FN:564,(anonymous_46)
FN:572,(anonymous_47)
FN:576,(anonymous_48)
FN:584,(anonymous_49)
FN:599,(anonymous_50)
FN:602,(anonymous_51)
FN:603,(anonymous_52)
FN:626,(anonymous_53)
FN:633,(anonymous_54)
FN:636,(anonymous_55)
FN:655,(anonymous_56)
FN:667,(anonymous_57)
FN:678,(anonymous_58)
FN:691,(anonymous_59)
FN:692,(anonymous_60)
FN:700,(anonymous_61)
FN:705,(anonymous_62)
FN:712,(anonymous_63)
FN:715,(anonymous_64)
FN:728,(anonymous_65)
FN:732,(anonymous_66)
FN:735,(anonymous_67)
FN:749,(anonymous_68)
FN:764,(anonymous_69)
FN:774,(anonymous_70)
FN:782,(anonymous_71)
FN:788,(anonymous_72)
FN:789,(anonymous_73)
FN:790,(anonymous_74)
FN:798,(anonymous_75)
FN:801,(anonymous_76)
FN:802,(anonymous_77)
FN:805,(anonymous_78)
FN:816,(anonymous_79)
FN:823,(anonymous_80)
FN:830,(anonymous_81)
FN:843,(anonymous_82)
FN:847,(anonymous_83)
FN:866,(anonymous_84)
FN:873,(anonymous_85)
FN:877,(anonymous_86)
FN:883,(anonymous_87)
FN:892,(anonymous_88)
FN:897,(anonymous_89)
FN:923,(anonymous_90)
FN:932,(anonymous_91)
FN:938,(anonymous_92)
FN:955,(anonymous_93)
FN:956,handleGameOver
FN:969,(anonymous_95)
FN:972,(anonymous_96)
FN:978,(anonymous_97)
FN:991,(anonymous_98)
FN:992,(anonymous_99)
FN:999,(anonymous_100)
FN:1004,(anonymous_101)
FN:1006,(anonymous_102)
FN:1011,(anonymous_103)
FN:1013,(anonymous_104)
FN:1020,(anonymous_105)
FN:1026,(anonymous_106)
FN:1035,(anonymous_107)
FN:1049,(anonymous_108)
FN:1050,(anonymous_109)
FN:1061,(anonymous_110)
FN:1070,(anonymous_111)
FN:1075,(anonymous_112)
FN:1087,(anonymous_113)
FN:1104,(anonymous_114)
FN:1125,(anonymous_115)
FN:1126,(anonymous_116)
FN:1138,(anonymous_117)
FN:1176,(anonymous_118)
FNF:119
FNH:5
FNDA:29,TetrisGame
FNDA:580,(anonymous_1)
FNDA:28,(anonymous_2)
FNDA:28,(anonymous_3)
FNDA:28,(anonymous_4)
FNDA:0,(anonymous_5)
FNDA:0,(anonymous_6)
FNDA:0,(anonymous_7)
FNDA:0,(anonymous_8)
FNDA:0,(anonymous_9)
FNDA:0,(anonymous_10)
FNDA:0,(anonymous_11)
FNDA:0,(anonymous_12)
FNDA:0,(anonymous_13)
FNDA:0,(anonymous_14)
FNDA:0,(anonymous_15)
FNDA:0,(anonymous_16)
FNDA:0,(anonymous_17)
FNDA:0,(anonymous_18)
FNDA:0,(anonymous_19)
FNDA:0,(anonymous_20)
FNDA:0,(anonymous_21)
FNDA:0,(anonymous_22)
FNDA:0,(anonymous_23)
FNDA:0,(anonymous_24)
FNDA:0,(anonymous_25)
FNDA:0,(anonymous_26)
FNDA:0,(anonymous_27)
FNDA:0,(anonymous_28)
FNDA:0,(anonymous_29)
FNDA:0,(anonymous_30)
FNDA:0,(anonymous_31)
FNDA:0,(anonymous_32)
FNDA:0,(anonymous_33)
FNDA:0,(anonymous_34)
FNDA:0,(anonymous_35)
FNDA:0,(anonymous_36)
FNDA:0,(anonymous_37)
FNDA:0,(anonymous_38)
FNDA:0,(anonymous_39)
FNDA:0,(anonymous_40)
FNDA:0,(anonymous_41)
FNDA:0,(anonymous_42)
FNDA:0,(anonymous_43)
FNDA:0,(anonymous_44)
FNDA:0,(anonymous_45)
FNDA:0,(anonymous_46)
FNDA:0,(anonymous_47)
FNDA:0,(anonymous_48)
FNDA:0,(anonymous_49)
FNDA:0,(anonymous_50)
FNDA:0,(anonymous_51)
FNDA:0,(anonymous_52)
FNDA:0,(anonymous_53)
FNDA:0,(anonymous_54)
FNDA:0,(anonymous_55)
FNDA:0,(anonymous_56)
FNDA:0,(anonymous_57)
FNDA:0,(anonymous_58)
FNDA:0,(anonymous_59)
FNDA:0,(anonymous_60)
FNDA:0,(anonymous_61)
FNDA:0,(anonymous_62)
FNDA:0,(anonymous_63)
FNDA:0,(anonymous_64)
FNDA:0,(anonymous_65)
FNDA:0,(anonymous_66)
FNDA:0,(anonymous_67)
FNDA:0,(anonymous_68)
FNDA:0,(anonymous_69)
FNDA:0,(anonymous_70)
FNDA:0,(anonymous_71)
FNDA:0,(anonymous_72)
FNDA:0,(anonymous_73)
FNDA:0,(anonymous_74)
FNDA:0,(anonymous_75)
FNDA:0,(anonymous_76)
FNDA:0,(anonymous_77)
FNDA:0,(anonymous_78)
FNDA:0,(anonymous_79)
FNDA:0,(anonymous_80)
FNDA:0,(anonymous_81)
FNDA:0,(anonymous_82)
FNDA:0,(anonymous_83)
FNDA:0,(anonymous_84)
FNDA:0,(anonymous_85)
FNDA:0,(anonymous_86)
FNDA:0,(anonymous_87)
FNDA:0,(anonymous_88)
FNDA:0,(anonymous_89)
FNDA:0,(anonymous_90)
FNDA:0,(anonymous_91)
FNDA:0,(anonymous_92)
FNDA:0,(anonymous_93)
FNDA:0,handleGameOver
FNDA:0,(anonymous_95)
FNDA:0,(anonymous_96)
FNDA:0,(anonymous_97)
FNDA:0,(anonymous_98)
FNDA:0,(anonymous_99)
FNDA:0,(anonymous_100)
FNDA:0,(anonymous_101)
FNDA:0,(anonymous_102)
FNDA:0,(anonymous_103)
FNDA:0,(anonymous_104)
FNDA:0,(anonymous_105)
FNDA:0,(anonymous_106)
FNDA:0,(anonymous_107)
FNDA:0,(anonymous_108)
FNDA:0,(anonymous_109)
FNDA:0,(anonymous_110)
FNDA:0,(anonymous_111)
FNDA:0,(anonymous_112)
FNDA:0,(anonymous_113)
FNDA:0,(anonymous_114)
FNDA:0,(anonymous_115)
FNDA:0,(anonymous_116)
FNDA:0,(anonymous_117)
FNDA:0,(anonymous_118)
DA:6,1
DA:10,1
DA:11,1
DA:12,1
DA:13,1
DA:15,1
DA:147,1
DA:150,29
DA:151,580
DA:153,28
DA:154,28
DA:155,28
DA:156,28
DA:157,28
DA:158,28
DA:159,28
DA:164,28
DA:165,28
DA:166,28
DA:167,28
DA:168,28
DA:169,28
DA:170,28
DA:171,28
DA:173,28
DA:174,28
DA:175,28
DA:176,28
DA:179,28
DA:181,28
DA:182,0
DA:183,0
DA:184,0
DA:186,0
DA:187,0
DA:188,0
DA:189,0
DA:190,0
DA:191,0
DA:197,0
DA:201,28
DA:202,0
DA:204,0
DA:205,0
DA:207,0
DA:210,0
DA:211,0
DA:212,0
DA:213,0
DA:214,0
DA:215,0
DA:216,0
DA:217,0
DA:218,0
DA:224,0
DA:228,0
DA:229,0
DA:233,28
DA:234,0
DA:235,0
DA:237,0
DA:238,0
DA:240,0
DA:243,0
DA:244,0
DA:246,0
DA:249,0
DA:250,0
DA:254,28
DA:255,0
DA:256,0
DA:259,0
DA:262,0
DA:263,0
DA:265,0
DA:266,0
DA:267,0
DA:268,0
DA:269,0
DA:270,0
DA:272,0
DA:276,28
DA:277,0
DA:278,0
DA:281,0
DA:284,0
DA:285,0
DA:286,0
DA:289,0
DA:290,0
DA:291,0
DA:294,0
DA:296,0
DA:298,0
DA:299,0
DA:300,0
DA:301,0
DA:302,0
DA:304,0
DA:308,28
DA:309,0
DA:310,0
DA:314,28
DA:315,0
DA:316,0
DA:322,28
DA:324,0
DA:325,0
DA:329,0
DA:330,0
DA:333,0
DA:334,0
DA:336,0
DA:338,0
DA:340,0
DA:341,0
DA:343,0
DA:350,28
DA:351,0
DA:353,0
DA:356,0
DA:357,0
DA:358,0
DA:359,0
DA:360,0
DA:361,0
DA:362,0
DA:363,0
DA:364,0
DA:365,0
DA:371,0
DA:372,0
DA:376,28
DA:378,0
DA:379,0
DA:382,0
DA:383,0
DA:384,0
DA:387,0
DA:388,0
DA:391,0
DA:394,0
DA:396,0
DA:397,0
DA:398,0
DA:399,0
DA:400,0
DA:402,0
DA:408,0
DA:414,0
DA:419,28
DA:421,0
DA:422,0
DA:423,0
DA:424,0
DA:425,0
DA:426,0
DA:429,0
DA:430,0
DA:431,0
DA:436,0
DA:441,28
DA:442,0
DA:444,0
DA:445,0
DA:446,0
DA:449,0
DA:450,0
DA:451,0
DA:452,0
DA:453,0
DA:454,0
DA:460,0
DA:466,0
DA:467,0
DA:469,0
DA:470,0
DA:471,0
DA:473,0
DA:474,0
DA:475,0
DA:476,0
DA:477,0
DA:478,0
DA:481,0
DA:482,0
DA:483,0
DA:484,0
DA:485,0
DA:490,0
DA:492,0
DA:493,0
DA:508,28
DA:509,0
DA:510,0
DA:514,0
DA:516,0
DA:518,0
DA:519,0
DA:520,0
DA:524,0
DA:525,0
DA:526,0
DA:527,0
DA:528,0
DA:529,0
DA:536,0
DA:543,0
DA:545,0
DA:546,0
DA:550,28
DA:551,0
DA:552,0
DA:553,0
DA:555,0
DA:556,0
DA:557,0
DA:558,0
DA:559,0
DA:560,0
DA:564,28
DA:565,0
DA:566,0
DA:567,0
DA:570,0
DA:572,0
DA:573,0
DA:576,0
DA:577,0
DA:578,0
DA:581,0
DA:584,28
DA:585,0
DA:588,0
DA:589,0
DA:593,0
DA:596,0
DA:599,0
DA:602,0
DA:603,0
DA:604,0
DA:605,0
DA:606,0
DA:607,0
DA:613,0
DA:620,0
DA:621,0
DA:622,0
DA:625,0
DA:626,0
DA:627,0
DA:628,0
DA:629,0
DA:630,0
DA:632,0
DA:633,0
DA:634,0
DA:635,0
DA:636,0
DA:641,0
DA:643,0
DA:644,0
DA:649,0
DA:650,0
DA:651,0
DA:654,0
DA:655,0
DA:660,0
DA:661,0
DA:662,0
DA:667,28
DA:669,0
DA:671,0
DA:672,0
DA:673,0
DA:674,0
DA:675,0
DA:676,0
DA:677,0
DA:679,0
DA:682,0
DA:683,0
DA:688,0
DA:691,28
DA:692,0
DA:693,0
DA:697,0
DA:700,0
DA:701,0
DA:705,28
DA:707,0
DA:708,0
DA:712,28
DA:714,0
DA:715,0
DA:716,0
DA:717,0
DA:718,0
DA:719,0
DA:721,0
DA:725,0
DA:726,0
DA:728,0
DA:732,28
DA:734,0
DA:735,0
DA:736,0
DA:738,0
DA:739,0
DA:740,0
DA:741,0
DA:744,0
DA:745,0
DA:746,0
DA:747,0
DA:748,0
DA:750,0
DA:753,0
DA:754,0
DA:755,0
DA:756,0
DA:757,0
DA:764,0
DA:765,0
DA:766,0
DA:771,0
DA:774,0
DA:775,0
DA:780,0
DA:781,0
DA:783,0
DA:786,0
DA:787,0
DA:788,0
DA:789,0
DA:791,0
DA:796,0
DA:797,0
DA:798,0
DA:799,0
DA:801,0
DA:802,0
DA:803,0
DA:805,0
DA:806,0
DA:807,0
DA:808,0
DA:809,0
DA:811,0
DA:816,28
DA:818,0
DA:819,0
DA:823,28
DA:825,0
DA:826,0
DA:830,28
DA:832,0
DA:833,0
DA:843,28
DA:844,0
DA:845,0
DA:847,0
DA:848,0
DA:853,0
DA:854,0
DA:855,0
DA:858,0
DA:859,0
DA:860,0
DA:861,0
DA:864,0
DA:866,0
DA:867,0
DA:868,0
DA:873,28
DA:875,0
DA:877,0
DA:879,0
DA:883,28
DA:885,0
DA:886,0
DA:887,0
DA:892,28
DA:894,0
DA:896,0
DA:898,0
DA:900,0
DA:901,0
DA:904,0
DA:905,0
DA:906,0
DA:907,0
DA:910,0
DA:911,0
DA:915,0
DA:916,0
DA:917,0
DA:920,0
DA:923,0
DA:932,0
DA:938,0
DA:939,0
DA:940,0
DA:955,28
DA:957,0
DA:958,0
DA:959,0
DA:968,0
DA:969,0
DA:972,28
DA:973,0
DA:974,0
DA:977,0
DA:979,0
DA:982,0
DA:983,0
DA:984,0
DA:985,0
DA:986,0
DA:987,0
DA:991,28
DA:992,0
DA:993,0
DA:994,0
DA:997,0
DA:999,0
DA:1000,0
DA:1004,28
DA:1006,0
DA:1007,0
DA:1008,0
DA:1010,0
DA:1011,0
DA:1012,0
DA:1013,0
DA:1014,0
DA:1015,0
DA:1016,0
DA:1017,0
DA:1019,0
DA:1020,0
DA:1021,0
DA:1022,0
DA:1026,0
DA:1027,0
DA:1028,0
DA:1032,0
DA:1033,0
DA:1035,0
DA:1036,0
DA:1037,0
DA:1041,28
DA:1049,0
DA:1050,0
DA:1062,0
DA:1070,0
DA:1075,0
DA:1088,0
DA:1089,0
DA:1090,0
DA:1091,0
DA:1092,0
DA:1104,0
DA:1126,0
DA:1127,0
DA:1139,0
DA:1140,0
DA:1141,0
DA:1142,0
DA:1143,0
DA:1177,0
LF:471
LH:62
BRDA:176,0,0,28
BRDA:176,0,1,28
BRDA:182,1,0,0
BRDA:182,1,1,0
BRDA:182,2,0,0
BRDA:182,2,1,0
BRDA:187,3,0,0
BRDA:187,3,1,0
BRDA:204,4,0,0
BRDA:204,4,1,0
BRDA:210,5,0,0
BRDA:210,5,1,0
BRDA:214,6,0,0
BRDA:214,6,1,0
BRDA:237,7,0,0
BRDA:237,7,1,0
BRDA:244,8,0,0
BRDA:244,8,1,0
BRDA:255,9,0,0
BRDA:255,9,1,0
BRDA:267,10,0,0
BRDA:267,10,1,0
BRDA:267,11,0,0
BRDA:267,11,1,0
BRDA:277,12,0,0
BRDA:277,12,1,0
BRDA:284,13,0,0
BRDA:284,13,1,0
BRDA:284,14,0,0
BRDA:284,14,1,0
BRDA:289,15,0,0
BRDA:289,15,1,0
BRDA:299,16,0,0
BRDA:299,16,1,0
BRDA:299,17,0,0
BRDA:299,17,1,0
BRDA:316,18,0,0
BRDA:316,18,1,0
BRDA:324,19,0,0
BRDA:324,19,1,0
BRDA:371,20,0,0
BRDA:371,20,1,0
BRDA:377,21,0,0
BRDA:377,22,0,0
BRDA:377,23,0,0
BRDA:378,24,0,0
BRDA:378,24,1,0
BRDA:378,25,0,0
BRDA:378,25,1,0
BRDA:382,26,0,0
BRDA:382,26,1,0
BRDA:387,27,0,0
BRDA:387,27,1,0
BRDA:398,28,0,0
BRDA:398,28,1,0
BRDA:402,29,0,0
BRDA:402,29,1,0
BRDA:403,30,0,0
BRDA:403,30,1,0
BRDA:403,30,2,0
BRDA:403,30,3,0
BRDA:403,30,4,0
BRDA:423,31,0,0
BRDA:423,31,1,0
BRDA:429,32,0,0
BRDA:429,32,1,0
BRDA:444,33,0,0
BRDA:444,33,1,0
BRDA:444,34,0,0
BRDA:444,34,1,0
BRDA:451,35,0,0
BRDA:451,35,1,0
BRDA:454,36,0,0
BRDA:454,36,1,0
BRDA:455,37,0,0
BRDA:455,37,1,0
BRDA:455,37,2,0
BRDA:455,37,3,0
BRDA:473,38,0,0
BRDA:473,38,1,0
BRDA:481,39,0,0
BRDA:481,39,1,0
BRDA:484,40,0,0
BRDA:484,40,1,0
BRDA:509,41,0,0
BRDA:509,41,1,0
BRDA:518,42,0,0
BRDA:518,42,1,0
BRDA:518,43,0,0
BRDA:518,43,1,0
BRDA:526,44,0,0
BRDA:526,44,1,0
BRDA:529,45,0,0
BRDA:529,45,1,0
BRDA:530,46,0,0
BRDA:530,46,1,0
BRDA:530,46,2,0
BRDA:530,46,3,0
BRDA:555,47,0,0
BRDA:555,47,1,0
BRDA:557,48,0,0
BRDA:557,48,1,0
BRDA:565,49,0,0
BRDA:565,49,1,0
BRDA:565,50,0,0
BRDA:565,50,1,0
BRDA:604,51,0,0
BRDA:604,51,1,0
BRDA:607,52,0,0
BRDA:607,52,1,0
BRDA:608,53,0,0
BRDA:608,53,1,0
BRDA:608,53,2,0
BRDA:608,53,3,0
BRDA:625,54,0,0
BRDA:625,54,1,0
BRDA:632,55,0,0
BRDA:632,55,1,0
BRDA:635,56,0,0
BRDA:635,56,1,0
BRDA:654,57,0,0
BRDA:654,57,1,0
BRDA:658,58,0,0
BRDA:658,58,1,0
BRDA:660,59,0,0
BRDA:660,59,1,0
BRDA:669,60,0,0
BRDA:669,60,1,0
BRDA:707,61,0,0
BRDA:707,61,1,0
BRDA:707,62,0,0
BRDA:707,62,1,0
BRDA:714,63,0,0
BRDA:714,63,1,0
BRDA:734,64,0,0
BRDA:734,64,1,0
BRDA:738,65,0,0
BRDA:738,65,1,0
BRDA:738,66,0,0
BRDA:738,66,1,0
BRDA:738,66,2,0
BRDA:764,67,0,0
BRDA:768,68,0,0
BRDA:768,68,1,0
BRDA:769,69,0,0
BRDA:769,69,1,0
BRDA:786,70,0,0
BRDA:786,70,1,0
BRDA:818,71,0,0
BRDA:818,71,1,0
BRDA:818,72,0,0
BRDA:818,72,1,0
BRDA:818,72,2,0
BRDA:825,73,0,0
BRDA:825,73,1,0
BRDA:825,74,0,0
BRDA:825,74,1,0
BRDA:844,75,0,0
BRDA:844,75,1,0
BRDA:853,76,0,0
BRDA:853,76,1,0
BRDA:853,77,0,0
BRDA:853,77,1,0
BRDA:875,78,0,0
BRDA:875,78,1,0
BRDA:876,79,0,0
BRDA:876,79,1,0
BRDA:877,80,0,0
BRDA:877,80,1,0
BRDA:885,81,0,0
BRDA:885,81,1,0
BRDA:886,82,0,0
BRDA:886,82,1,0
BRDA:894,83,0,0
BRDA:894,83,1,0
BRDA:894,84,0,0
BRDA:894,84,1,0
BRDA:898,85,0,0
BRDA:898,85,1,0
BRDA:900,86,0,0
BRDA:900,86,1,0
BRDA:910,87,0,0
BRDA:910,87,1,0
BRDA:911,88,0,0
BRDA:911,88,1,0
BRDA:917,89,0,0
BRDA:917,89,1,0
BRDA:935,90,0,0
BRDA:935,90,1,0
BRDA:957,91,0,0
BRDA:957,91,1,0
BRDA:973,92,0,0
BRDA:973,92,1,0
BRDA:1007,93,0,0
BRDA:1007,93,1,0
BRDA:1008,94,0,0
BRDA:1008,94,1,0
BRDA:1008,95,0,0
BRDA:1008,95,1,0
BRDA:1010,96,0,0
BRDA:1010,96,1,0
BRDA:1010,97,0,0
BRDA:1010,97,1,0
BRDA:1012,98,0,0
BRDA:1012,98,1,0
BRDA:1012,99,0,0
BRDA:1012,99,1,0
BRDA:1014,100,0,0
BRDA:1014,100,1,0
BRDA:1016,101,0,0
BRDA:1016,101,1,0
BRDA:1019,102,0,0
BRDA:1019,102,1,0
BRDA:1019,103,0,0
BRDA:1019,103,1,0
BRDA:1021,104,0,0
BRDA:1021,104,1,0
BRDA:1027,105,0,0
BRDA:1027,105,1,0
BRDA:1044,106,0,0
BRDA:1044,106,1,0
BRDA:1047,107,0,0
BRDA:1047,107,1,0
BRDA:1057,108,0,0
BRDA:1057,108,1,0
BRDA:1057,108,2,0
BRDA:1065,109,0,0
BRDA:1065,109,1,0
BRDA:1068,110,0,0
BRDA:1068,110,1,0
BRDA:1101,111,0,0
BRDA:1101,111,1,0
BRDA:1101,111,2,0
BRDA:1103,112,0,0
BRDA:1103,112,1,0
BRDA:1104,113,0,0
BRDA:1104,113,1,0
BRDA:1115,114,0,0
BRDA:1115,114,1,0
BRDA:1115,114,2,0
BRDA:1122,115,0,0
BRDA:1122,115,1,0
BRDA:1122,115,2,0
BRDA:1122,115,3,0
BRDA:1130,116,0,0
BRDA:1130,116,1,0
BRDA:1130,117,0,0
BRDA:1130,117,1,0
BRDA:1152,118,0,0
BRDA:1152,118,1,0
BRDA:1156,119,0,0
BRDA:1156,119,1,0
BRDA:1157,120,0,0
BRDA:1157,120,1,0
BRDA:1160,121,0,0
BRDA:1160,121,1,0
BRDA:1166,122,0,0
BRDA:1166,122,1,0
BRF:258
BRH:2
end_of_record
TN:
SF:src/main.jsx
FNF:0
FNH:0
DA:6,0
DA:8,0
LF:2
LH:0
BRF:0
BRH:0
end_of_record
